#
# A fatal error has been detected by the Java Runtime Environment:
#
#  EXCEPTION_ACCESS_VIOLATION (0xc0000005) at pc=0x00007ffb87111b91, pid=13588, tid=40820
#
# JRE version:  (17.0.13+11) (build )
# Java VM: OpenJDK 64-Bit Server VM (17.0.13+11, mixed mode, sharing, tiered, unknown gc, windows-amd64)
# Problematic frame:
# C  [jimage.dll+0x1b91]
#
# No core dump will be written. Minidumps are not enabled by default on client versions of Windows
#
#

---------------  S U M M A R Y ------------

Command Line: 

Host: Intel(R) Core(TM) i7-10875H CPU @ 2.30GHz, 16 cores, 31G,  Windows 11 , 64 bit Build 22621 (10.0.22621.4391)
Time: Sun Dec 15 23:11:10 2024 West-Europa (standaardtijd) elapsed time: 0.010330 seconds (0d 0h 0m 0s)

---------------  T H R E A D  ---------------

Current thread is native thread

Stack: [0x00000079b5200000,0x00000079b5300000],  sp=0x00000079b52fdb90,  free space=1014k
Native frames: (J=compiled Java code, j=interpreted, Vv=VM code, C=native code)
C  [jimage.dll+0x1b91]


siginfo: EXCEPTION_ACCESS_VIOLATION (0xc0000005), reading address 0x0000000000009f44


Registers:
RAX=0x00000000000007fe, RBX=0x00000079b52fdc81, RCX=0x00007ffb87116000, RDX=0x00000000000027ca
RSP=0x00000079b52fdb90, RBP=0x00000079b52fdc80, RSI=0x00000000000071e7, RDI=0x00000079b52fdc80
R8 =0x00007ffb87114298, R9 =0x000000000000001c, R10=0x00007ffb6fa90000, R11=0x00007ffb87116000
R12=0x0000000000000002, R13=0x0000019256f28500, R14=0x00000079b52fecf0, R15=0x00007ffabcfcccf8
RIP=0x00007ffb87111b91, EFLAGS=0x0000000000010247


Top of Stack: (sp=0x00000079b52fdb90)
0x00000079b52fdb90:   000000000001ccb0 00007ffba375013f
0x00000079b52fdba0:   0000019256f10000 00000079b52fdbf0
0x00000079b52fdbb0:   0000019256f2db00 00007ffb87111d1b
0x00000079b52fdbc0:   000000000000000b 0000019256f2db00
0x00000079b52fdbd0:   0000000000000000 0000000000000000
0x00000079b52fdbe0:   0000000000000000 0000000000000000
0x00000079b52fdbf0:   0000000000000000 0000000000000000
0x00000079b52fdc00:   0000000000000000 0000000000000000
0x00000079b52fdc10:   0000000000000000 0000000000000000
0x00000079b52fdc20:   0000e3bc41001c73 0000000000000000
0x00000079b52fdc30:   00007ffabcfab830 0000000000000017
0x00000079b52fdc40:   0000019256f2db00 00000079b52fecf0
0x00000079b52fdc50:   000000000000000b 00007ffb871125dd
0x00000079b52fdc60:   0000000000000000 0000000000000000
0x00000079b52fdc70:   00007ffb9e33606b 0000000000000000
0x00000079b52fdc80:   61622e6176616a2f 692f6b646a2f6573
0x00000079b52fdc90:   2f6c616e7265746e 6f6974706f2f6d76
0x00000079b52fdca0:   00007ffa0000736e 00007ffabcd0bafa
0x00000079b52fdcb0:   00007ffabc87fe66 00007ffabc880420
0x00000079b52fdcc0:   0000000000000000 00007ffabce7992c
0x00000079b52fdcd0:   0000304bc03056c8 0000019256f19cb0
0x00000079b52fdce0:   0000000000000000 0000000000000000
0x00000079b52fdcf0:   00000000000003ff 0000000000000009
0x00000079b52fdd00:   0000000000000000 00007ffba36b2364
0x00000079b52fdd10:   0000019256f10150 00007ffb9e334c57
0x00000079b52fdd20:   00007ffb9e4cf6f0 00007ffb9e4cf6f0
0x00000079b52fdd30:   00007ffb9e334c57 00000079b52fdd50
0x00000079b52fdd40:   0000000056f19c00 0000000000000001
0x00000079b52fdd50:   00007ffba36bfaf0 00007ffb9e4cf6f0
0x00000079b52fdd60:   00007ffb00000001 0000000000000000
0x00000079b52fdd70:   0000019256f19cb0 0000019256f44980
0x00000079b52fdd80:   0000019256f69fc0 00007ffba36d666b 

Instructions: (pc=0x00007ffb87111b91)
0x00007ffb87111a91:   48 85 c9 74 1d 80 3d 73 45 00 00 00 74 06 48 8b
0x00007ffb87111aa1:   53 18 eb 04 48 8b 53 40 e8 8a 0e 00 00 48 83 63
0x00007ffb87111ab1:   48 00 8b 4b 0c 83 f9 ff 74 09 e8 c0 0c 00 00 83
0x00007ffb87111ac1:   4b 0c ff 48 8b 4b 70 48 85 c9 74 0f ba 10 00 00
0x00007ffb87111ad1:   00 e8 d9 0e 00 00 48 83 63 70 00 48 83 c4 20 5b
0x00007ffb87111ae1:   c3 cc cc 40 53 48 83 ec 20 48 8b d9 48 8d 0d 2c
0x00007ffb87111af1:   47 00 00 e8 8f 0c 00 00 83 6b 08 01 75 24 48 8b
0x00007ffb87111b01:   d3 48 8d 0d 0f 45 00 00 e8 1a 08 00 00 48 8b cb
0x00007ffb87111b11:   e8 d6 fe ff ff ba 78 00 00 00 48 8b cb e8 8d 0e
0x00007ffb87111b21:   00 00 48 8d 0d f6 46 00 00 48 83 c4 20 5b e9 5c
0x00007ffb87111b31:   0c 00 00 48 89 5c 24 08 48 89 74 24 10 57 48 83
0x00007ffb87111b41:   ec 20 41 8b f1 4d 8b c8 48 8b fa 4c 8b d9 4d 85
0x00007ffb87111b51:   c0 74 73 85 f6 74 6f 44 8a 12 48 8d 5a 01 48 8b
0x00007ffb87111b61:   d3 b8 93 01 00 01 eb 12 69 c0 93 01 00 01 41 0f
0x00007ffb87111b71:   b6 ca 44 8a 12 33 c1 48 ff c2 45 84 d2 75 e9 4d
0x00007ffb87111b81:   8b 03 33 d2 0f ba f0 1f 49 8b cb f7 f6 48 63 d2
0x00007ffb87111b91:   41 8b 14 91 41 ff 50 08 85 c0 7e 24 8a 0f eb 10
0x00007ffb87111ba1:   69 c0 93 01 00 01 0f b6 c9 33 c1 8a 0b 48 ff c3
0x00007ffb87111bb1:   84 c9 75 ec 0f ba f0 1f 33 d2 f7 f6 8b c2 eb 09
0x00007ffb87111bc1:   79 04 f7 d0 eb 03 83 c8 ff 48 8b 5c 24 30 48 8b
0x00007ffb87111bd1:   74 24 38 48 83 c4 20 5f c3 cc cc 48 89 5c 24 08
0x00007ffb87111be1:   48 89 74 24 10 57 48 83 ec 20 48 8b f1 48 8d 0d
0x00007ffb87111bf1:   2b 46 00 00 e8 8e 0b 00 00 33 ff 39 3d 16 44 00
0x00007ffb87111c01:   00 76 24 48 8b 05 15 44 00 00 48 8b d6 48 8b 1c
0x00007ffb87111c11:   f8 48 8b 0b e8 60 1e 00 00 85 c0 74 2b ff c7 3b
0x00007ffb87111c21:   3d f2 43 00 00 72 dc 33 db 48 8d 0d ef 45 00 00
0x00007ffb87111c31:   e8 5a 0b 00 00 48 8b 74 24 38 48 8b c3 48 8b 5c
0x00007ffb87111c41:   24 30 48 83 c4 20 5f c3 ff 43 08 eb dc cc cc 48
0x00007ffb87111c51:   89 5c 24 08 48 89 74 24 10 57 48 83 ec 20 48 8b
0x00007ffb87111c61:   d9 48 8b f2 48 8b 49 10 49 8b f8 8b 53 30 48 8b
0x00007ffb87111c71:   01 ff 50 20 4c 8b 43 50 48 8b d6 48 8b 4b 10 44
0x00007ffb87111c81:   8b c8 e8 ac fe ff ff 83 f8 ff 74 38 48 8b 4b 10 



---------------  P R O C E S S  ---------------

VM state: not at safepoint (not fully initialized)

VM Mutex/Monitor currently owned by a thread: None

GC Precious Log:
<Not initialized>


Dynamic libraries:
0x00007ff6e2210000 - 0x00007ff6e221e000 	c:\Users\Ad\.vscode\extensions\redhat.java-1.37.0-win32-x64\jre\17.0.13-win32-x86_64\bin\java.exe
0x00007ffba3690000 - 0x00007ffba38a7000 	C:\WINDOWS\SYSTEM32\ntdll.dll
0x00007ffba2a70000 - 0x00007ffba2b34000 	C:\WINDOWS\System32\KERNEL32.DLL
0x00007ffba0d20000 - 0x00007ffba10d9000 	C:\WINDOWS\System32\KERNELBASE.dll
0x00007ffb9a980000 - 0x00007ffb9aa17000 	C:\WINDOWS\SYSTEM32\apphelp.dll
0x00007ffba0ab0000 - 0x00007ffba0bc1000 	C:\WINDOWS\System32\ucrtbase.dll
0x00007ffb8c560000 - 0x00007ffb8c577000 	c:\Users\Ad\.vscode\extensions\redhat.java-1.37.0-win32-x64\jre\17.0.13-win32-x86_64\bin\jli.dll
0x00007ffb6fa90000 - 0x00007ffb6faae000 	c:\Users\Ad\.vscode\extensions\redhat.java-1.37.0-win32-x64\jre\17.0.13-win32-x86_64\bin\VCRUNTIME140.dll
0x00007ffba1b50000 - 0x00007ffba1cfe000 	C:\WINDOWS\System32\USER32.dll
0x00007ffb6d270000 - 0x00007ffb6d502000 	C:\WINDOWS\WinSxS\amd64_microsoft.windows.common-controls_6595b64144ccf1df_6.0.22621.4391_none_2715d37f73803e96\COMCTL32.dll
0x00007ffba0cf0000 - 0x00007ffba0d16000 	C:\WINDOWS\System32\win32u.dll
0x00007ffba2850000 - 0x00007ffba2879000 	C:\WINDOWS\System32\GDI32.dll
0x00007ffba1e40000 - 0x00007ffba1ee7000 	C:\WINDOWS\System32\msvcrt.dll
0x00007ffba0990000 - 0x00007ffba0aab000 	C:\WINDOWS\System32\gdi32full.dll
0x00007ffba1250000 - 0x00007ffba12ea000 	C:\WINDOWS\System32\msvcp_win.dll
0x00007ffba2880000 - 0x00007ffba28b1000 	C:\WINDOWS\System32\IMM32.DLL
0x00007ffb87150000 - 0x00007ffb8715c000 	c:\Users\Ad\.vscode\extensions\redhat.java-1.37.0-win32-x64\jre\17.0.13-win32-x86_64\bin\vcruntime140_1.dll
0x00007ffb54840000 - 0x00007ffb548cd000 	c:\Users\Ad\.vscode\extensions\redhat.java-1.37.0-win32-x64\jre\17.0.13-win32-x86_64\bin\msvcp140.dll
0x00007ffabc690000 - 0x00007ffabd2fb000 	c:\Users\Ad\.vscode\extensions\redhat.java-1.37.0-win32-x64\jre\17.0.13-win32-x86_64\bin\server\jvm.dll
0x00007ffba2c60000 - 0x00007ffba2d12000 	C:\WINDOWS\System32\ADVAPI32.dll
0x00007ffba2770000 - 0x00007ffba2817000 	C:\WINDOWS\System32\sechost.dll
0x00007ffba0cc0000 - 0x00007ffba0ce8000 	C:\WINDOWS\System32\bcrypt.dll
0x00007ffba3040000 - 0x00007ffba3154000 	C:\WINDOWS\System32\RPCRT4.dll
0x00007ffba2fb0000 - 0x00007ffba3021000 	C:\WINDOWS\System32\WS2_32.dll
0x00007ffb9f7e0000 - 0x00007ffb9f82d000 	C:\WINDOWS\SYSTEM32\POWRPROF.dll
0x00007ffb90450000 - 0x00007ffb9045a000 	C:\WINDOWS\SYSTEM32\VERSION.dll
0x00007ffb9afe0000 - 0x00007ffb9b014000 	C:\WINDOWS\SYSTEM32\WINMM.dll
0x00007ffb9f7c0000 - 0x00007ffb9f7d3000 	C:\WINDOWS\SYSTEM32\UMPDC.dll
0x00007ffb9fa80000 - 0x00007ffb9fa98000 	C:\WINDOWS\SYSTEM32\kernel.appcore.dll
0x00007ffb87110000 - 0x00007ffb8711a000 	c:\Users\Ad\.vscode\extensions\redhat.java-1.37.0-win32-x64\jre\17.0.13-win32-x86_64\bin\jimage.dll
0x00007ffb9e320000 - 0x00007ffb9e552000 	C:\WINDOWS\SYSTEM32\DBGHELP.DLL
0x00007ffba32c0000 - 0x00007ffba364f000 	C:\WINDOWS\System32\combase.dll
0x00007ffba1d00000 - 0x00007ffba1dd7000 	C:\WINDOWS\System32\OLEAUT32.dll
0x00007ffb8b130000 - 0x00007ffb8b162000 	C:\WINDOWS\SYSTEM32\dbgcore.DLL
0x00007ffba0c40000 - 0x00007ffba0cbb000 	C:\WINDOWS\System32\bcryptPrimitives.dll

dbghelp: loaded successfully - version: 4.0.5 - missing functions: none
symbol engine: initialization error.

VM Arguments:
java_command: <unknown>
java_class_path (initial): <not set>
Launcher Type: SUN_STANDARD

[Global flags]
     bool UseLargePagesIndividualAllocation        = false                                  {pd product} {ergonomic}

Logging:
Log output configuration:
 #0: stdout all=warning uptime,level,tags
 #1: stderr all=off uptime,level,tags

Environment Variables:
JAVA_HOME=C:\Program Files\Java\jdk-20
PATH=C:\Python312\Scripts\;C:\Python312\;C:\Program Files (x86)\VMware\VMware Player\bin\;C:\Program Files\Common Files\Oracle\Java\javapath;C:\Program Files (x86)\Common Files\Oracle\Java\java8path;C:\Program Files (x86)\Common Files\Oracle\Java\javapath;C:\users\admin\appdata\roaming\npm;C:\Windows\system32;C:\Windows;C:\Windows\System32\Wbem;C:\Windows\System32\WindowsPowerShell\v1.0\;C:\Windows\System32\OpenSSH\;C:\Program Files (x86)\NVIDIA Corporation\PhysX\Common;C:\Program Files\NVIDIA Corporation\NVIDIA NvDLISR;E:\CucumberSetup\apache-maven-3.6.3\bin;C:\Program Files\Git\cmd;C:\bin;C:\Program Files\Java\jdk-20\bin;C:\Program Files\Docker\Docker\resources\bin;C:\ProgramData\DockerDesktop\version-bin;C:\WINDOWS\system32;C:\WINDOWS;C:\WINDOWS\System32\Wbem;C:\WINDOWS\System32\WindowsPowerShell\v1.0\;C:\WINDOWS\System32\OpenSSH\;C:\Program Files\dotnet\;C:\ProgramData\chocolatey\bin;"C:\Users\Ad\AppData\Roaming\npm;C:\Users\Ad\AppData\Local\Programs\Python\Python39\Scripts\;C:\Users\Ad\AppData\Local\Programs\Python\Python39\;C:\Users\Ad\AppData\Local\Microsoft\WindowsApps;%IntelliJ IDEA%;C:\Users\Ad\AppData\Local\JetBrains\Toolbox\scripts;%IntelliJ IDEA Co";C:\Program Files\MySQL\MySQL Server 8.0\bin;C:\ProgramData\nvm;C:\Program Files\nodejs;C:\Drivers;C:\Program Files\MySQL\MySQL Shell 8.0\bin\;node_modules\npm\;C:\Users\Ad\AppData\Local\Microsoft\WindowsApps;C:\Program Files\JetBrains\IntelliJ IDEA 2023.3.3\bin;;C:\Users\Ad\AppData\Local\JetBrains\Toolbox\scripts;C:\Program Files\JetBrains\IntelliJ IDEA Community Edition 2023.3.3\bin;;C:\Users\Ad\AppData\Local\Programs\Microsoft VS Code\bin;C:\Users\Ad\AppData\Roaming\npm;C:\Users\Ad\AppData\Roaming\nvm;C:\Program Files\nodejs;;C:\Program Files\JetBrains\PyCharm Community Edition 2024.2.1\bin;
USERNAME=Ad
OS=Windows_NT
PROCESSOR_IDENTIFIER=Intel64 Family 6 Model 165 Stepping 2, GenuineIntel
TMP=C:\Users\Ad\AppData\Local\Temp
TEMP=C:\Users\Ad\AppData\Local\Temp



Periodic native trim disabled


---------------  S Y S T E M  ---------------

OS:
 Windows 11 , 64 bit Build 22621 (10.0.22621.4391)
OS uptime: 28 days 1:30 hours

CPU: total 16 (initial active 0) 
Processor Information for all 16 processors :
  Max Mhz: 2304, Current Mhz: 2304, Mhz Limit: 2304

Memory: 4k page, system-wide physical 32553M (11334M free)
TotalPageFile size 130857M (AvailPageFile size 4M)
current process WorkingSet (physical memory assigned to process): 8M, peak: 8M
current process commit charge ("private bytes"): 2M, peak: 2M

vm_info: OpenJDK 64-Bit Server VM (17.0.13+11) for windows-amd64 JRE (17.0.13+11), built on Oct 16 2024 00:10:08 by "admin" with MS VC++ 17.7 (VS2022)

END.
