#
# There is insufficient memory for the Java Runtime Environment to continue.
# Native memory allocation (malloc) failed to allocate 583280 bytes. Error detail: Chunk::new
# Possible reasons:
#   The system is out of physical RAM or swap space
#   This process is running with CompressedOops enabled, and the Java Heap may be blocking the growth of the native heap
# Possible solutions:
#   Reduce memory load on the system
#   Increase physical memory or swap space
#   Check if swap backing store is full
#   Decrease Java heap size (-Xmx/-Xms)
#   Decrease number of Java threads
#   Decrease Java thread stack sizes (-Xss)
#   Set larger code cache with -XX:ReservedCodeCacheSize=
#   JVM is running with Unscaled Compressed Oops mode in which the Java heap is
#     placed in the first 4GB address space. The Java Heap base address is the
#     maximum limit for the native heap growth. Please use -XX:HeapBaseMinAddress
#     to set the Java Heap base and to place the Java Heap above 4GB virtual address.
# This output file may be truncated or incomplete.
#
#  Out of Memory Error (arena.cpp:191), pid=79348, tid=31316
#
# JRE version: OpenJDK Runtime Environment Temurin-17.0.13+11 (17.0.13+11) (build 17.0.13+11)
# Java VM: OpenJDK 64-Bit Server VM Temurin-17.0.13+11 (17.0.13+11, mixed mode, tiered, compressed oops, compressed class ptrs, parallel gc, windows-amd64)
# No core dump will be written. Minidumps are not enabled by default on client versions of Windows
#

---------------  S U M M A R Y ------------

Command Line: --add-modules=ALL-SYSTEM --add-opens=java.base/java.util=ALL-UNNAMED --add-opens=java.base/java.lang=ALL-UNNAMED --add-opens=java.base/sun.nio.fs=ALL-UNNAMED -Declipse.application=org.eclipse.jdt.ls.core.id1 -Dosgi.bundles.defaultStartLevel=4 -Declipse.product=org.eclipse.jdt.ls.core.product -Djava.import.generatesMetadataFilesAtProjectRoot=false -DDetectVMInstallationsJob.disabled=true -Dfile.encoding=utf8 -XX:+UseParallelGC -XX:GCTimeRatio=4 -XX:AdaptiveSizePolicyWeight=90 -Dsun.zip.disableMemoryMapping=true -Xmx1G -Xms100m -Xlog:disable -javaagent:c:\Users\Ad\.vscode\extensions\redhat.java-1.37.0-win32-x64\lombok\lombok-1.18.34.jar c:\Users\Ad\.vscode\extensions\redhat.java-1.37.0-win32-x64\server\plugins\org.eclipse.equinox.launcher_1.6.900.v20240613-2009.jar -configuration c:\Users\Ad\AppData\Roaming\Code\User\globalStorage\redhat.java\1.37.0\config_ss_win -data c:\Users\Ad\AppData\Roaming\Code\User\workspaceStorage\b95c9d7ffc3bfe689f39d6e21a554354\redhat.java\ss_ws --pipe=\\.\pipe\lsp-29ebb03eaeb61b7126166168a8f1f7d3-sock

Host: Intel(R) Core(TM) i7-10875H CPU @ 2.30GHz, 16 cores, 31G,  Windows 11 , 64 bit Build 22621 (10.0.22621.4391)
Time: Sun Dec 15 23:11:17 2024 West-Europa (standaardtijd) elapsed time: 0.735828 seconds (0d 0h 0m 0s)

---------------  T H R E A D  ---------------

Current thread (0x000002832cea3df0):  JavaThread "C2 CompilerThread2" daemon [_thread_in_native, id=31316, stack(0x000000b2fb900000,0x000000b2fba00000)]


Current CompileTask:
C2:    735  833   !   4       java.util.jar.Attributes::read (498 bytes)

Stack: [0x000000b2fb900000,0x000000b2fba00000]
Native frames: (J=compiled Java code, j=interpreted, Vv=VM code, C=native code)
V  [jvm.dll+0x682a19]
V  [jvm.dll+0x839538]
V  [jvm.dll+0x83afe3]
V  [jvm.dll+0x83b653]
V  [jvm.dll+0x24704f]
V  [jvm.dll+0xace34]
V  [jvm.dll+0xad4cc]
V  [jvm.dll+0x36597e]
V  [jvm.dll+0x32fbd8]
V  [jvm.dll+0x32f05a]
V  [jvm.dll+0x21804f]
V  [jvm.dll+0x21748f]
V  [jvm.dll+0x1a3070]
V  [jvm.dll+0x22788c]
V  [jvm.dll+0x2259eb]
V  [jvm.dll+0x7eec98]
V  [jvm.dll+0x7e8ffc]
V  [jvm.dll+0x6818f7]
C  [ucrtbase.dll+0x29333]
C  [KERNEL32.DLL+0x1259d]
C  [ntdll.dll+0x5af38]


---------------  P R O C E S S  ---------------

Threads class SMR info:
_java_thread_list=0x000002832eedb3d0, length=17, elements={
0x0000028313c426f0, 0x000002832ccbc030, 0x000002832ccbe660, 0x000002832cceb010,
0x000002832cceb7b0, 0x000002832ccef1f0, 0x000002832ccf1360, 0x000002832ccfd280,
0x000002832ccff8a0, 0x000002832cd12e60, 0x000002832ce02f90, 0x000002832ce1c6c0,
0x000002832cea2810, 0x000002832cea3df0, 0x000002832ee13ad0, 0x000002832ee13ff0,
0x000002832eed8dc0
}

Java Threads: ( => current thread )
  0x0000028313c426f0 JavaThread "main" [_thread_in_vm, id=91012, stack(0x000000b2faa00000,0x000000b2fab00000)]
  0x000002832ccbc030 JavaThread "Reference Handler" daemon [_thread_blocked, id=67720, stack(0x000000b2fad00000,0x000000b2fae00000)]
  0x000002832ccbe660 JavaThread "Finalizer" daemon [_thread_blocked, id=98936, stack(0x000000b2fae00000,0x000000b2faf00000)]
  0x000002832cceb010 JavaThread "Signal Dispatcher" daemon [_thread_blocked, id=90892, stack(0x000000b2faf00000,0x000000b2fb000000)]
  0x000002832cceb7b0 JavaThread "Attach Listener" daemon [_thread_blocked, id=84640, stack(0x000000b2fb000000,0x000000b2fb100000)]
  0x000002832ccef1f0 JavaThread "Service Thread" daemon [_thread_blocked, id=16948, stack(0x000000b2fb100000,0x000000b2fb200000)]
  0x000002832ccf1360 JavaThread "Monitor Deflation Thread" daemon [_thread_blocked, id=37188, stack(0x000000b2fb200000,0x000000b2fb300000)]
  0x000002832ccfd280 JavaThread "C2 CompilerThread0" daemon [_thread_blocked, id=44628, stack(0x000000b2fb300000,0x000000b2fb400000)]
  0x000002832ccff8a0 JavaThread "C1 CompilerThread0" daemon [_thread_blocked, id=61872, stack(0x000000b2fb400000,0x000000b2fb500000)]
  0x000002832cd12e60 JavaThread "Sweeper thread" daemon [_thread_blocked, id=87352, stack(0x000000b2fb500000,0x000000b2fb600000)]
  0x000002832ce02f90 JavaThread "Common-Cleaner" daemon [_thread_blocked, id=12608, stack(0x000000b2fb600000,0x000000b2fb700000)]
  0x000002832ce1c6c0 JavaThread "C1 CompilerThread1" daemon [_thread_blocked, id=66668, stack(0x000000b2fb700000,0x000000b2fb800000)]
  0x000002832cea2810 JavaThread "C2 CompilerThread1" daemon [_thread_blocked, id=33564, stack(0x000000b2fb800000,0x000000b2fb900000)]
=>0x000002832cea3df0 JavaThread "C2 CompilerThread2" daemon [_thread_in_native, id=31316, stack(0x000000b2fb900000,0x000000b2fba00000)]
  0x000002832ee13ad0 JavaThread "C1 CompilerThread2" daemon [_thread_in_native, id=94336, stack(0x000000b2fba00000,0x000000b2fbb00000)]
  0x000002832ee13ff0 JavaThread "C1 CompilerThread3" daemon [_thread_blocked, id=32156, stack(0x000000b2fbb00000,0x000000b2fbc00000)]
  0x000002832eed8dc0 JavaThread "Notification Thread" daemon [_thread_blocked, id=105056, stack(0x000000b2fbc00000,0x000000b2fbd00000)]

Other Threads:
  0x0000028313cdece0 VMThread "VM Thread" [stack: 0x000000b2fac00000,0x000000b2fad00000] [id=71148]
  0x000002832eed92a0 WatcherThread [stack: 0x000000b2fbd00000,0x000000b2fbe00000] [id=78068]
  0x0000028313c57510 GCTaskThread "GC Thread#0" [stack: 0x000000b2fab00000,0x000000b2fac00000] [id=59088]
  0x000002832f7197d0 GCTaskThread "GC Thread#1" [stack: 0x000000b2fbe00000,0x000000b2fbf00000] [id=49400]
  0x000002832f719130 GCTaskThread "GC Thread#2" [stack: 0x000000b2fbf00000,0x000000b2fc000000] [id=68904]
  0x000002832f349040 GCTaskThread "GC Thread#3" [stack: 0x000000b2fc000000,0x000000b2fc100000] [id=21564]
  0x000002832f4075f0 GCTaskThread "GC Thread#4" [stack: 0x000000b2fc100000,0x000000b2fc200000] [id=72152]
  0x000002832f2c2a90 GCTaskThread "GC Thread#5" [stack: 0x000000b2fc200000,0x000000b2fc300000] [id=26060]

Threads with active compile tasks:
C2 CompilerThread2      884  833   !   4       java.util.jar.Attributes::read (498 bytes)
C1 CompilerThread2      884 1095   !   3       java.util.concurrent.ConcurrentHashMap::computeIfAbsent (578 bytes)
C1 CompilerThread3      885 1096       3       java.util.zip.ZipCoder$UTF8ZipCoder::hasTrailingSlash (20 bytes)

VM state: not at safepoint (normal execution)

VM Mutex/Monitor currently owned by a thread: None

Heap address: 0x00000000c0000000, size: 1024 MB, Compressed Oops mode: 32-bit

CDS archive(s) not mapped
Compressed class space mapped at: 0x0000000100000000-0x0000000140000000, reserved size: 1073741824
Narrow klass base: 0x0000000000000000, Narrow klass shift: 3, Narrow klass range: 0x140000000

GC Precious Log:
 CPUs: 16 total, 16 available
 Memory: 32553M
 Large Page Support: Disabled
 NUMA Support: Disabled
 Compressed Oops: Enabled (32-bit)
 Alignments: Space 512K, Generation 512K, Heap 2M
 Heap Min Capacity: 100M
 Heap Initial Capacity: 100M
 Heap Max Capacity: 1G
 Pre-touch: Disabled
 Parallel Workers: 13

Heap:
 PSYoungGen      total 29696K, used 8310K [0x00000000eab00000, 0x00000000ecc00000, 0x0000000100000000)
  eden space 25600K, 20% used [0x00000000eab00000,0x00000000eb016098,0x00000000ec400000)
  from space 4096K, 75% used [0x00000000ec400000,0x00000000ec7077c8,0x00000000ec800000)
  to   space 4096K, 0% used [0x00000000ec800000,0x00000000ec800000,0x00000000ecc00000)
 ParOldGen       total 68608K, used 16K [0x00000000c0000000, 0x00000000c4300000, 0x00000000eab00000)
  object space 68608K, 0% used [0x00000000c0000000,0x00000000c0004000,0x00000000c4300000)
 Metaspace       used 11528K, committed 11648K, reserved 1114112K
  class space    used 1152K, committed 1216K, reserved 1048576K

Card table byte_map: [0x00000283135c0000,0x00000283137d0000] _byte_map_base: 0x0000028312fc0000

Marking Bits: (ParMarkBitMap*) 0x00007ffabd236940
 Begin Bits: [0x00000283258c0000, 0x00000283268c0000)
 End Bits:   [0x00000283268c0000, 0x00000283278c0000)

Polling page: 0x0000028311900000

Metaspace:

Usage:
  Non-class:     10.13 MB used.
      Class:      1.13 MB used.
       Both:     11.26 MB used.

Virtual space:
  Non-class space:       64.00 MB reserved,      10.19 MB ( 16%) committed,  1 nodes.
      Class space:        1.00 GB reserved,       1.19 MB ( <1%) committed,  1 nodes.
             Both:        1.06 GB reserved,      11.38 MB (  1%) committed. 

Chunk freelists:
   Non-Class:  5.83 MB
       Class:  14.64 MB
        Both:  20.47 MB

MaxMetaspaceSize: unlimited
CompressedClassSpaceSize: 1.00 GB
Initial GC threshold: 21.00 MB
Current GC threshold: 21.00 MB
CDS: off
MetaspaceReclaimPolicy: balanced
 - commit_granule_bytes: 65536.
 - commit_granule_words: 8192.
 - virtual_space_node_default_size: 8388608.
 - enlarge_chunks_in_place: 1.
 - new_chunks_are_fully_committed: 0.
 - uncommit_free_chunks: 1.
 - use_allocation_guard: 0.
 - handle_deallocations: 1.


Internal statistics:

num_allocs_failed_limit: 0.
num_arena_births: 32.
num_arena_deaths: 0.
num_vsnodes_births: 2.
num_vsnodes_deaths: 0.
num_space_committed: 182.
num_space_uncommitted: 0.
num_chunks_returned_to_freelist: 0.
num_chunks_taken_from_freelist: 119.
num_chunk_merges: 0.
num_chunk_splits: 82.
num_chunks_enlarged: 71.
num_inconsistent_stats: 0.

CodeHeap 'non-profiled nmethods': size=119168Kb used=437Kb max_used=437Kb free=118730Kb
 bounds [0x000002831e460000, 0x000002831e6d0000, 0x00000283258c0000]
CodeHeap 'profiled nmethods': size=119104Kb used=1854Kb max_used=1854Kb free=117249Kb
 bounds [0x00000283168c0000, 0x0000028316b30000, 0x000002831dd10000]
CodeHeap 'non-nmethods': size=7488Kb used=2836Kb max_used=2863Kb free=4651Kb
 bounds [0x000002831dd10000, 0x000002831dfe0000, 0x000002831e460000]
 total_blobs=1535 nmethods=1095 adapters=352
 compilation: enabled
              stopped_count=0, restarted_count=0
 full_count=0

Compilation events (20 events):
Event: 0.719 Thread 0x000002832ccfd280 nmethod 858% 0x000002831e4ba690 code [0x000002831e4ba820, 0x000002831e4bab78]
Event: 0.719 Thread 0x000002832cea2810 nmethod 865% 0x000002831e4bad90 code [0x000002831e4baf20, 0x000002831e4bb118]
Event: 0.720 Thread 0x000002832ccfd280  869       4       java.lang.String::startsWith (138 bytes)
Event: 0.723 Thread 0x000002832ce1c6c0  870       3       java.util.regex.Pattern$SliceI::match (96 bytes)
Event: 0.723 Thread 0x000002832ce1c6c0 nmethod 870 0x0000028316a1c390 code [0x0000028316a1c580, 0x0000028316a1cb98]
Event: 0.724 Thread 0x000002832ee13ff0  871       3       java.util.ArrayList::<init> (61 bytes)
Event: 0.724 Thread 0x000002832ee13ff0 nmethod 871 0x0000028316a1cd90 code [0x0000028316a1cfe0, 0x0000028316a1d898]
Event: 0.724 Thread 0x000002832ce1c6c0  872       3       org.eclipse.osgi.internal.util.Tokenizer::skipWhiteSpace (58 bytes)
Event: 0.725 Thread 0x000002832cea2810  873       4       java.util.HashMap::put (13 bytes)
Event: 0.725 Thread 0x000002832ccff8a0  874       3       java.util.AbstractCollection::addAll (42 bytes)
Event: 0.725 Thread 0x000002832ce1c6c0 nmethod 872 0x0000028316a1db90 code [0x0000028316a1dd40, 0x0000028316a1e018]
Event: 0.725 Thread 0x000002832ee13ad0  875       1       java.nio.Buffer::position (5 bytes)
Event: 0.725 Thread 0x000002832ee13ff0  876       3       java.lang.StringLatin1::inflate (34 bytes)
Event: 0.726 Thread 0x000002832ccff8a0 nmethod 874 0x0000028316a1e110 code [0x0000028316a1e300, 0x0000028316a1e818]
Event: 0.726 Thread 0x000002832ee13ad0 nmethod 875 0x000002831e4bb310 code [0x000002831e4bb4a0, 0x000002831e4bb578]
Event: 0.726 Thread 0x000002832ee13ff0 nmethod 876 0x0000028316a1e990 code [0x0000028316a1eb40, 0x0000028316a1ed38]
Event: 0.726 Thread 0x000002832ccfd280 nmethod 869 0x000002831e4bb610 code [0x000002831e4bb7a0, 0x000002831e4bb9d8]
Event: 0.726 Thread 0x000002832ee13ad0  878       1       java.security.CodeSource::getLocationNoFragString (5 bytes)
Event: 0.726 Thread 0x000002832ccfd280  877       4       java.util.HashMap::putVal (300 bytes)
Event: 0.727 Thread 0x000002832ee13ad0 nmethod 878 0x000002831e4bbb90 code [0x000002831e4bbd20, 0x000002831e4bbdf8]

GC Heap History (0 events):
No events

Dll operation events (8 events):
Event: 0.011 Loaded shared library c:\Users\Ad\.vscode\extensions\redhat.java-1.37.0-win32-x64\jre\17.0.13-win32-x86_64\bin\java.dll
Event: 0.165 Loaded shared library c:\Users\Ad\.vscode\extensions\redhat.java-1.37.0-win32-x64\jre\17.0.13-win32-x86_64\bin\zip.dll
Event: 0.168 Loaded shared library C:\Users\Ad\.vscode\extensions\redhat.java-1.37.0-win32-x64\jre\17.0.13-win32-x86_64\bin\instrument.dll
Event: 0.187 Loaded shared library C:\Users\Ad\.vscode\extensions\redhat.java-1.37.0-win32-x64\jre\17.0.13-win32-x86_64\bin\net.dll
Event: 0.189 Loaded shared library C:\Users\Ad\.vscode\extensions\redhat.java-1.37.0-win32-x64\jre\17.0.13-win32-x86_64\bin\nio.dll
Event: 0.198 Loaded shared library C:\Users\Ad\.vscode\extensions\redhat.java-1.37.0-win32-x64\jre\17.0.13-win32-x86_64\bin\zip.dll
Event: 0.215 Loaded shared library C:\Users\Ad\.vscode\extensions\redhat.java-1.37.0-win32-x64\jre\17.0.13-win32-x86_64\bin\jimage.dll
Event: 0.275 Loaded shared library c:\Users\Ad\.vscode\extensions\redhat.java-1.37.0-win32-x64\jre\17.0.13-win32-x86_64\bin\verify.dll

Deoptimization events (20 events):
Event: 0.710 Thread 0x0000028313c426f0 Uncommon trap: trap_request=0xffffffc6 fr.pc=0x000002831e4b3238 relative=0x0000000000000278
Event: 0.710 Thread 0x0000028313c426f0 Uncommon trap: reason=bimorphic_or_optimized_type_check action=maybe_recompile pc=0x000002831e4b3238 method=java.util.HashMap.getNode(Ljava/lang/Object;)Ljava/util/HashMap$Node; @ 128 c2
Event: 0.710 Thread 0x0000028313c426f0 DEOPT PACKING pc=0x000002831e4b3238 sp=0x000000b2faafd400
Event: 0.710 Thread 0x0000028313c426f0 DEOPT UNPACKING pc=0x000002831dd666a3 sp=0x000000b2faafd388 mode 2
Event: 0.724 Thread 0x0000028313c426f0 Uncommon trap: trap_request=0xffffffde fr.pc=0x000002831e4b0c30 relative=0x0000000000000a70
Event: 0.724 Thread 0x0000028313c426f0 Uncommon trap: reason=class_check action=maybe_recompile pc=0x000002831e4b0c30 method=java.util.HashMap.putVal(ILjava/lang/Object;Ljava/lang/Object;ZZ)Ljava/lang/Object; @ 203 c2
Event: 0.724 Thread 0x0000028313c426f0 DEOPT PACKING pc=0x000002831e4b0c30 sp=0x000000b2faafdfb0
Event: 0.724 Thread 0x0000028313c426f0 DEOPT UNPACKING pc=0x000002831dd666a3 sp=0x000000b2faafded8 mode 2
Event: 0.724 Thread 0x0000028313c426f0 Uncommon trap: trap_request=0xffffffde fr.pc=0x000002831e4b0c30 relative=0x0000000000000a70
Event: 0.724 Thread 0x0000028313c426f0 Uncommon trap: reason=class_check action=maybe_recompile pc=0x000002831e4b0c30 method=java.util.HashMap.putVal(ILjava/lang/Object;Ljava/lang/Object;ZZ)Ljava/lang/Object; @ 203 c2
Event: 0.724 Thread 0x0000028313c426f0 DEOPT PACKING pc=0x000002831e4b0c30 sp=0x000000b2faafdfb0
Event: 0.724 Thread 0x0000028313c426f0 DEOPT UNPACKING pc=0x000002831dd666a3 sp=0x000000b2faafded8 mode 2
Event: 0.724 Thread 0x0000028313c426f0 Uncommon trap: trap_request=0xffffffde fr.pc=0x000002831e4b0c30 relative=0x0000000000000a70
Event: 0.724 Thread 0x0000028313c426f0 Uncommon trap: reason=class_check action=maybe_recompile pc=0x000002831e4b0c30 method=java.util.HashMap.putVal(ILjava/lang/Object;Ljava/lang/Object;ZZ)Ljava/lang/Object; @ 203 c2
Event: 0.724 Thread 0x0000028313c426f0 DEOPT PACKING pc=0x000002831e4b0c30 sp=0x000000b2faafdfb0
Event: 0.724 Thread 0x0000028313c426f0 DEOPT UNPACKING pc=0x000002831dd666a3 sp=0x000000b2faafded8 mode 2
Event: 0.724 Thread 0x0000028313c426f0 Uncommon trap: trap_request=0xffffffde fr.pc=0x000002831e4b0c30 relative=0x0000000000000a70
Event: 0.724 Thread 0x0000028313c426f0 Uncommon trap: reason=class_check action=maybe_recompile pc=0x000002831e4b0c30 method=java.util.HashMap.putVal(ILjava/lang/Object;Ljava/lang/Object;ZZ)Ljava/lang/Object; @ 203 c2
Event: 0.724 Thread 0x0000028313c426f0 DEOPT PACKING pc=0x000002831e4b0c30 sp=0x000000b2faafdfb0
Event: 0.724 Thread 0x0000028313c426f0 DEOPT UNPACKING pc=0x000002831dd666a3 sp=0x000000b2faafded8 mode 2

Classes loaded (20 events):
Event: 0.702 Loading class jdk/internal/logger/BootstrapLogger$RedirectedLoggers
Event: 0.703 Loading class jdk/internal/logger/BootstrapLogger$RedirectedLoggers done
Event: 0.703 Loading class jdk/internal/logger/SurrogateLogger
Event: 0.703 Loading class jdk/internal/logger/SimpleConsoleLogger
Event: 0.703 Loading class sun/util/logging/PlatformLogger$ConfigurableBridge$LoggerConfiguration
Event: 0.703 Loading class sun/util/logging/PlatformLogger$ConfigurableBridge$LoggerConfiguration done
Event: 0.704 Loading class jdk/internal/logger/SimpleConsoleLogger done
Event: 0.704 Loading class jdk/internal/logger/SurrogateLogger done
Event: 0.704 Loading class sun/util/logging/PlatformLogger
Event: 0.704 Loading class sun/util/logging/PlatformLogger done
Event: 0.704 Loading class sun/util/logging/PlatformLogger$Level
Event: 0.704 Loading class sun/util/logging/PlatformLogger$Level done
Event: 0.721 Loading class java/io/BufferedReader
Event: 0.721 Loading class java/io/BufferedReader done
Event: 0.721 Loading class sun/nio/cs/StreamDecoder
Event: 0.722 Loading class sun/nio/cs/StreamDecoder done
Event: 0.722 Loading class sun/nio/cs/UTF_8$Decoder
Event: 0.722 Loading class sun/nio/cs/UTF_8$Decoder done
Event: 0.722 Loading class java/nio/charset/CoderResult
Event: 0.722 Loading class java/nio/charset/CoderResult done

Classes unloaded (0 events):
No events

Classes redefined (0 events):
No events

Internal exceptions (9 events):
Event: 0.139 Thread 0x0000028313c426f0 Exception <a 'java/lang/NoSuchMethodError'{0x00000000eacb66b0}: 'void java.lang.invoke.DirectMethodHandle$Holder.invokeStatic(java.lang.Object, java.lang.Object, java.lang.Object)'> (0x00000000eacb66b0) 
thrown [s\src\hotspot\share\interpreter\linkResolver.cpp, line 759]
Event: 0.300 Thread 0x0000028313c426f0 Exception <a 'java/lang/reflect/InvocationTargetException'{0x00000000eb16af40}> (0x00000000eb16af40) 
thrown [s\src\hotspot\share\runtime\reflection.cpp, line 1128]
Event: 0.572 Thread 0x0000028313c426f0 Exception <a 'java/lang/ClassNotFoundException'{0x00000000eba02168}: sun/net/www/protocol/c/Handler> (0x00000000eba02168) 
thrown [s\src\hotspot\share\classfile\systemDictionary.cpp, line 256]
Event: 0.576 Thread 0x0000028313c426f0 Exception <a 'java/io/FileNotFoundException'{0x00000000eba19d50}> (0x00000000eba19d50) 
thrown [s\src\hotspot\share\prims\jni.cpp, line 516]
Event: 0.576 Thread 0x0000028313c426f0 Exception <a 'java/io/FileNotFoundException'{0x00000000eba1aa40}> (0x00000000eba1aa40) 
thrown [s\src\hotspot\share\prims\jni.cpp, line 516]
Event: 0.577 Thread 0x0000028313c426f0 Exception <a 'java/io/FileNotFoundException'{0x00000000eba1b708}> (0x00000000eba1b708) 
thrown [s\src\hotspot\share\prims\jni.cpp, line 516]
Event: 0.577 Thread 0x0000028313c426f0 Exception <a 'java/io/FileNotFoundException'{0x00000000eba1c3c8}> (0x00000000eba1c3c8) 
thrown [s\src\hotspot\share\prims\jni.cpp, line 516]
Event: 0.581 Thread 0x0000028313c426f0 Implicit null exception at 0x000002831e487c72 to 0x000002831e4881c0
Event: 0.585 Thread 0x0000028313c426f0 Exception <a 'java/io/FileNotFoundException'{0x00000000eba56cb0}> (0x00000000eba56cb0) 
thrown [s\src\hotspot\share\prims\jni.cpp, line 516]

VM Operations (12 events):
Event: 0.143 Executing VM operation: HandshakeAllThreads
Event: 0.143 Executing VM operation: HandshakeAllThreads done
Event: 0.232 Executing VM operation: HandshakeAllThreads
Event: 0.233 Executing VM operation: HandshakeAllThreads done
Event: 0.548 Executing VM operation: HandshakeAllThreads
Event: 0.548 Executing VM operation: HandshakeAllThreads done
Event: 0.567 Executing VM operation: HandshakeAllThreads
Event: 0.567 Executing VM operation: HandshakeAllThreads done
Event: 0.714 Executing VM operation: ICBufferFull
Event: 0.714 Executing VM operation: ICBufferFull done
Event: 0.722 Executing VM operation: HandshakeAllThreads
Event: 0.722 Executing VM operation: HandshakeAllThreads done

Memory protections (0 events):
No events

Nmethod flushes (0 events):
No events

Events (17 events):
Event: 0.047 Thread 0x0000028313c426f0 Thread added: 0x0000028313c426f0
Event: 0.065 Thread 0x0000028313c426f0 Thread added: 0x000002832ccbc030
Event: 0.065 Thread 0x0000028313c426f0 Thread added: 0x000002832ccbe660
Event: 0.085 Thread 0x0000028313c426f0 Thread added: 0x000002832cceb010
Event: 0.085 Thread 0x0000028313c426f0 Thread added: 0x000002832cceb7b0
Event: 0.085 Thread 0x0000028313c426f0 Thread added: 0x000002832ccef1f0
Event: 0.085 Thread 0x0000028313c426f0 Thread added: 0x000002832ccf1360
Event: 0.085 Thread 0x0000028313c426f0 Thread added: 0x000002832ccfd280
Event: 0.085 Thread 0x0000028313c426f0 Thread added: 0x000002832ccff8a0
Event: 0.085 Thread 0x0000028313c426f0 Thread added: 0x000002832cd12e60
Event: 0.128 Thread 0x0000028313c426f0 Thread added: 0x000002832ce02f90
Event: 0.142 Thread 0x000002832ccff8a0 Thread added: 0x000002832ce1c6c0
Event: 0.151 Thread 0x000002832ce1c6c0 Thread added: 0x000002832cea2810
Event: 0.151 Thread 0x000002832ce1c6c0 Thread added: 0x000002832cea3df0
Event: 0.229 Thread 0x000002832ccff8a0 Thread added: 0x000002832ee13ad0
Event: 0.229 Thread 0x000002832ccff8a0 Thread added: 0x000002832ee13ff0
Event: 0.376 Thread 0x0000028313c426f0 Thread added: 0x000002832eed8dc0


Dynamic libraries:
0x00007ff6e2210000 - 0x00007ff6e221e000 	c:\Users\Ad\.vscode\extensions\redhat.java-1.37.0-win32-x64\jre\17.0.13-win32-x86_64\bin\java.exe
0x00007ffba3690000 - 0x00007ffba38a7000 	C:\WINDOWS\SYSTEM32\ntdll.dll
0x00007ffba2a70000 - 0x00007ffba2b34000 	C:\WINDOWS\System32\KERNEL32.DLL
0x00007ffba0d20000 - 0x00007ffba10d9000 	C:\WINDOWS\System32\KERNELBASE.dll
0x00007ffb9a980000 - 0x00007ffb9aa17000 	C:\WINDOWS\SYSTEM32\apphelp.dll
0x00007ffba0ab0000 - 0x00007ffba0bc1000 	C:\WINDOWS\System32\ucrtbase.dll
0x00007ffb8c560000 - 0x00007ffb8c577000 	c:\Users\Ad\.vscode\extensions\redhat.java-1.37.0-win32-x64\jre\17.0.13-win32-x86_64\bin\jli.dll
0x00007ffb6fa90000 - 0x00007ffb6faae000 	c:\Users\Ad\.vscode\extensions\redhat.java-1.37.0-win32-x64\jre\17.0.13-win32-x86_64\bin\VCRUNTIME140.dll
0x00007ffba1b50000 - 0x00007ffba1cfe000 	C:\WINDOWS\System32\USER32.dll
0x00007ffba0cf0000 - 0x00007ffba0d16000 	C:\WINDOWS\System32\win32u.dll
0x00007ffb6d270000 - 0x00007ffb6d502000 	C:\WINDOWS\WinSxS\amd64_microsoft.windows.common-controls_6595b64144ccf1df_6.0.22621.4391_none_2715d37f73803e96\COMCTL32.dll
0x00007ffba1e40000 - 0x00007ffba1ee7000 	C:\WINDOWS\System32\msvcrt.dll
0x00007ffba2850000 - 0x00007ffba2879000 	C:\WINDOWS\System32\GDI32.dll
0x00007ffba0990000 - 0x00007ffba0aab000 	C:\WINDOWS\System32\gdi32full.dll
0x00007ffba1250000 - 0x00007ffba12ea000 	C:\WINDOWS\System32\msvcp_win.dll
0x00007ffba2880000 - 0x00007ffba28b1000 	C:\WINDOWS\System32\IMM32.DLL
0x00007ffb87150000 - 0x00007ffb8715c000 	c:\Users\Ad\.vscode\extensions\redhat.java-1.37.0-win32-x64\jre\17.0.13-win32-x86_64\bin\vcruntime140_1.dll
0x00007ffb54840000 - 0x00007ffb548cd000 	c:\Users\Ad\.vscode\extensions\redhat.java-1.37.0-win32-x64\jre\17.0.13-win32-x86_64\bin\msvcp140.dll
0x00007ffabc690000 - 0x00007ffabd2fb000 	c:\Users\Ad\.vscode\extensions\redhat.java-1.37.0-win32-x64\jre\17.0.13-win32-x86_64\bin\server\jvm.dll
0x00007ffba2c60000 - 0x00007ffba2d12000 	C:\WINDOWS\System32\ADVAPI32.dll
0x00007ffba2770000 - 0x00007ffba2817000 	C:\WINDOWS\System32\sechost.dll
0x00007ffba0cc0000 - 0x00007ffba0ce8000 	C:\WINDOWS\System32\bcrypt.dll
0x00007ffba3040000 - 0x00007ffba3154000 	C:\WINDOWS\System32\RPCRT4.dll
0x00007ffba2fb0000 - 0x00007ffba3021000 	C:\WINDOWS\System32\WS2_32.dll
0x00007ffb9f7e0000 - 0x00007ffb9f82d000 	C:\WINDOWS\SYSTEM32\POWRPROF.dll
0x00007ffb9afe0000 - 0x00007ffb9b014000 	C:\WINDOWS\SYSTEM32\WINMM.dll
0x00007ffb90450000 - 0x00007ffb9045a000 	C:\WINDOWS\SYSTEM32\VERSION.dll
0x00007ffb9f7c0000 - 0x00007ffb9f7d3000 	C:\WINDOWS\SYSTEM32\UMPDC.dll
0x00007ffb9fa80000 - 0x00007ffb9fa98000 	C:\WINDOWS\SYSTEM32\kernel.appcore.dll
0x00007ffb87110000 - 0x00007ffb8711a000 	c:\Users\Ad\.vscode\extensions\redhat.java-1.37.0-win32-x64\jre\17.0.13-win32-x86_64\bin\jimage.dll
0x00007ffb9e320000 - 0x00007ffb9e552000 	C:\WINDOWS\SYSTEM32\DBGHELP.DLL
0x00007ffba32c0000 - 0x00007ffba364f000 	C:\WINDOWS\System32\combase.dll
0x00007ffba1d00000 - 0x00007ffba1dd7000 	C:\WINDOWS\System32\OLEAUT32.dll
0x00007ffb8b130000 - 0x00007ffb8b162000 	C:\WINDOWS\SYSTEM32\dbgcore.DLL
0x00007ffba0c40000 - 0x00007ffba0cbb000 	C:\WINDOWS\System32\bcryptPrimitives.dll
0x00007ffb86fe0000 - 0x00007ffb86fee000 	c:\Users\Ad\.vscode\extensions\redhat.java-1.37.0-win32-x64\jre\17.0.13-win32-x86_64\bin\instrument.dll
0x00007ffb5d7c0000 - 0x00007ffb5d7e5000 	c:\Users\Ad\.vscode\extensions\redhat.java-1.37.0-win32-x64\jre\17.0.13-win32-x86_64\bin\java.dll
0x00007ffb66300000 - 0x00007ffb66318000 	c:\Users\Ad\.vscode\extensions\redhat.java-1.37.0-win32-x64\jre\17.0.13-win32-x86_64\bin\zip.dll
0x00007ffba1ef0000 - 0x00007ffba2766000 	C:\WINDOWS\System32\SHELL32.dll
0x00007ffb9e890000 - 0x00007ffb9f193000 	C:\WINDOWS\SYSTEM32\windows.storage.dll
0x00007ffb9e750000 - 0x00007ffb9e88f000 	C:\WINDOWS\SYSTEM32\wintypes.dll
0x00007ffba1410000 - 0x00007ffba1509000 	C:\WINDOWS\System32\SHCORE.dll
0x00007ffba3260000 - 0x00007ffba32be000 	C:\WINDOWS\System32\shlwapi.dll
0x00007ffba08c0000 - 0x00007ffba08eb000 	C:\WINDOWS\SYSTEM32\profapi.dll
0x00007ffb655d0000 - 0x00007ffb655e9000 	C:\Users\Ad\.vscode\extensions\redhat.java-1.37.0-win32-x64\jre\17.0.13-win32-x86_64\bin\net.dll
0x00007ffb9aea0000 - 0x00007ffb9afd6000 	C:\WINDOWS\SYSTEM32\WINHTTP.dll
0x00007ffb9fef0000 - 0x00007ffb9ff59000 	C:\WINDOWS\system32\mswsock.dll
0x00007ffb649d0000 - 0x00007ffb649e6000 	C:\Users\Ad\.vscode\extensions\redhat.java-1.37.0-win32-x64\jre\17.0.13-win32-x86_64\bin\nio.dll
0x00007ffb86d70000 - 0x00007ffb86d80000 	c:\Users\Ad\.vscode\extensions\redhat.java-1.37.0-win32-x64\jre\17.0.13-win32-x86_64\bin\verify.dll

dbghelp: loaded successfully - version: 4.0.5 - missing functions: none
symbol engine: initialized successfully - sym options: 0x614 - pdb path: .;c:\Users\Ad\.vscode\extensions\redhat.java-1.37.0-win32-x64\jre\17.0.13-win32-x86_64\bin;C:\WINDOWS\SYSTEM32;C:\WINDOWS\WinSxS\amd64_microsoft.windows.common-controls_6595b64144ccf1df_6.0.22621.4391_none_2715d37f73803e96;c:\Users\Ad\.vscode\extensions\redhat.java-1.37.0-win32-x64\jre\17.0.13-win32-x86_64\bin\server

VM Arguments:
jvm_args: --add-modules=ALL-SYSTEM --add-opens=java.base/java.util=ALL-UNNAMED --add-opens=java.base/java.lang=ALL-UNNAMED --add-opens=java.base/sun.nio.fs=ALL-UNNAMED -Declipse.application=org.eclipse.jdt.ls.core.id1 -Dosgi.bundles.defaultStartLevel=4 -Declipse.product=org.eclipse.jdt.ls.core.product -Djava.import.generatesMetadataFilesAtProjectRoot=false -DDetectVMInstallationsJob.disabled=true -Dfile.encoding=utf8 -XX:+UseParallelGC -XX:GCTimeRatio=4 -XX:AdaptiveSizePolicyWeight=90 -Dsun.zip.disableMemoryMapping=true -Xmx1G -Xms100m -Xlog:disable -javaagent:c:\Users\Ad\.vscode\extensions\redhat.java-1.37.0-win32-x64\lombok\lombok-1.18.34.jar 
java_command: c:\Users\Ad\.vscode\extensions\redhat.java-1.37.0-win32-x64\server\plugins\org.eclipse.equinox.launcher_1.6.900.v20240613-2009.jar -configuration c:\Users\Ad\AppData\Roaming\Code\User\globalStorage\redhat.java\1.37.0\config_ss_win -data c:\Users\Ad\AppData\Roaming\Code\User\workspaceStorage\b95c9d7ffc3bfe689f39d6e21a554354\redhat.java\ss_ws --pipe=\\.\pipe\lsp-29ebb03eaeb61b7126166168a8f1f7d3-sock
java_class_path (initial): c:\Users\Ad\.vscode\extensions\redhat.java-1.37.0-win32-x64\server\plugins\org.eclipse.equinox.launcher_1.6.900.v20240613-2009.jar
Launcher Type: SUN_STANDARD

[Global flags]
    uintx AdaptiveSizePolicyWeight                 = 90                                        {product} {command line}
     intx CICompilerCount                          = 12                                        {product} {ergonomic}
    uintx GCTimeRatio                              = 4                                         {product} {command line}
   size_t InitialHeapSize                          = 104857600                                 {product} {command line}
   size_t MaxHeapSize                              = 1073741824                                {product} {command line}
   size_t MaxNewSize                               = 357564416                                 {product} {ergonomic}
   size_t MinHeapDeltaBytes                        = 524288                                    {product} {ergonomic}
   size_t MinHeapSize                              = 104857600                                 {product} {command line}
   size_t NewSize                                  = 34603008                                  {product} {ergonomic}
    uintx NonNMethodCodeHeapSize                   = 7602480                                {pd product} {ergonomic}
    uintx NonProfiledCodeHeapSize                  = 122027880                              {pd product} {ergonomic}
   size_t OldSize                                  = 70254592                                  {product} {ergonomic}
    uintx ProfiledCodeHeapSize                     = 122027880                              {pd product} {ergonomic}
    uintx ReservedCodeCacheSize                    = 251658240                              {pd product} {ergonomic}
     bool SegmentedCodeCache                       = true                                      {product} {ergonomic}
   size_t SoftMaxHeapSize                          = 1073741824                             {manageable} {ergonomic}
     bool UseCompressedClassPointers               = true                           {product lp64_product} {ergonomic}
     bool UseCompressedOops                        = true                           {product lp64_product} {ergonomic}
     bool UseLargePagesIndividualAllocation        = false                                  {pd product} {ergonomic}
     bool UseParallelGC                            = true                                      {product} {command line}

Logging:
Log output configuration:
 #0: stdout all=off uptime,level,tags
 #1: stderr all=off uptime,level,tags

Environment Variables:
JAVA_HOME=C:\Program Files\Java\jdk-20
PATH=C:\Python312\Scripts\;C:\Python312\;C:\Program Files (x86)\VMware\VMware Player\bin\;C:\Program Files\Common Files\Oracle\Java\javapath;C:\Program Files (x86)\Common Files\Oracle\Java\java8path;C:\Program Files (x86)\Common Files\Oracle\Java\javapath;C:\users\admin\appdata\roaming\npm;C:\Windows\system32;C:\Windows;C:\Windows\System32\Wbem;C:\Windows\System32\WindowsPowerShell\v1.0\;C:\Windows\System32\OpenSSH\;C:\Program Files (x86)\NVIDIA Corporation\PhysX\Common;C:\Program Files\NVIDIA Corporation\NVIDIA NvDLISR;E:\CucumberSetup\apache-maven-3.6.3\bin;C:\Program Files\Git\cmd;C:\bin;C:\Program Files\Java\jdk-20\bin;C:\Program Files\Docker\Docker\resources\bin;C:\ProgramData\DockerDesktop\version-bin;C:\WINDOWS\system32;C:\WINDOWS;C:\WINDOWS\System32\Wbem;C:\WINDOWS\System32\WindowsPowerShell\v1.0\;C:\WINDOWS\System32\OpenSSH\;C:\Program Files\dotnet\;C:\ProgramData\chocolatey\bin;"C:\Users\Ad\AppData\Roaming\npm;C:\Users\Ad\AppData\Local\Programs\Python\Python39\Scripts\;C:\Users\Ad\AppData\Local\Programs\Python\Python39\;C:\Users\Ad\AppData\Local\Microsoft\WindowsApps;%IntelliJ IDEA%;C:\Users\Ad\AppData\Local\JetBrains\Toolbox\scripts;%IntelliJ IDEA Co";C:\Program Files\MySQL\MySQL Server 8.0\bin;C:\ProgramData\nvm;C:\Program Files\nodejs;C:\Drivers;C:\Program Files\MySQL\MySQL Shell 8.0\bin\;node_modules\npm\;C:\Users\Ad\AppData\Local\Microsoft\WindowsApps;C:\Program Files\JetBrains\IntelliJ IDEA 2023.3.3\bin;;C:\Users\Ad\AppData\Local\JetBrains\Toolbox\scripts;C:\Program Files\JetBrains\IntelliJ IDEA Community Edition 2023.3.3\bin;;C:\Users\Ad\AppData\Local\Programs\Microsoft VS Code\bin;C:\Users\Ad\AppData\Roaming\npm;C:\Users\Ad\AppData\Roaming\nvm;C:\Program Files\nodejs;;C:\Program Files\JetBrains\PyCharm Community Edition 2024.2.1\bin;
USERNAME=Ad
OS=Windows_NT
PROCESSOR_IDENTIFIER=Intel64 Family 6 Model 165 Stepping 2, GenuineIntel
TMP=C:\Users\Ad\AppData\Local\Temp
TEMP=C:\Users\Ad\AppData\Local\Temp



Periodic native trim disabled


---------------  S Y S T E M  ---------------

OS:
 Windows 11 , 64 bit Build 22621 (10.0.22621.4391)
OS uptime: 28 days 1:31 hours
Hyper-V role detected

CPU: total 16 (initial active 16) (8 cores per cpu, 2 threads per core) family 6 model 165 stepping 2 microcode 0xe0, cx8, cmov, fxsr, ht, mmx, 3dnowpref, sse, sse2, sse3, ssse3, sse4.1, sse4.2, popcnt, lzcnt, tsc, tscinvbit, avx, avx2, aes, erms, clmul, bmi1, bmi2, adx, fma, vzeroupper, clflush, clflushopt, hv
Processor Information for all 16 processors :
  Max Mhz: 2304, Current Mhz: 2304, Mhz Limit: 2304

Memory: 4k page, system-wide physical 32553M (11322M free)
TotalPageFile size 130857M (AvailPageFile size 5M)
current process WorkingSet (physical memory assigned to process): 81M, peak: 82M
current process commit charge ("private bytes"): 219M, peak: 219M

vm_info: OpenJDK 64-Bit Server VM (17.0.13+11) for windows-amd64 JRE (17.0.13+11), built on Oct 16 2024 00:10:08 by "admin" with MS VC++ 17.7 (VS2022)

END.
