#
# There is insufficient memory for the Java Runtime Environment to continue.
# Native memory allocation (malloc) failed to allocate 1156864 bytes. Error detail: Chunk::new
# Possible reasons:
#   The system is out of physical RAM or swap space
#   This process is running with CompressedOops enabled, and the Java Heap may be blocking the growth of the native heap
# Possible solutions:
#   Reduce memory load on the system
#   Increase physical memory or swap space
#   Check if swap backing store is full
#   Decrease Java heap size (-Xmx/-Xms)
#   Decrease number of Java threads
#   Decrease Java thread stack sizes (-Xss)
#   Set larger code cache with -XX:ReservedCodeCacheSize=
#   JVM is running with Unscaled Compressed Oops mode in which the Java heap is
#     placed in the first 4GB address space. The Java Heap base address is the
#     maximum limit for the native heap growth. Please use -XX:HeapBaseMinAddress
#     to set the Java Heap base and to place the Java Heap above 4GB virtual address.
# This output file may be truncated or incomplete.
#
#  Out of Memory Error (arena.cpp:191), pid=19404, tid=36096
#
# JRE version: OpenJDK Runtime Environment Temurin-17.0.13+11 (17.0.13+11) (build 17.0.13+11)
# Java VM: OpenJDK 64-Bit Server VM Temurin-17.0.13+11 (17.0.13+11, mixed mode, tiered, compressed oops, compressed class ptrs, parallel gc, windows-amd64)
# No core dump will be written. Minidumps are not enabled by default on client versions of Windows
#

---------------  S U M M A R Y ------------

Command Line: --add-modules=ALL-SYSTEM --add-opens=java.base/java.util=ALL-UNNAMED --add-opens=java.base/java.lang=ALL-UNNAMED --add-opens=java.base/sun.nio.fs=ALL-UNNAMED -Declipse.application=org.eclipse.jdt.ls.core.id1 -Dosgi.bundles.defaultStartLevel=4 -Declipse.product=org.eclipse.jdt.ls.core.product -Djava.import.generatesMetadataFilesAtProjectRoot=false -DDetectVMInstallationsJob.disabled=true -Dfile.encoding=utf8 -XX:+UseParallelGC -XX:GCTimeRatio=4 -XX:AdaptiveSizePolicyWeight=90 -Dsun.zip.disableMemoryMapping=true -Xmx1G -Xms100m -Xlog:disable -javaagent:c:\Users\Ad\.vscode\extensions\redhat.java-1.37.0-win32-x64\lombok\lombok-1.18.34.jar -XX:+HeapDumpOnOutOfMemoryError -XX:HeapDumpPath=c:\Users\Ad\AppData\Roaming\Code\User\workspaceStorage\b95c9d7ffc3bfe689f39d6e21a554354\redhat.java -Daether.dependencyCollector.impl=bf c:\Users\Ad\.vscode\extensions\redhat.java-1.37.0-win32-x64\server\plugins\org.eclipse.equinox.launcher_1.6.900.v20240613-2009.jar -configuration c:\Users\Ad\AppData\Roaming\Code\User\globalStorage\redhat.java\1.37.0\config_win -data c:\Users\Ad\AppData\Roaming\Code\User\workspaceStorage\b95c9d7ffc3bfe689f39d6e21a554354\redhat.java\jdt_ws --pipe=\\.\pipe\lsp-2b34bec4e6d3e0f5835849479fb822ef-sock

Host: Intel(R) Core(TM) i7-10875H CPU @ 2.30GHz, 16 cores, 31G,  Windows 11 , 64 bit Build 22621 (10.0.22621.4391)
Time: Sun Dec 15 18:33:52 2024 West-Europa (standaardtijd) elapsed time: 31.208772 seconds (0d 0h 0m 31s)

---------------  T H R E A D  ---------------

Current thread (0x000002d4197afba0):  JavaThread "C2 CompilerThread2" daemon [_thread_in_native, id=36096, stack(0x000000de80200000,0x000000de80300000)]


Current CompileTask:
C2:  31209 8656  s    4       jdk.internal.jimage.ImageReader$SharedImageReader::findNode (36 bytes)

Stack: [0x000000de80200000,0x000000de80300000]
Native frames: (J=compiled Java code, j=interpreted, Vv=VM code, C=native code)
V  [jvm.dll+0x682a19]
V  [jvm.dll+0x839538]
V  [jvm.dll+0x83afe3]
V  [jvm.dll+0x83b653]
V  [jvm.dll+0x24704f]
V  [jvm.dll+0xace34]
V  [jvm.dll+0xad4cc]
V  [jvm.dll+0x36597e]
V  [jvm.dll+0x32fbd8]
V  [jvm.dll+0x32f05a]
V  [jvm.dll+0x21804f]
V  [jvm.dll+0x21748f]
V  [jvm.dll+0x1a3070]
V  [jvm.dll+0x22788c]
V  [jvm.dll+0x2259eb]
V  [jvm.dll+0x7eec98]
V  [jvm.dll+0x7e8ffc]
V  [jvm.dll+0x6818f7]
C  [ucrtbase.dll+0x29333]
C  [KERNEL32.DLL+0x1259d]
C  [ntdll.dll+0x5af38]


---------------  P R O C E S S  ---------------

Threads class SMR info:
_java_thread_list=0x000002d4162f6640, length=73, elements={
0x000002d478a73c80, 0x000002d47d8e4110, 0x000002d47d8e6130, 0x000002d47ea215e0,
0x000002d47ea22170, 0x000002d47ea2d740, 0x000002d47ea2f020, 0x000002d47ea303c0,
0x000002d47ea31470, 0x000002d47ea432a0, 0x000002d47eb08700, 0x000002d47eb39210,
0x000002d413c12010, 0x000002d413c5bba0, 0x000002d4144cafe0, 0x000002d4144497b0,
0x000002d4146d21b0, 0x000002d4146d0ef0, 0x000002d414f87240, 0x000002d47eaf5270,
0x000002d47eaf24e0, 0x000002d47eaf3410, 0x000002d47eaf3920, 0x000002d47eaf5780,
0x000002d47eaf5c90, 0x000002d416eb0f60, 0x000002d416eb4200, 0x000002d416eb6570,
0x000002d416eb5b50, 0x000002d416eb6a80, 0x000002d416eb7ec0, 0x000002d416eb37e0,
0x000002d416eb4710, 0x000002d416eb1980, 0x000002d416eb5640, 0x000002d416eb5130,
0x000002d416eb28b0, 0x000002d416eb83d0, 0x000002d416eb1470, 0x000002d416eb74a0,
0x000002d416eb3cf0, 0x000002d416eb88e0, 0x000002d416eb4c20, 0x000002d416eb6060,
0x000002d416eb79b0, 0x000002d416eb1e90, 0x000002d416eb23a0, 0x000002d416eb2dc0,
0x000002d416eb32d0, 0x000002d41a41d320, 0x000002d41a41bee0, 0x000002d41a41aaa0,
0x000002d4197ae660, 0x000002d41a41afb0, 0x000002d41a41dd40, 0x000002d41a41b4c0,
0x000002d41a418730, 0x000002d4197aa150, 0x000002d4197afba0, 0x000002d41a41ec70,
0x000002d41a41b9d0, 0x000002d41a41f180, 0x000002d4197abbe0, 0x000002d4197aebb0,
0x000002d41a41c3f0, 0x000002d41a41f690, 0x000002d41a41c900, 0x000002d41a41ce10,
0x000002d41a418c40, 0x000002d4197a8170, 0x000002d41a419150, 0x000002d4197ac130,
0x000002d41a419660
}

Java Threads: ( => current thread )
  0x000002d478a73c80 JavaThread "main" [_thread_blocked, id=92588, stack(0x000000defd300000,0x000000defd400000)]
  0x000002d47d8e4110 JavaThread "Reference Handler" daemon [_thread_blocked, id=61140, stack(0x000000defd600000,0x000000defd700000)]
  0x000002d47d8e6130 JavaThread "Finalizer" daemon [_thread_blocked, id=34920, stack(0x000000defd700000,0x000000defd800000)]
  0x000002d47ea215e0 JavaThread "Signal Dispatcher" daemon [_thread_blocked, id=29860, stack(0x000000defd800000,0x000000defd900000)]
  0x000002d47ea22170 JavaThread "Attach Listener" daemon [_thread_blocked, id=38076, stack(0x000000defd900000,0x000000defda00000)]
  0x000002d47ea2d740 JavaThread "Service Thread" daemon [_thread_blocked, id=71780, stack(0x000000defda00000,0x000000defdb00000)]
  0x000002d47ea2f020 JavaThread "Monitor Deflation Thread" daemon [_thread_blocked, id=105052, stack(0x000000defdb00000,0x000000defdc00000)]
  0x000002d47ea303c0 JavaThread "C2 CompilerThread0" daemon [_thread_in_native, id=50720, stack(0x000000defdc00000,0x000000defdd00000)]
  0x000002d47ea31470 JavaThread "C1 CompilerThread0" daemon [_thread_blocked, id=14200, stack(0x000000defdd00000,0x000000defde00000)]
  0x000002d47ea432a0 JavaThread "Sweeper thread" daemon [_thread_blocked, id=70296, stack(0x000000defde00000,0x000000defdf00000)]
  0x000002d47eb08700 JavaThread "Common-Cleaner" daemon [_thread_blocked, id=43616, stack(0x000000defdf00000,0x000000defe000000)]
  0x000002d47eb39210 JavaThread "C1 CompilerThread1" daemon [_thread_blocked, id=103004, stack(0x000000defe000000,0x000000defe100000)]
  0x000002d413c12010 JavaThread "C1 CompilerThread2" daemon [_thread_blocked, id=27744, stack(0x000000defe100000,0x000000defe200000)]
  0x000002d413c5bba0 JavaThread "Notification Thread" daemon [_thread_blocked, id=105288, stack(0x000000defe300000,0x000000defe400000)]
  0x000002d4144cafe0 JavaThread "Active Thread: Equinox Container: 491d727c-ca40-4204-980e-6e6bffd7254c" [_thread_blocked, id=37176, stack(0x000000defe500000,0x000000defe600000)]
  0x000002d4144497b0 JavaThread "Refresh Thread: Equinox Container: 491d727c-ca40-4204-980e-6e6bffd7254c" daemon [_thread_blocked, id=42792, stack(0x000000defec00000,0x000000defed00000)]
  0x000002d4146d21b0 JavaThread "Framework Event Dispatcher: Equinox Container: 491d727c-ca40-4204-980e-6e6bffd7254c" daemon [_thread_blocked, id=15020, stack(0x000000defef00000,0x000000deff000000)]
  0x000002d4146d0ef0 JavaThread "Start Level: Equinox Container: 491d727c-ca40-4204-980e-6e6bffd7254c" daemon [_thread_blocked, id=11584, stack(0x000000deff000000,0x000000deff100000)]
  0x000002d414f87240 JavaThread "Bundle File Closer" daemon [_thread_blocked, id=87300, stack(0x000000deff200000,0x000000deff300000)]
  0x000002d47eaf5270 JavaThread "SCR Component Actor" daemon [_thread_blocked, id=78740, stack(0x000000deff400000,0x000000deff500000)]
  0x000002d47eaf24e0 JavaThread "Worker-JM" [_thread_blocked, id=78248, stack(0x000000deff800000,0x000000deff900000)]
  0x000002d47eaf3410 JavaThread "JNA Cleaner" daemon [_thread_blocked, id=30884, stack(0x000000deff500000,0x000000deff600000)]
  0x000002d47eaf3920 JavaThread "Worker-0" [_thread_blocked, id=60768, stack(0x000000deffa00000,0x000000deffb00000)]
  0x000002d47eaf5780 JavaThread "Worker-1" [_thread_blocked, id=8020, stack(0x000000deffb00000,0x000000deffc00000)]
  0x000002d47eaf5c90 JavaThread "Worker-2" [_thread_blocked, id=69152, stack(0x000000deffe00000,0x000000defff00000)]
  0x000002d416eb0f60 JavaThread "Java indexing" daemon [_thread_in_Java, id=57276, stack(0x000000de80100000,0x000000de80200000)]
  0x000002d416eb4200 JavaThread "Thread-2" daemon [_thread_in_native, id=8556, stack(0x000000de80700000,0x000000de80800000)]
  0x000002d416eb6570 JavaThread "Thread-3" daemon [_thread_in_native, id=81732, stack(0x000000de80800000,0x000000de80900000)]
  0x000002d416eb5b50 JavaThread "Thread-4" daemon [_thread_in_native, id=101996, stack(0x000000de80900000,0x000000de80a00000)]
  0x000002d416eb6a80 JavaThread "Thread-5" daemon [_thread_in_native, id=82880, stack(0x000000de80a00000,0x000000de80b00000)]
  0x000002d416eb7ec0 JavaThread "Thread-6" daemon [_thread_in_native, id=32852, stack(0x000000de80b00000,0x000000de80c00000)]
  0x000002d416eb37e0 JavaThread "Thread-7" daemon [_thread_in_native, id=71108, stack(0x000000de80c00000,0x000000de80d00000)]
  0x000002d416eb4710 JavaThread "Thread-8" daemon [_thread_in_native, id=70984, stack(0x000000de80d00000,0x000000de80e00000)]
  0x000002d416eb1980 JavaThread "Thread-9" daemon [_thread_in_native, id=9740, stack(0x000000de80e00000,0x000000de80f00000)]
  0x000002d416eb5640 JavaThread "Thread-10" daemon [_thread_in_native, id=3164, stack(0x000000de80f00000,0x000000de81000000)]
  0x000002d416eb5130 JavaThread "Thread-11" daemon [_thread_in_native, id=64304, stack(0x000000de81000000,0x000000de81100000)]
  0x000002d416eb28b0 JavaThread "Thread-12" daemon [_thread_in_native, id=38072, stack(0x000000de81100000,0x000000de81200000)]
  0x000002d416eb83d0 JavaThread "Thread-13" daemon [_thread_in_native, id=57016, stack(0x000000de81200000,0x000000de81300000)]
  0x000002d416eb1470 JavaThread "Thread-14" daemon [_thread_in_native, id=25616, stack(0x000000de81300000,0x000000de81400000)]
  0x000002d416eb74a0 JavaThread "Thread-15" daemon [_thread_in_native, id=57940, stack(0x000000de81400000,0x000000de81500000)]
  0x000002d416eb3cf0 JavaThread "Thread-16" daemon [_thread_in_native, id=84688, stack(0x000000de81500000,0x000000de81600000)]
  0x000002d416eb88e0 JavaThread "Thread-17" daemon [_thread_in_native, id=36384, stack(0x000000de81600000,0x000000de81700000)]
  0x000002d416eb4c20 JavaThread "Thread-18" daemon [_thread_in_native, id=35880, stack(0x000000de81700000,0x000000de81800000)]
  0x000002d416eb6060 JavaThread "pool-2-thread-1" [_thread_blocked, id=23512, stack(0x000000de81800000,0x000000de81900000)]
  0x000002d416eb79b0 JavaThread "Worker-3: Java indexing... " [_thread_blocked, id=66180, stack(0x000000de80300000,0x000000de80400000)]
  0x000002d416eb1e90 JavaThread "Worker-4: Building" [_thread_blocked, id=1772, stack(0x000000de80400000,0x000000de80500000)]
  0x000002d416eb23a0 JavaThread "Worker-5" [_thread_blocked, id=40632, stack(0x000000de81b00000,0x000000de81c00000)]
  0x000002d416eb2dc0 JavaThread "WorkspaceEventsHandler" [_thread_blocked, id=49264, stack(0x000000de81c00000,0x000000de81d00000)]
  0x000002d416eb32d0 JavaThread "pool-1-thread-1" [_thread_blocked, id=79216, stack(0x000000de81d00000,0x000000de81e00000)]
  0x000002d41a41d320 JavaThread "LocalFile Deleter" daemon [_thread_blocked, id=34004, stack(0x000000de81a00000,0x000000de81b00000)]
  0x000002d41a41bee0 JavaThread "LocalFile Deleter" daemon [_thread_blocked, id=47656, stack(0x000000de81e00000,0x000000de81f00000)]
  0x000002d41a41aaa0 JavaThread "LocalFile Deleter" daemon [_thread_blocked, id=26520, stack(0x000000de81f00000,0x000000de82000000)]
  0x000002d4197ae660 JavaThread "C1 CompilerThread3" daemon [_thread_in_vm, id=81184, stack(0x000000de82000000,0x000000de82100000)]
  0x000002d41a41afb0 JavaThread "Compiler Source File Reader" daemon [_thread_blocked, id=37652, stack(0x000000de82100000,0x000000de82200000)]
  0x000002d41a41dd40 JavaThread "Compiler Source File Reader" daemon [_thread_blocked, id=31452, stack(0x000000de82200000,0x000000de82300000)]
  0x000002d41a41b4c0 JavaThread "Compiler Source File Reader" daemon [_thread_blocked, id=69508, stack(0x000000de82300000,0x000000de82400000)]
  0x000002d41a418730 JavaThread "Compiler Source File Reader" daemon [_thread_blocked, id=77632, stack(0x000000de82400000,0x000000de82500000)]
  0x000002d4197aa150 JavaThread "C2 CompilerThread1" daemon [_thread_in_native, id=90844, stack(0x000000de80000000,0x000000de80100000)]
=>0x000002d4197afba0 JavaThread "C2 CompilerThread2" daemon [_thread_in_native, id=36096, stack(0x000000de80200000,0x000000de80300000)]
  0x000002d41a41ec70 JavaThread "Compiler Processing Task" daemon [_thread_in_vm, id=19996, stack(0x000000de81900000,0x000000de81a00000)]
  0x000002d41a41b9d0 JavaThread "Compiler Class File Writer" daemon [_thread_blocked, id=64400, stack(0x000000de82500000,0x000000de82600000)]
  0x000002d41a41f180 JavaThread "Compiler Class File Writer" daemon [_thread_blocked, id=62424, stack(0x000000de82600000,0x000000de82700000)]
  0x000002d4197abbe0 JavaThread "C2 CompilerThread3" daemon [_thread_in_native, id=102184, stack(0x000000de82700000,0x000000de82800000)]
  0x000002d4197aebb0 JavaThread "C2 CompilerThread4" daemon [_thread_in_native, id=59380, stack(0x000000de82800000,0x000000de82900000)]
  0x000002d41a41c3f0 JavaThread "Compiler Class File Writer" daemon [_thread_blocked, id=18908, stack(0x000000de82900000,0x000000de82a00000)]
  0x000002d41a41f690 JavaThread "Compiler Class File Writer" daemon [_thread_blocked, id=93356, stack(0x000000de82a00000,0x000000de82b00000)]
  0x000002d41a41c900 JavaThread "Compiler Source File Reader" daemon [_thread_blocked, id=49188, stack(0x000000de82b00000,0x000000de82c00000)]
  0x000002d41a41ce10 JavaThread "Compiler Source File Reader" daemon [_thread_blocked, id=39736, stack(0x000000de82c00000,0x000000de82d00000)]
  0x000002d41a418c40 JavaThread "Compiler Source File Reader" daemon [_thread_blocked, id=35060, stack(0x000000de82d00000,0x000000de82e00000)]
  0x000002d4197a8170 JavaThread "C2 CompilerThread5" daemon [_thread_in_native, id=102760, stack(0x000000de82e00000,0x000000de82f00000)]
  0x000002d41a419150 JavaThread "Compiler Class File Writer" daemon [_thread_blocked, id=88448, stack(0x000000de82f00000,0x000000de83000000)]
  0x000002d4197ac130 JavaThread "C2 CompilerThread6" daemon [_thread_in_native, id=31212, stack(0x000000de83000000,0x000000de83100000)]
  0x000002d41a419660 JavaThread "Compiler Class File Writer" daemon [_thread_blocked, id=100812, stack(0x000000de83100000,0x000000de83200000)]

Other Threads:
  0x000002d478b0ece0 VMThread "VM Thread" [stack: 0x000000defd500000,0x000000defd600000] [id=34024]
  0x000002d413c5c080 WatcherThread [stack: 0x000000defe400000,0x000000defe500000] [id=64708]
  0x000002d478a8a9c0 GCTaskThread "GC Thread#0" [stack: 0x000000defd400000,0x000000defd500000] [id=69596]
  0x000002d414317050 GCTaskThread "GC Thread#1" [stack: 0x000000defe600000,0x000000defe700000] [id=12312]
  0x000002d414317720 GCTaskThread "GC Thread#2" [stack: 0x000000defe700000,0x000000defe800000] [id=92300]
  0x000002d4143179e0 GCTaskThread "GC Thread#3" [stack: 0x000000defe800000,0x000000defe900000] [id=28596]
  0x000002d414317ca0 GCTaskThread "GC Thread#4" [stack: 0x000000defe900000,0x000000defea00000] [id=40612]
  0x000002d414317f60 GCTaskThread "GC Thread#5" [stack: 0x000000defea00000,0x000000defeb00000] [id=59892]
  0x000002d414d76ca0 GCTaskThread "GC Thread#6" [stack: 0x000000defed00000,0x000000defee00000] [id=82060]
  0x000002d41416bcb0 GCTaskThread "GC Thread#7" [stack: 0x000000defee00000,0x000000defef00000] [id=22292]
  0x000002d414f7c580 GCTaskThread "GC Thread#8" [stack: 0x000000deff100000,0x000000deff200000] [id=31448]
  0x000002d414873b60 GCTaskThread "GC Thread#9" [stack: 0x000000deff300000,0x000000deff400000] [id=34264]
  0x000002d41414f030 GCTaskThread "GC Thread#10" [stack: 0x000000deff600000,0x000000deff700000] [id=87848]
  0x000002d413d6e330 GCTaskThread "GC Thread#11" [stack: 0x000000deff700000,0x000000deff800000] [id=53952]
  0x000002d413d198b0 GCTaskThread "GC Thread#12" [stack: 0x000000deff900000,0x000000deffa00000] [id=14132]

Threads with active compile tasks:
C2 CompilerThread0    31308 8587       4       jdk.internal.jrtfs.JrtFileSystem::newByteChannel (44 bytes)
C2 CompilerThread1    31309 8647       4       org.eclipse.jdt.internal.compiler.lookup.BinaryTypeBinding::createMethod (1724 bytes)
C2 CompilerThread2    31309 8656  s    4       jdk.internal.jimage.ImageReader$SharedImageReader::findNode (36 bytes)
C2 CompilerThread3    31309 8579   !   4       org.eclipse.jdt.internal.core.search.indexing.BinaryIndexer::indexDocument (1157 bytes)
C2 CompilerThread4    31309 8586       4       jdk.internal.jrtfs.JrtFileSystemProvider::newByteChannel (10 bytes)
C2 CompilerThread5    31310 8703       4       org.eclipse.jdt.internal.compiler.lookup.LookupEnvironment::getCachedType0 (112 bytes)
C2 CompilerThread6    31310 8666       4       java.lang.String::split (327 bytes)

VM state: not at safepoint (normal execution)

VM Mutex/Monitor currently owned by a thread:  ([mutex/lock_event])
[0x000002d4767eb910] CodeCache_lock - owner thread: 0x0000000000000000

Heap address: 0x00000000c0000000, size: 1024 MB, Compressed Oops mode: 32-bit

CDS archive(s) not mapped
Compressed class space mapped at: 0x0000000100000000-0x0000000140000000, reserved size: 1073741824
Narrow klass base: 0x0000000000000000, Narrow klass shift: 3, Narrow klass range: 0x140000000

GC Precious Log:
 CPUs: 16 total, 16 available
 Memory: 32553M
 Large Page Support: Disabled
 NUMA Support: Disabled
 Compressed Oops: Enabled (32-bit)
 Alignments: Space 512K, Generation 512K, Heap 2M
 Heap Min Capacity: 100M
 Heap Initial Capacity: 100M
 Heap Max Capacity: 1G
 Pre-touch: Disabled
 Parallel Workers: 13

Heap:
 PSYoungGen      total 4096K, used 3675K [0x00000000eab00000, 0x00000000eb200000, 0x0000000100000000)
  eden space 3072K, 90% used [0x00000000eab00000,0x00000000eadb6d80,0x00000000eae00000)
  from space 1024K, 87% used [0x00000000eb080000,0x00000000eb160000,0x00000000eb180000)
  to   space 512K, 0% used [0x00000000eb180000,0x00000000eb180000,0x00000000eb200000)
 ParOldGen       total 96768K, used 94698K [0x00000000c0000000, 0x00000000c5e80000, 0x00000000eab00000)
  object space 96768K, 97% used [0x00000000c0000000,0x00000000c5c7a9a8,0x00000000c5e80000)
 Metaspace       used 63915K, committed 65088K, reserved 1114112K
  class space    used 6761K, committed 7296K, reserved 1048576K

Card table byte_map: [0x000002d4783f0000,0x000002d478600000] _byte_map_base: 0x000002d477df0000

Marking Bits: (ParMarkBitMap*) 0x00007ffabd236940
 Begin Bits: [0x000002d47b6f0000, 0x000002d47c6f0000)
 End Bits:   [0x000002d47c6f0000, 0x000002d47d6f0000)

Polling page: 0x000002d4769b0000

Metaspace:

Usage:
  Non-class:     55.81 MB used.
      Class:      6.60 MB used.
       Both:     62.42 MB used.

Virtual space:
  Non-class space:       64.00 MB reserved,      56.44 MB ( 88%) committed,  1 nodes.
      Class space:        1.00 GB reserved,       7.12 MB ( <1%) committed,  1 nodes.
             Both:        1.06 GB reserved,      63.56 MB (  6%) committed. 

Chunk freelists:
   Non-Class:  6.80 MB
       Class:  8.92 MB
        Both:  15.72 MB

MaxMetaspaceSize: unlimited
CompressedClassSpaceSize: 1.00 GB
Initial GC threshold: 21.00 MB
Current GC threshold: 102.50 MB
CDS: off
MetaspaceReclaimPolicy: balanced
 - commit_granule_bytes: 65536.
 - commit_granule_words: 8192.
 - virtual_space_node_default_size: 8388608.
 - enlarge_chunks_in_place: 1.
 - new_chunks_are_fully_committed: 0.
 - uncommit_free_chunks: 1.
 - use_allocation_guard: 0.
 - handle_deallocations: 1.


Internal statistics:

num_allocs_failed_limit: 9.
num_arena_births: 822.
num_arena_deaths: 14.
num_vsnodes_births: 2.
num_vsnodes_deaths: 0.
num_space_committed: 1017.
num_space_uncommitted: 0.
num_chunks_returned_to_freelist: 23.
num_chunks_taken_from_freelist: 3553.
num_chunk_merges: 13.
num_chunk_splits: 2104.
num_chunks_enlarged: 1092.
num_inconsistent_stats: 0.

CodeHeap 'non-profiled nmethods': size=119168Kb used=4848Kb max_used=5070Kb free=114319Kb
 bounds [0x000002d407ba0000, 0x000002d4080a0000, 0x000002d40f000000]
CodeHeap 'profiled nmethods': size=119104Kb used=15355Kb max_used=16053Kb free=103749Kb
 bounds [0x000002d400000000, 0x000002d400fc0000, 0x000002d407450000]
CodeHeap 'non-nmethods': size=7488Kb used=3041Kb max_used=3129Kb free=4446Kb
 bounds [0x000002d407450000, 0x000002d407770000, 0x000002d407ba0000]
 total_blobs=8028 nmethods=7333 adapters=606
 compilation: enabled
              stopped_count=0, restarted_count=0
 full_count=0

Compilation events (20 events):
Event: 31.153 Thread 0x000002d413c12010 8806       3       org.eclipse.jdt.internal.compiler.lookup.TypeVariableBinding::<init> (66 bytes)
Event: 31.154 Thread 0x000002d47ea31470 8807       3       org.eclipse.jdt.internal.compiler.lookup.BinaryTypeBinding::initializeTypeVariable (317 bytes)
Event: 31.154 Thread 0x000002d413c12010 nmethod 8806 0x000002d40084bc90 code [0x000002d40084be60, 0x000002d40084c308]
Event: 31.156 Thread 0x000002d413c12010 8808       3       org.eclipse.jdt.internal.compiler.classfmt.FieldInfo::readModifierRelatedAttributes (159 bytes)
Event: 31.159 Thread 0x000002d413c12010 nmethod 8808 0x000002d4004db810 code [0x000002d4004dba40, 0x000002d4004dc458]
Event: 31.159 Thread 0x000002d47ea31470 nmethod 8807 0x000002d400b43990 code [0x000002d400b43ca0, 0x000002d400b450f8]
Event: 31.161 Thread 0x000002d4197ae660 8809       3       org.eclipse.core.internal.dtree.DeltaDataTree::searchNodeAt (120 bytes)
Event: 31.163 Thread 0x000002d4197ae660 nmethod 8809 0x000002d400561010 code [0x000002d400561240, 0x000002d400561bd8]
Event: 31.166 Thread 0x000002d47ea31470 8811       3       org.eclipse.jdt.internal.compiler.lookup.TypeSystem::fixTypeVariableDeclaringElement (83 bytes)
Event: 31.167 Thread 0x000002d47ea31470 nmethod 8811 0x000002d400a37f90 code [0x000002d400a38160, 0x000002d400a38658]
Event: 31.170 Thread 0x000002d47ea31470 8812   !   3       org.eclipse.jdt.internal.compiler.lookup.BinaryTypeBinding::cachePartsFrom (2063 bytes)
Event: 31.174 Thread 0x000002d47eb39210 8813       3       org.eclipse.jdt.internal.core.builder.ClasspathJrt::getModulesDeclaringPackage (15 bytes)
Event: 31.174 Thread 0x000002d413c12010 8814       3       org.eclipse.jdt.core.compiler.CharOperation::toCharArrays (48 bytes)
Event: 31.175 Thread 0x000002d47eb39210 nmethod 8813 0x000002d40012dc90 code [0x000002d40012de60, 0x000002d40012e158]
Event: 31.176 Thread 0x000002d413c12010 nmethod 8814 0x000002d400a74c90 code [0x000002d400a74ea0, 0x000002d400a756f8]
Event: 31.181 Thread 0x000002d47eb39210 8815       3       org.eclipse.jdt.internal.compiler.lookup.ReferenceBindingSetWrapper::<init> (18 bytes)
Event: 31.181 Thread 0x000002d413c12010 8816       3       org.eclipse.jdt.internal.compiler.lookup.ReferenceBinding::identityHashCode (5 bytes)
Event: 31.182 Thread 0x000002d413c12010 nmethod 8816 0x000002d4000de390 code [0x000002d4000de520, 0x000002d4000de668]
Event: 31.182 Thread 0x000002d47eb39210 nmethod 8815 0x000002d400c9a090 code [0x000002d400c9a240, 0x000002d400c9a468]
Event: 31.183 Thread 0x000002d4197ac130 8702       4       java.util.TimSort::binarySort (223 bytes)

GC Heap History (20 events):
Event: 30.250 GC heap before
{Heap before GC invocations=55 (full 4):
 PSYoungGen      total 8704K, used 8696K [0x00000000eab00000, 0x00000000ebe00000, 0x0000000100000000)
  eden space 4096K, 100% used [0x00000000eab00000,0x00000000eaf00000,0x00000000eaf00000)
  from space 4608K, 99% used [0x00000000eb580000,0x00000000eb9fe230,0x00000000eba00000)
  to   space 6656K, 0% used [0x00000000eaf00000,0x00000000eaf00000,0x00000000eb580000)
 ParOldGen       total 96768K, used 80671K [0x00000000c0000000, 0x00000000c5e80000, 0x00000000eab00000)
  object space 96768K, 83% used [0x00000000c0000000,0x00000000c4ec7f08,0x00000000c5e80000)
 Metaspace       used 63640K, committed 64768K, reserved 1114112K
  class space    used 6752K, committed 7232K, reserved 1048576K
}
Event: 30.257 GC heap after
{Heap after GC invocations=55 (full 4):
 PSYoungGen      total 9728K, used 5127K [0x00000000eab00000, 0x00000000eba00000, 0x0000000100000000)
  eden space 4096K, 0% used [0x00000000eab00000,0x00000000eab00000,0x00000000eaf00000)
  from space 5632K, 91% used [0x00000000eaf00000,0x00000000eb401dc0,0x00000000eb480000)
  to   space 5632K, 0% used [0x00000000eb480000,0x00000000eb480000,0x00000000eba00000)
 ParOldGen       total 96768K, used 82535K [0x00000000c0000000, 0x00000000c5e80000, 0x00000000eab00000)
  object space 96768K, 85% used [0x00000000c0000000,0x00000000c5099e90,0x00000000c5e80000)
 Metaspace       used 63640K, committed 64768K, reserved 1114112K
  class space    used 6752K, committed 7232K, reserved 1048576K
}
Event: 30.342 GC heap before
{Heap before GC invocations=56 (full 4):
 PSYoungGen      total 9728K, used 9180K [0x00000000eab00000, 0x00000000eba00000, 0x0000000100000000)
  eden space 4096K, 98% used [0x00000000eab00000,0x00000000eaef5618,0x00000000eaf00000)
  from space 5632K, 91% used [0x00000000eaf00000,0x00000000eb401dc0,0x00000000eb480000)
  to   space 5632K, 0% used [0x00000000eb480000,0x00000000eb480000,0x00000000eba00000)
 ParOldGen       total 96768K, used 82535K [0x00000000c0000000, 0x00000000c5e80000, 0x00000000eab00000)
  object space 96768K, 85% used [0x00000000c0000000,0x00000000c5099e90,0x00000000c5e80000)
 Metaspace       used 63641K, committed 64768K, reserved 1114112K
  class space    used 6752K, committed 7232K, reserved 1048576K
}
Event: 30.349 GC heap after
{Heap after GC invocations=56 (full 4):
 PSYoungGen      total 8704K, used 5627K [0x00000000eab00000, 0x00000000ebc00000, 0x0000000100000000)
  eden space 3072K, 0% used [0x00000000eab00000,0x00000000eab00000,0x00000000eae00000)
  from space 5632K, 99% used [0x00000000eb480000,0x00000000eb9fedc0,0x00000000eba00000)
  to   space 6656K, 0% used [0x00000000eae00000,0x00000000eae00000,0x00000000eb480000)
 ParOldGen       total 96768K, used 83297K [0x00000000c0000000, 0x00000000c5e80000, 0x00000000eab00000)
  object space 96768K, 86% used [0x00000000c0000000,0x00000000c5158768,0x00000000c5e80000)
 Metaspace       used 63641K, committed 64768K, reserved 1114112K
  class space    used 6752K, committed 7232K, reserved 1048576K
}
Event: 30.387 GC heap before
{Heap before GC invocations=57 (full 4):
 PSYoungGen      total 8704K, used 8699K [0x00000000eab00000, 0x00000000ebc00000, 0x0000000100000000)
  eden space 3072K, 100% used [0x00000000eab00000,0x00000000eae00000,0x00000000eae00000)
  from space 5632K, 99% used [0x00000000eb480000,0x00000000eb9fedc0,0x00000000eba00000)
  to   space 6656K, 0% used [0x00000000eae00000,0x00000000eae00000,0x00000000eb480000)
 ParOldGen       total 96768K, used 83297K [0x00000000c0000000, 0x00000000c5e80000, 0x00000000eab00000)
  object space 96768K, 86% used [0x00000000c0000000,0x00000000c5158768,0x00000000c5e80000)
 Metaspace       used 63641K, committed 64768K, reserved 1114112K
  class space    used 6752K, committed 7232K, reserved 1048576K
}
Event: 30.393 GC heap after
{Heap after GC invocations=57 (full 4):
 PSYoungGen      total 7680K, used 4463K [0x00000000eab00000, 0x00000000eb900000, 0x0000000100000000)
  eden space 3072K, 0% used [0x00000000eab00000,0x00000000eab00000,0x00000000eae00000)
  from space 4608K, 96% used [0x00000000eae00000,0x00000000eb25bfc8,0x00000000eb280000)
  to   space 5632K, 0% used [0x00000000eb380000,0x00000000eb380000,0x00000000eb900000)
 ParOldGen       total 96768K, used 85571K [0x00000000c0000000, 0x00000000c5e80000, 0x00000000eab00000)
  object space 96768K, 88% used [0x00000000c0000000,0x00000000c5390ff0,0x00000000c5e80000)
 Metaspace       used 63641K, committed 64768K, reserved 1114112K
  class space    used 6752K, committed 7232K, reserved 1048576K
}
Event: 30.463 GC heap before
{Heap before GC invocations=58 (full 4):
 PSYoungGen      total 7680K, used 7535K [0x00000000eab00000, 0x00000000eb900000, 0x0000000100000000)
  eden space 3072K, 100% used [0x00000000eab00000,0x00000000eae00000,0x00000000eae00000)
  from space 4608K, 96% used [0x00000000eae00000,0x00000000eb25bfc8,0x00000000eb280000)
  to   space 5632K, 0% used [0x00000000eb380000,0x00000000eb380000,0x00000000eb900000)
 ParOldGen       total 96768K, used 85571K [0x00000000c0000000, 0x00000000c5e80000, 0x00000000eab00000)
  object space 96768K, 88% used [0x00000000c0000000,0x00000000c5390ff0,0x00000000c5e80000)
 Metaspace       used 63644K, committed 64768K, reserved 1114112K
  class space    used 6752K, committed 7232K, reserved 1048576K
}
Event: 30.470 GC heap after
{Heap after GC invocations=58 (full 4):
 PSYoungGen      total 5632K, used 2207K [0x00000000eab00000, 0x00000000eb600000, 0x0000000100000000)
  eden space 3072K, 0% used [0x00000000eab00000,0x00000000eab00000,0x00000000eae00000)
  from space 2560K, 86% used [0x00000000eb380000,0x00000000eb5a7ec0,0x00000000eb600000)
  to   space 3584K, 0% used [0x00000000eaf00000,0x00000000eaf00000,0x00000000eb280000)
 ParOldGen       total 96768K, used 88956K [0x00000000c0000000, 0x00000000c5e80000, 0x00000000eab00000)
  object space 96768K, 91% used [0x00000000c0000000,0x00000000c56df220,0x00000000c5e80000)
 Metaspace       used 63644K, committed 64768K, reserved 1114112K
  class space    used 6752K, committed 7232K, reserved 1048576K
}
Event: 30.571 GC heap before
{Heap before GC invocations=59 (full 4):
 PSYoungGen      total 5632K, used 5279K [0x00000000eab00000, 0x00000000eb600000, 0x0000000100000000)
  eden space 3072K, 100% used [0x00000000eab00000,0x00000000eae00000,0x00000000eae00000)
  from space 2560K, 86% used [0x00000000eb380000,0x00000000eb5a7ec0,0x00000000eb600000)
  to   space 3584K, 0% used [0x00000000eaf00000,0x00000000eaf00000,0x00000000eb280000)
 ParOldGen       total 96768K, used 88956K [0x00000000c0000000, 0x00000000c5e80000, 0x00000000eab00000)
  object space 96768K, 91% used [0x00000000c0000000,0x00000000c56df220,0x00000000c5e80000)
 Metaspace       used 63645K, committed 64768K, reserved 1114112K
  class space    used 6752K, committed 7232K, reserved 1048576K
}
Event: 30.578 GC heap after
{Heap after GC invocations=59 (full 4):
 PSYoungGen      total 6656K, used 841K [0x00000000eab00000, 0x00000000eb400000, 0x0000000100000000)
  eden space 3072K, 0% used [0x00000000eab00000,0x00000000eab00000,0x00000000eae00000)
  from space 3584K, 23% used [0x00000000eaf00000,0x00000000eafd2740,0x00000000eb280000)
  to   space 1536K, 0% used [0x00000000eb280000,0x00000000eb280000,0x00000000eb400000)
 ParOldGen       total 96768K, used 91093K [0x00000000c0000000, 0x00000000c5e80000, 0x00000000eab00000)
  object space 96768K, 94% used [0x00000000c0000000,0x00000000c58f5590,0x00000000c5e80000)
 Metaspace       used 63645K, committed 64768K, reserved 1114112K
  class space    used 6752K, committed 7232K, reserved 1048576K
}
Event: 30.717 GC heap before
{Heap before GC invocations=60 (full 4):
 PSYoungGen      total 6656K, used 3913K [0x00000000eab00000, 0x00000000eb400000, 0x0000000100000000)
  eden space 3072K, 100% used [0x00000000eab00000,0x00000000eae00000,0x00000000eae00000)
  from space 3584K, 23% used [0x00000000eaf00000,0x00000000eafd2740,0x00000000eb280000)
  to   space 1536K, 0% used [0x00000000eb280000,0x00000000eb280000,0x00000000eb400000)
 ParOldGen       total 96768K, used 91093K [0x00000000c0000000, 0x00000000c5e80000, 0x00000000eab00000)
  object space 96768K, 94% used [0x00000000c0000000,0x00000000c58f5590,0x00000000c5e80000)
 Metaspace       used 63669K, committed 64768K, reserved 1114112K
  class space    used 6752K, committed 7232K, reserved 1048576K
}
Event: 30.721 GC heap after
{Heap after GC invocations=60 (full 4):
 PSYoungGen      total 4096K, used 987K [0x00000000eab00000, 0x00000000eb380000, 0x0000000100000000)
  eden space 3072K, 0% used [0x00000000eab00000,0x00000000eab00000,0x00000000eae00000)
  from space 1024K, 96% used [0x00000000eb280000,0x00000000eb376d18,0x00000000eb380000)
  to   space 1536K, 0% used [0x00000000eb080000,0x00000000eb080000,0x00000000eb200000)
 ParOldGen       total 96768K, used 91782K [0x00000000c0000000, 0x00000000c5e80000, 0x00000000eab00000)
  object space 96768K, 94% used [0x00000000c0000000,0x00000000c59a1ad0,0x00000000c5e80000)
 Metaspace       used 63669K, committed 64768K, reserved 1114112K
  class space    used 6752K, committed 7232K, reserved 1048576K
}
Event: 30.855 GC heap before
{Heap before GC invocations=61 (full 4):
 PSYoungGen      total 4096K, used 4059K [0x00000000eab00000, 0x00000000eb380000, 0x0000000100000000)
  eden space 3072K, 100% used [0x00000000eab00000,0x00000000eae00000,0x00000000eae00000)
  from space 1024K, 96% used [0x00000000eb280000,0x00000000eb376d18,0x00000000eb380000)
  to   space 1536K, 0% used [0x00000000eb080000,0x00000000eb080000,0x00000000eb200000)
 ParOldGen       total 96768K, used 91782K [0x00000000c0000000, 0x00000000c5e80000, 0x00000000eab00000)
  object space 96768K, 94% used [0x00000000c0000000,0x00000000c59a1ad0,0x00000000c5e80000)
 Metaspace       used 63708K, committed 64896K, reserved 1114112K
  class space    used 6756K, committed 7296K, reserved 1048576K
}
Event: 30.860 GC heap after
{Heap after GC invocations=61 (full 4):
 PSYoungGen      total 4608K, used 809K [0x00000000eab00000, 0x00000000eb300000, 0x0000000100000000)
  eden space 3072K, 0% used [0x00000000eab00000,0x00000000eab00000,0x00000000eae00000)
  from space 1536K, 52% used [0x00000000eb080000,0x00000000eb14a5a0,0x00000000eb200000)
  to   space 1024K, 0% used [0x00000000eb200000,0x00000000eb200000,0x00000000eb300000)
 ParOldGen       total 96768K, used 92459K [0x00000000c0000000, 0x00000000c5e80000, 0x00000000eab00000)
  object space 96768K, 95% used [0x00000000c0000000,0x00000000c5a4ada8,0x00000000c5e80000)
 Metaspace       used 63708K, committed 64896K, reserved 1114112K
  class space    used 6756K, committed 7296K, reserved 1048576K
}
Event: 30.918 GC heap before
{Heap before GC invocations=62 (full 4):
 PSYoungGen      total 4608K, used 3881K [0x00000000eab00000, 0x00000000eb300000, 0x0000000100000000)
  eden space 3072K, 100% used [0x00000000eab00000,0x00000000eae00000,0x00000000eae00000)
  from space 1536K, 52% used [0x00000000eb080000,0x00000000eb14a5a0,0x00000000eb200000)
  to   space 1024K, 0% used [0x00000000eb200000,0x00000000eb200000,0x00000000eb300000)
 ParOldGen       total 96768K, used 92459K [0x00000000c0000000, 0x00000000c5e80000, 0x00000000eab00000)
  object space 96768K, 95% used [0x00000000c0000000,0x00000000c5a4ada8,0x00000000c5e80000)
 Metaspace       used 63730K, committed 64896K, reserved 1114112K
  class space    used 6756K, committed 7296K, reserved 1048576K
}
Event: 30.925 GC heap after
{Heap after GC invocations=62 (full 4):
 PSYoungGen      total 4096K, used 1014K [0x00000000eab00000, 0x00000000eb300000, 0x0000000100000000)
  eden space 3072K, 0% used [0x00000000eab00000,0x00000000eab00000,0x00000000eae00000)
  from space 1024K, 99% used [0x00000000eb200000,0x00000000eb2fda48,0x00000000eb300000)
  to   space 1536K, 0% used [0x00000000eb000000,0x00000000eb000000,0x00000000eb180000)
 ParOldGen       total 96768K, used 92750K [0x00000000c0000000, 0x00000000c5e80000, 0x00000000eab00000)
  object space 96768K, 95% used [0x00000000c0000000,0x00000000c5a93930,0x00000000c5e80000)
 Metaspace       used 63730K, committed 64896K, reserved 1114112K
  class space    used 6756K, committed 7296K, reserved 1048576K
}
Event: 31.018 GC heap before
{Heap before GC invocations=63 (full 4):
 PSYoungGen      total 4096K, used 4086K [0x00000000eab00000, 0x00000000eb300000, 0x0000000100000000)
  eden space 3072K, 100% used [0x00000000eab00000,0x00000000eae00000,0x00000000eae00000)
  from space 1024K, 99% used [0x00000000eb200000,0x00000000eb2fda48,0x00000000eb300000)
  to   space 1536K, 0% used [0x00000000eb000000,0x00000000eb000000,0x00000000eb180000)
 ParOldGen       total 96768K, used 92750K [0x00000000c0000000, 0x00000000c5e80000, 0x00000000eab00000)
  object space 96768K, 95% used [0x00000000c0000000,0x00000000c5a93930,0x00000000c5e80000)
 Metaspace       used 63777K, committed 64960K, reserved 1114112K
  class space    used 6757K, committed 7296K, reserved 1048576K
}
Event: 31.026 GC heap after
{Heap after GC invocations=63 (full 4):
 PSYoungGen      total 4608K, used 704K [0x00000000eab00000, 0x00000000eb280000, 0x0000000100000000)
  eden space 3072K, 0% used [0x00000000eab00000,0x00000000eab00000,0x00000000eae00000)
  from space 1536K, 45% used [0x00000000eb000000,0x00000000eb0b0000,0x00000000eb180000)
  to   space 1024K, 0% used [0x00000000eb180000,0x00000000eb180000,0x00000000eb280000)
 ParOldGen       total 96768K, used 93693K [0x00000000c0000000, 0x00000000c5e80000, 0x00000000eab00000)
  object space 96768K, 96% used [0x00000000c0000000,0x00000000c5b7f6c0,0x00000000c5e80000)
 Metaspace       used 63777K, committed 64960K, reserved 1114112K
  class space    used 6757K, committed 7296K, reserved 1048576K
}
Event: 31.091 GC heap before
{Heap before GC invocations=64 (full 4):
 PSYoungGen      total 4608K, used 3776K [0x00000000eab00000, 0x00000000eb280000, 0x0000000100000000)
  eden space 3072K, 100% used [0x00000000eab00000,0x00000000eae00000,0x00000000eae00000)
  from space 1536K, 45% used [0x00000000eb000000,0x00000000eb0b0000,0x00000000eb180000)
  to   space 1024K, 0% used [0x00000000eb180000,0x00000000eb180000,0x00000000eb280000)
 ParOldGen       total 96768K, used 93693K [0x00000000c0000000, 0x00000000c5e80000, 0x00000000eab00000)
  object space 96768K, 96% used [0x00000000c0000000,0x00000000c5b7f6c0,0x00000000c5e80000)
 Metaspace       used 63832K, committed 65024K, reserved 1114112K
  class space    used 6759K, committed 7296K, reserved 1048576K
}
Event: 31.098 GC heap after
{Heap after GC invocations=64 (full 4):
 PSYoungGen      total 4096K, used 736K [0x00000000eab00000, 0x00000000eb280000, 0x0000000100000000)
  eden space 3072K, 0% used [0x00000000eab00000,0x00000000eab00000,0x00000000eae00000)
  from space 1024K, 71% used [0x00000000eb180000,0x00000000eb238000,0x00000000eb280000)
  to   space 1024K, 0% used [0x00000000eb080000,0x00000000eb080000,0x00000000eb180000)
 ParOldGen       total 96768K, used 94225K [0x00000000c0000000, 0x00000000c5e80000, 0x00000000eab00000)
  object space 96768K, 97% used [0x00000000c0000000,0x00000000c5c047f0,0x00000000c5e80000)
 Metaspace       used 63832K, committed 65024K, reserved 1114112K
  class space    used 6759K, committed 7296K, reserved 1048576K
}

Dll operation events (10 events):
Event: 0.042 Loaded shared library c:\Users\Ad\.vscode\extensions\redhat.java-1.37.0-win32-x64\jre\17.0.13-win32-x86_64\bin\java.dll
Event: 0.655 Loaded shared library c:\Users\Ad\.vscode\extensions\redhat.java-1.37.0-win32-x64\jre\17.0.13-win32-x86_64\bin\zip.dll
Event: 0.675 Loaded shared library C:\Users\Ad\.vscode\extensions\redhat.java-1.37.0-win32-x64\jre\17.0.13-win32-x86_64\bin\instrument.dll
Event: 0.759 Loaded shared library C:\Users\Ad\.vscode\extensions\redhat.java-1.37.0-win32-x64\jre\17.0.13-win32-x86_64\bin\net.dll
Event: 0.767 Loaded shared library C:\Users\Ad\.vscode\extensions\redhat.java-1.37.0-win32-x64\jre\17.0.13-win32-x86_64\bin\nio.dll
Event: 0.803 Loaded shared library C:\Users\Ad\.vscode\extensions\redhat.java-1.37.0-win32-x64\jre\17.0.13-win32-x86_64\bin\zip.dll
Event: 0.876 Loaded shared library C:\Users\Ad\.vscode\extensions\redhat.java-1.37.0-win32-x64\jre\17.0.13-win32-x86_64\bin\jimage.dll
Event: 1.184 Loaded shared library c:\Users\Ad\.vscode\extensions\redhat.java-1.37.0-win32-x64\jre\17.0.13-win32-x86_64\bin\verify.dll
Event: 4.662 Loaded shared library C:\Users\Ad\AppData\Roaming\Code\User\globalStorage\redhat.java\1.37.0\config_win\org.eclipse.equinox.launcher\org.eclipse.equinox.launcher.win32.win32.x86_64_1.2.1100.v20240722-2106\eclipse_11904.dll
Event: 8.853 Loaded shared library C:\Users\Ad\AppData\Local\Temp\jna-2115\jna16765283569871987651.dll

Deoptimization events (20 events):
Event: 30.612 Thread 0x000002d416eb1e90 Uncommon trap: trap_request=0xffffffd6 fr.pc=0x000002d407d8a2d4 relative=0x0000000000000ff4
Event: 30.612 Thread 0x000002d416eb1e90 Uncommon trap: reason=array_check action=maybe_recompile pc=0x000002d407d8a2d4 method=java.util.TimSort.binarySort([Ljava/lang/Object;IIILjava/util/Comparator;)V @ 215 c2
Event: 30.613 Thread 0x000002d416eb1e90 DEOPT PACKING pc=0x000002d407d8a2d4 sp=0x000000de804fcd20
Event: 30.616 Thread 0x000002d416eb1e90 DEOPT UNPACKING pc=0x000002d4074a66a3 sp=0x000000de804fcc20 mode 2
Event: 30.876 Thread 0x000002d41a41ec70 Uncommon trap: trap_request=0xffffff45 fr.pc=0x000002d407db2ca4 relative=0x0000000000001ba4
Event: 30.876 Thread 0x000002d41a41ec70 Uncommon trap: reason=unstable_if action=reinterpret pc=0x000002d407db2ca4 method=org.eclipse.jdt.internal.compiler.util.HashtableOfType.get([C)Lorg/eclipse/jdt/internal/compiler/lookup/ReferenceBinding; @ 49 c2
Event: 30.876 Thread 0x000002d41a41ec70 DEOPT PACKING pc=0x000002d407db2ca4 sp=0x000000de819fe3f0
Event: 30.876 Thread 0x000002d41a41ec70 DEOPT UNPACKING pc=0x000002d4074a66a3 sp=0x000000de819fe290 mode 2
Event: 30.903 Thread 0x000002d41a41ec70 Uncommon trap: trap_request=0xffffffd6 fr.pc=0x000002d407d04f10 relative=0x00000000000004f0
Event: 30.903 Thread 0x000002d41a41ec70 Uncommon trap: reason=array_check action=maybe_recompile pc=0x000002d407d04f10 method=java.util.TimSort.binarySort([Ljava/lang/Object;IIILjava/util/Comparator;)V @ 215 c2
Event: 30.903 Thread 0x000002d41a41ec70 DEOPT PACKING pc=0x000002d407d04f10 sp=0x000000de819fec70
Event: 30.903 Thread 0x000002d41a41ec70 DEOPT UNPACKING pc=0x000002d4074a66a3 sp=0x000000de819fec08 mode 2
Event: 30.965 Thread 0x000002d41a41ec70 Uncommon trap: trap_request=0xffffffd6 fr.pc=0x000002d407d8a2d4 relative=0x0000000000000ff4
Event: 30.965 Thread 0x000002d41a41ec70 Uncommon trap: reason=array_check action=maybe_recompile pc=0x000002d407d8a2d4 method=java.util.TimSort.binarySort([Ljava/lang/Object;IIILjava/util/Comparator;)V @ 215 c2
Event: 30.965 Thread 0x000002d41a41ec70 DEOPT PACKING pc=0x000002d407d8a2d4 sp=0x000000de819fedd0
Event: 30.965 Thread 0x000002d41a41ec70 DEOPT UNPACKING pc=0x000002d4074a66a3 sp=0x000000de819fecd0 mode 2
Event: 30.966 Thread 0x000002d41a41ec70 Uncommon trap: trap_request=0xffffffc6 fr.pc=0x000002d407d8e34c relative=0x0000000000000eac
Event: 30.966 Thread 0x000002d41a41ec70 Uncommon trap: reason=bimorphic_or_optimized_type_check action=maybe_recompile pc=0x000002d407d8e34c method=java.util.HashMap.putVal(ILjava/lang/Object;Ljava/lang/Object;ZZ)Ljava/lang/Object; @ 203 c2
Event: 30.966 Thread 0x000002d41a41ec70 DEOPT PACKING pc=0x000002d407d8e34c sp=0x000000de819febb0
Event: 30.966 Thread 0x000002d41a41ec70 DEOPT UNPACKING pc=0x000002d4074a66a3 sp=0x000000de819fea48 mode 2

Classes loaded (20 events):
Event: 28.047 Loading class java/util/Hashtable$ValueCollection
Event: 28.047 Loading class java/util/Hashtable$ValueCollection done
Event: 28.170 Loading class java/util/concurrent/ConcurrentHashMap$KeySpliterator
Event: 28.171 Loading class java/util/concurrent/ConcurrentHashMap$KeySpliterator done
Event: 28.211 Loading class java/nio/channels/Channels$1
Event: 28.212 Loading class java/nio/channels/Channels$1 done
Event: 29.706 Loading class java/util/stream/ReferencePipeline$4
Event: 29.706 Loading class java/util/stream/ReferencePipeline$4 done
Event: 29.707 Loading class java/util/stream/Nodes$IntFixedNodeBuilder
Event: 29.707 Loading class java/util/stream/Node$Builder$OfInt
Event: 29.708 Loading class java/util/stream/Node$Builder$OfInt done
Event: 29.708 Loading class java/util/stream/Nodes$IntArrayNode
Event: 29.708 Loading class java/util/stream/Nodes$IntArrayNode done
Event: 29.708 Loading class java/util/stream/Nodes$IntFixedNodeBuilder done
Event: 29.709 Loading class java/util/stream/ReferencePipeline$4$1
Event: 29.709 Loading class java/util/stream/ReferencePipeline$4$1 done
Event: 29.732 Loading class java/util/ArrayDeque$DeqSpliterator
Event: 29.732 Loading class java/util/ArrayDeque$DeqSpliterator done
Event: 30.817 Loading class jdk/internal/module/IllegalAccessLogger
Event: 30.817 Loading class jdk/internal/module/IllegalAccessLogger done

Classes unloaded (7 events):
Event: 12.222 Thread 0x000002d478b0ece0 Unloading class 0x0000000100258000 'java/lang/invoke/LambdaForm$MH+0x0000000100258000'
Event: 12.222 Thread 0x000002d478b0ece0 Unloading class 0x0000000100257c00 'java/lang/invoke/LambdaForm$MH+0x0000000100257c00'
Event: 12.222 Thread 0x000002d478b0ece0 Unloading class 0x0000000100257800 'java/lang/invoke/LambdaForm$MH+0x0000000100257800'
Event: 12.222 Thread 0x000002d478b0ece0 Unloading class 0x0000000100257400 'java/lang/invoke/LambdaForm$MH+0x0000000100257400'
Event: 12.222 Thread 0x000002d478b0ece0 Unloading class 0x0000000100257000 'java/lang/invoke/LambdaForm$BMH+0x0000000100257000'
Event: 12.222 Thread 0x000002d478b0ece0 Unloading class 0x0000000100256c00 'java/lang/invoke/LambdaForm$DMH+0x0000000100256c00'
Event: 12.222 Thread 0x000002d478b0ece0 Unloading class 0x0000000100254400 'java/lang/invoke/LambdaForm$DMH+0x0000000100254400'

Classes redefined (0 events):
No events

Internal exceptions (20 events):
Event: 19.494 Thread 0x000002d416eb1e90 Exception <a 'java/io/FileNotFoundException'{0x00000000ebbd8048}> (0x00000000ebbd8048) 
thrown [s\src\hotspot\share\prims\jni.cpp, line 516]
Event: 19.751 Thread 0x000002d416eb1e90 Exception <a 'java/lang/NoSuchMethodError'{0x00000000eae5b350}: 'java.lang.Object java.lang.invoke.DirectMethodHandle$Holder.invokeVirtual(java.lang.Object, java.lang.Object, java.lang.Object)'> (0x00000000eae5b350) 
thrown [s\src\hotspot\share\interpreter\linkResolver.cpp, line 759]
Event: 19.902 Thread 0x000002d47eaf5780 Exception <a 'java/lang/ExceptionInInitializerError'{0x00000000eb1a1080}> (0x00000000eb1a1080) 
thrown [s\src\hotspot\share\oops\instanceKlass.cpp, line 1218]
Event: 20.215 Thread 0x000002d47eaf5780 Implicit null exception at 0x000002d407cd2e2f to 0x000002d407cd2fd8
Event: 20.215 Thread 0x000002d47eaf5780 Implicit null exception at 0x000002d407c39b89 to 0x000002d407c3afb8
Event: 20.227 Thread 0x000002d47eaf5780 Exception <a 'java/lang/NoSuchMethodError'{0x00000000eb8582f8}: 'java.lang.Object java.lang.invoke.Invokers$Holder.invokeExact_MT(java.lang.Object, int, java.lang.Object)'> (0x00000000eb8582f8) 
thrown [s\src\hotspot\share\interpreter\linkResolver.cpp, line 759]
Event: 20.527 Thread 0x000002d416eb0f60 Implicit null exception at 0x000002d407da952c to 0x000002d407da9640
Event: 22.148 Thread 0x000002d47eaf5780 Exception <a 'java/lang/NoClassDefFoundError'{0x00000000eaf3ee18}: com/google/inject/servlet/ServletModuleTargetVisitor> (0x00000000eaf3ee18) 
thrown [s\src\hotspot\share\classfile\systemDictionary.cpp, line 245]
Event: 23.961 Thread 0x000002d416eb1e90 Exception <a 'sun/nio/fs/WindowsException'{0x00000000eb28ac40}> (0x00000000eb28ac40) 
thrown [s\src\hotspot\share\prims\jni.cpp, line 516]
Event: 24.007 Thread 0x000002d416eb1e90 Exception <a 'sun/nio/fs/WindowsException'{0x00000000eb2c8100}> (0x00000000eb2c8100) 
thrown [s\src\hotspot\share\prims\jni.cpp, line 516]
Event: 24.515 Thread 0x000002d416eb0f60 Implicit null exception at 0x000002d40800e148 to 0x000002d4080149d8
Event: 27.334 Thread 0x000002d416eb1e90 Exception <a 'java/lang/NoSuchMethodError'{0x00000000eab02398}: 'int java.lang.invoke.DirectMethodHandle$Holder.invokeSpecialIFC(java.lang.Object, java.lang.Object, java.lang.Object)'> (0x00000000eab02398) 
thrown [s\src\hotspot\share\interpreter\linkResolver.cpp, line 759]
Event: 28.029 Thread 0x000002d41a41ec70 Exception <a 'java/lang/NoSuchMethodError'{0x00000000eb0639f0}: 'int java.lang.invoke.DirectMethodHandle$Holder.invokeStatic(java.lang.Object, int, java.lang.Object)'> (0x00000000eb0639f0) 
thrown [s\src\hotspot\share\interpreter\linkResolver.cpp, line 759]
Event: 28.172 Thread 0x000002d416eb1e90 Exception <a 'java/lang/NoSuchMethodError'{0x00000000eab29c88}: 'java.lang.Object java.lang.invoke.DirectMethodHandle$Holder.invokeInterface(java.lang.Object, java.lang.Object, java.lang.Object)'> (0x00000000eab29c88) 
thrown [s\src\hotspot\share\interpreter\linkResolver.cpp, line 759]
Event: 28.195 Thread 0x000002d416eb1e90 Exception <a 'java/lang/NoSuchMethodError'{0x00000000eac07ba0}: 'java.lang.Object java.lang.invoke.DirectMethodHandle$Holder.newInvokeSpecial(java.lang.Object, java.lang.Object, int, int, java.lang.Object)'> (0x00000000eac07ba0) 
thrown [s\src\hotspot\share\interpreter\linkResolver.cpp, line 759]
Event: 29.616 Thread 0x000002d41a41ec70 Exception <a 'java/lang/NoSuchMethodError'{0x00000000eabf6de0}: 'void java.lang.invoke.DirectMethodHandle$Holder.invokeStatic(java.lang.Object, int, java.lang.Object)'> (0x00000000eabf6de0) 
thrown [s\src\hotspot\share\interpreter\linkResolver.cpp, line 759]
Event: 29.770 Thread 0x000002d41a41ec70 Exception <a 'java/lang/NoSuchMethodError'{0x00000000eb19df38}: 'java.lang.Object java.lang.invoke.DirectMethodHandle$Holder.newInvokeSpecial(java.lang.Object, java.lang.Object, java.lang.Object, java.lang.Object, int)'> (0x00000000eb19df38) 
thrown [s\src\hotspot\share\interpreter\linkResolver.cpp, line 759]
Event: 29.771 Thread 0x000002d41a41ec70 Exception <a 'java/lang/NoSuchMethodError'{0x00000000eb1a2270}: 'java.lang.Object java.lang.invoke.DirectMethodHandle$Holder.invokeSpecial(java.lang.Object, java.lang.Object, java.lang.Object, java.lang.Object, java.lang.Object, int)'> (0x00000000eb1a2270) 
thrown [s\src\hotspot\share\interpreter\linkResolver.cpp, line 759]
Event: 29.772 Thread 0x000002d41a41ec70 Exception <a 'java/lang/NoSuchMethodError'{0x00000000eb1a5f58}: 'java.lang.Object java.lang.invoke.Invokers$Holder.linkToTargetMethod(java.lang.Object, java.lang.Object, java.lang.Object, int, java.lang.Object)'> (0x00000000eb1a5f58) 
thrown [s\src\hotspot\share\interpreter\linkResolver.cpp, line 759]
Event: 30.031 Thread 0x000002d416eb1e90 Exception <a 'sun/nio/fs/WindowsException'{0x00000000eb0b25a0}> (0x00000000eb0b25a0) 
thrown [s\src\hotspot\share\prims\jni.cpp, line 516]

VM Operations (20 events):
Event: 30.250 Executing VM operation: ParallelGCFailedAllocation
Event: 30.257 Executing VM operation: ParallelGCFailedAllocation done
Event: 30.342 Executing VM operation: ParallelGCFailedAllocation
Event: 30.349 Executing VM operation: ParallelGCFailedAllocation done
Event: 30.385 Executing VM operation: ParallelGCFailedAllocation
Event: 30.394 Executing VM operation: ParallelGCFailedAllocation done
Event: 30.463 Executing VM operation: ParallelGCFailedAllocation
Event: 30.470 Executing VM operation: ParallelGCFailedAllocation done
Event: 30.570 Executing VM operation: ParallelGCFailedAllocation
Event: 30.578 Executing VM operation: ParallelGCFailedAllocation done
Event: 30.706 Executing VM operation: ParallelGCFailedAllocation
Event: 30.722 Executing VM operation: ParallelGCFailedAllocation done
Event: 30.855 Executing VM operation: ParallelGCFailedAllocation
Event: 30.860 Executing VM operation: ParallelGCFailedAllocation done
Event: 30.917 Executing VM operation: ParallelGCFailedAllocation
Event: 30.925 Executing VM operation: ParallelGCFailedAllocation done
Event: 31.018 Executing VM operation: ParallelGCFailedAllocation
Event: 31.026 Executing VM operation: ParallelGCFailedAllocation done
Event: 31.091 Executing VM operation: ParallelGCFailedAllocation
Event: 31.098 Executing VM operation: ParallelGCFailedAllocation done

Memory protections (0 events):
No events

Nmethod flushes (20 events):
Event: 28.571 Thread 0x000002d47ea432a0 flushing  nmethod 0x000002d400c9e290
Event: 28.571 Thread 0x000002d47ea432a0 flushing  nmethod 0x000002d400ca1990
Event: 28.571 Thread 0x000002d47ea432a0 flushing  nmethod 0x000002d400cba610
Event: 28.571 Thread 0x000002d47ea432a0 flushing  nmethod 0x000002d400cbe210
Event: 28.572 Thread 0x000002d47ea432a0 flushing  nmethod 0x000002d400d6d610
Event: 28.573 Thread 0x000002d47ea432a0 flushing  nmethod 0x000002d400d86c90
Event: 28.573 Thread 0x000002d47ea432a0 flushing  nmethod 0x000002d400d9b290
Event: 28.573 Thread 0x000002d47ea432a0 flushing  nmethod 0x000002d400d9bb10
Event: 28.573 Thread 0x000002d47ea432a0 flushing  nmethod 0x000002d400d9dd90
Event: 28.573 Thread 0x000002d47ea432a0 flushing  nmethod 0x000002d400de9110
Event: 28.574 Thread 0x000002d47ea432a0 flushing osr nmethod 0x000002d400e22090
Event: 28.574 Thread 0x000002d47ea432a0 flushing  nmethod 0x000002d400e28a90
Event: 28.574 Thread 0x000002d47ea432a0 flushing  nmethod 0x000002d400e28e90
Event: 28.574 Thread 0x000002d47ea432a0 flushing  nmethod 0x000002d400e29b10
Event: 28.574 Thread 0x000002d47ea432a0 flushing  nmethod 0x000002d400e57b90
Event: 28.574 Thread 0x000002d47ea432a0 flushing  nmethod 0x000002d400e73110
Event: 28.574 Thread 0x000002d47ea432a0 flushing  nmethod 0x000002d400e8e710
Event: 28.574 Thread 0x000002d47ea432a0 flushing  nmethod 0x000002d400e90110
Event: 28.575 Thread 0x000002d47ea432a0 flushing  nmethod 0x000002d400ebac90
Event: 28.576 Thread 0x000002d47ea432a0 flushing  nmethod 0x000002d400f55c10

Events (20 events):
Event: 24.585 Thread 0x000002d47ea31470 Thread added: 0x000002d4197af100
Event: 24.585 Thread 0x000002d47ea31470 Thread added: 0x000002d4197abbe0
Event: 24.586 Thread 0x000002d47ea31470 Thread added: 0x000002d4197a8c10
Event: 24.956 Thread 0x000002d4197a8c10 Thread exited: 0x000002d4197a8c10
Event: 25.005 Thread 0x000002d4197abbe0 Thread exited: 0x000002d4197abbe0
Event: 25.005 Thread 0x000002d4197af100 Thread exited: 0x000002d4197af100
Event: 27.753 Thread 0x000002d47ea31470 Thread added: 0x000002d4197afba0
Event: 27.888 Thread 0x000002d416eb1e90 Thread added: 0x000002d41a41ec70
Event: 28.201 Thread 0x000002d416eb1e90 Thread added: 0x000002d41a41b9d0
Event: 28.219 Thread 0x000002d416eb1e90 Thread added: 0x000002d41a41f180
Event: 28.712 Thread 0x000002d47ea31470 Thread added: 0x000002d4197abbe0
Event: 28.717 Thread 0x000002d47ea31470 Thread added: 0x000002d4197aebb0
Event: 29.740 Thread 0x000002d416eb1e90 Thread added: 0x000002d41a41c3f0
Event: 29.838 Thread 0x000002d416eb1e90 Thread added: 0x000002d41a41f690
Event: 30.081 Thread 0x000002d416eb1e90 Thread added: 0x000002d41a41c900
Event: 30.081 Thread 0x000002d416eb1e90 Thread added: 0x000002d41a41ce10
Event: 30.082 Thread 0x000002d416eb1e90 Thread added: 0x000002d41a418c40
Event: 31.141 Thread 0x000002d413c12010 Thread added: 0x000002d4197a8170
Event: 31.149 Thread 0x000002d416eb1e90 Thread added: 0x000002d41a419150
Event: 31.182 Thread 0x000002d413c12010 Thread added: 0x000002d4197ac130


Dynamic libraries:
0x00007ff6e2210000 - 0x00007ff6e221e000 	c:\Users\Ad\.vscode\extensions\redhat.java-1.37.0-win32-x64\jre\17.0.13-win32-x86_64\bin\java.exe
0x00007ffba3690000 - 0x00007ffba38a7000 	C:\WINDOWS\SYSTEM32\ntdll.dll
0x00007ffba2a70000 - 0x00007ffba2b34000 	C:\WINDOWS\System32\KERNEL32.DLL
0x00007ffba0d20000 - 0x00007ffba10d9000 	C:\WINDOWS\System32\KERNELBASE.dll
0x00007ffb9a980000 - 0x00007ffb9aa17000 	C:\WINDOWS\SYSTEM32\apphelp.dll
0x00007ffba0ab0000 - 0x00007ffba0bc1000 	C:\WINDOWS\System32\ucrtbase.dll
0x00007ffb8c560000 - 0x00007ffb8c577000 	c:\Users\Ad\.vscode\extensions\redhat.java-1.37.0-win32-x64\jre\17.0.13-win32-x86_64\bin\jli.dll
0x00007ffb6fa90000 - 0x00007ffb6faae000 	c:\Users\Ad\.vscode\extensions\redhat.java-1.37.0-win32-x64\jre\17.0.13-win32-x86_64\bin\VCRUNTIME140.dll
0x00007ffba1b50000 - 0x00007ffba1cfe000 	C:\WINDOWS\System32\USER32.dll
0x00007ffba0cf0000 - 0x00007ffba0d16000 	C:\WINDOWS\System32\win32u.dll
0x00007ffb6d270000 - 0x00007ffb6d502000 	C:\WINDOWS\WinSxS\amd64_microsoft.windows.common-controls_6595b64144ccf1df_6.0.22621.4391_none_2715d37f73803e96\COMCTL32.dll
0x00007ffba2850000 - 0x00007ffba2879000 	C:\WINDOWS\System32\GDI32.dll
0x00007ffba1e40000 - 0x00007ffba1ee7000 	C:\WINDOWS\System32\msvcrt.dll
0x00007ffba0990000 - 0x00007ffba0aab000 	C:\WINDOWS\System32\gdi32full.dll
0x00007ffba1250000 - 0x00007ffba12ea000 	C:\WINDOWS\System32\msvcp_win.dll
0x00007ffba2880000 - 0x00007ffba28b1000 	C:\WINDOWS\System32\IMM32.DLL
0x00007ffb87150000 - 0x00007ffb8715c000 	c:\Users\Ad\.vscode\extensions\redhat.java-1.37.0-win32-x64\jre\17.0.13-win32-x86_64\bin\vcruntime140_1.dll
0x00007ffb54840000 - 0x00007ffb548cd000 	c:\Users\Ad\.vscode\extensions\redhat.java-1.37.0-win32-x64\jre\17.0.13-win32-x86_64\bin\msvcp140.dll
0x00007ffabc690000 - 0x00007ffabd2fb000 	c:\Users\Ad\.vscode\extensions\redhat.java-1.37.0-win32-x64\jre\17.0.13-win32-x86_64\bin\server\jvm.dll
0x00007ffba2c60000 - 0x00007ffba2d12000 	C:\WINDOWS\System32\ADVAPI32.dll
0x00007ffba2770000 - 0x00007ffba2817000 	C:\WINDOWS\System32\sechost.dll
0x00007ffba0cc0000 - 0x00007ffba0ce8000 	C:\WINDOWS\System32\bcrypt.dll
0x00007ffba3040000 - 0x00007ffba3154000 	C:\WINDOWS\System32\RPCRT4.dll
0x00007ffba2fb0000 - 0x00007ffba3021000 	C:\WINDOWS\System32\WS2_32.dll
0x00007ffb9f7e0000 - 0x00007ffb9f82d000 	C:\WINDOWS\SYSTEM32\POWRPROF.dll
0x00007ffb90450000 - 0x00007ffb9045a000 	C:\WINDOWS\SYSTEM32\VERSION.dll
0x00007ffb9afe0000 - 0x00007ffb9b014000 	C:\WINDOWS\SYSTEM32\WINMM.dll
0x00007ffb9f7c0000 - 0x00007ffb9f7d3000 	C:\WINDOWS\SYSTEM32\UMPDC.dll
0x00007ffb9fa80000 - 0x00007ffb9fa98000 	C:\WINDOWS\SYSTEM32\kernel.appcore.dll
0x00007ffb87110000 - 0x00007ffb8711a000 	c:\Users\Ad\.vscode\extensions\redhat.java-1.37.0-win32-x64\jre\17.0.13-win32-x86_64\bin\jimage.dll
0x00007ffb9e320000 - 0x00007ffb9e552000 	C:\WINDOWS\SYSTEM32\DBGHELP.DLL
0x00007ffba32c0000 - 0x00007ffba364f000 	C:\WINDOWS\System32\combase.dll
0x00007ffba1d00000 - 0x00007ffba1dd7000 	C:\WINDOWS\System32\OLEAUT32.dll
0x00007ffb8b130000 - 0x00007ffb8b162000 	C:\WINDOWS\SYSTEM32\dbgcore.DLL
0x00007ffba0c40000 - 0x00007ffba0cbb000 	C:\WINDOWS\System32\bcryptPrimitives.dll
0x00007ffb86fe0000 - 0x00007ffb86fee000 	c:\Users\Ad\.vscode\extensions\redhat.java-1.37.0-win32-x64\jre\17.0.13-win32-x86_64\bin\instrument.dll
0x00007ffb5d7c0000 - 0x00007ffb5d7e5000 	c:\Users\Ad\.vscode\extensions\redhat.java-1.37.0-win32-x64\jre\17.0.13-win32-x86_64\bin\java.dll
0x00007ffb66300000 - 0x00007ffb66318000 	c:\Users\Ad\.vscode\extensions\redhat.java-1.37.0-win32-x64\jre\17.0.13-win32-x86_64\bin\zip.dll
0x00007ffba1ef0000 - 0x00007ffba2766000 	C:\WINDOWS\System32\SHELL32.dll
0x00007ffb9e890000 - 0x00007ffb9f193000 	C:\WINDOWS\SYSTEM32\windows.storage.dll
0x00007ffb9e750000 - 0x00007ffb9e88f000 	C:\WINDOWS\SYSTEM32\wintypes.dll
0x00007ffba1410000 - 0x00007ffba1509000 	C:\WINDOWS\System32\SHCORE.dll
0x00007ffba3260000 - 0x00007ffba32be000 	C:\WINDOWS\System32\shlwapi.dll
0x00007ffba08c0000 - 0x00007ffba08eb000 	C:\WINDOWS\SYSTEM32\profapi.dll
0x00007ffb655d0000 - 0x00007ffb655e9000 	C:\Users\Ad\.vscode\extensions\redhat.java-1.37.0-win32-x64\jre\17.0.13-win32-x86_64\bin\net.dll
0x00007ffb9aea0000 - 0x00007ffb9afd6000 	C:\WINDOWS\SYSTEM32\WINHTTP.dll
0x00007ffb9fef0000 - 0x00007ffb9ff59000 	C:\WINDOWS\system32\mswsock.dll
0x00007ffb649d0000 - 0x00007ffb649e6000 	C:\Users\Ad\.vscode\extensions\redhat.java-1.37.0-win32-x64\jre\17.0.13-win32-x86_64\bin\nio.dll
0x00007ffb86d70000 - 0x00007ffb86d80000 	c:\Users\Ad\.vscode\extensions\redhat.java-1.37.0-win32-x64\jre\17.0.13-win32-x86_64\bin\verify.dll
0x00007ffb56770000 - 0x00007ffb567b5000 	C:\Users\Ad\AppData\Roaming\Code\User\globalStorage\redhat.java\1.37.0\config_win\org.eclipse.equinox.launcher\org.eclipse.equinox.launcher.win32.win32.x86_64_1.2.1100.v20240722-2106\eclipse_11904.dll
0x00007ffba28c0000 - 0x00007ffba2a65000 	C:\WINDOWS\System32\ole32.dll
0x00007ffba0240000 - 0x00007ffba025b000 	C:\WINDOWS\SYSTEM32\CRYPTSP.dll
0x00007ffb9f9e0000 - 0x00007ffb9fa15000 	C:\WINDOWS\system32\rsaenh.dll
0x00007ffb9ff90000 - 0x00007ffb9ffb8000 	C:\WINDOWS\SYSTEM32\USERENV.dll
0x00007ffba0220000 - 0x00007ffba022c000 	C:\WINDOWS\SYSTEM32\CRYPTBASE.dll
0x00007ffb9f470000 - 0x00007ffb9f49d000 	C:\WINDOWS\SYSTEM32\IPHLPAPI.DLL
0x00007ffba1af0000 - 0x00007ffba1af9000 	C:\WINDOWS\System32\NSI.dll
0x00007ffb9ae80000 - 0x00007ffb9ae99000 	C:\WINDOWS\SYSTEM32\dhcpcsvc6.DLL
0x00007ffb9ae60000 - 0x00007ffb9ae7f000 	C:\WINDOWS\SYSTEM32\dhcpcsvc.DLL
0x00007ffb9f4e0000 - 0x00007ffb9f5e2000 	C:\WINDOWS\SYSTEM32\DNSAPI.dll
0x00007ffb7fbd0000 - 0x00007ffb7fc19000 	C:\Users\Ad\AppData\Local\Temp\jna-2115\jna16765283569871987651.dll
0x00007ffba2c50000 - 0x00007ffba2c58000 	C:\WINDOWS\System32\PSAPI.DLL

dbghelp: loaded successfully - version: 4.0.5 - missing functions: none
symbol engine: initialized successfully - sym options: 0x614 - pdb path: .;c:\Users\Ad\.vscode\extensions\redhat.java-1.37.0-win32-x64\jre\17.0.13-win32-x86_64\bin;C:\WINDOWS\SYSTEM32;C:\WINDOWS\WinSxS\amd64_microsoft.windows.common-controls_6595b64144ccf1df_6.0.22621.4391_none_2715d37f73803e96;c:\Users\Ad\.vscode\extensions\redhat.java-1.37.0-win32-x64\jre\17.0.13-win32-x86_64\bin\server;C:\Users\Ad\AppData\Roaming\Code\User\globalStorage\redhat.java\1.37.0\config_win\org.eclipse.equinox.launcher\org.eclipse.equinox.launcher.win32.win32.x86_64_1.2.1100.v20240722-2106;C:\Users\Ad\AppData\Local\Temp\jna-2115

VM Arguments:
jvm_args: --add-modules=ALL-SYSTEM --add-opens=java.base/java.util=ALL-UNNAMED --add-opens=java.base/java.lang=ALL-UNNAMED --add-opens=java.base/sun.nio.fs=ALL-UNNAMED -Declipse.application=org.eclipse.jdt.ls.core.id1 -Dosgi.bundles.defaultStartLevel=4 -Declipse.product=org.eclipse.jdt.ls.core.product -Djava.import.generatesMetadataFilesAtProjectRoot=false -DDetectVMInstallationsJob.disabled=true -Dfile.encoding=utf8 -XX:+UseParallelGC -XX:GCTimeRatio=4 -XX:AdaptiveSizePolicyWeight=90 -Dsun.zip.disableMemoryMapping=true -Xmx1G -Xms100m -Xlog:disable -javaagent:c:\Users\Ad\.vscode\extensions\redhat.java-1.37.0-win32-x64\lombok\lombok-1.18.34.jar -XX:+HeapDumpOnOutOfMemoryError -XX:HeapDumpPath=c:\Users\Ad\AppData\Roaming\Code\User\workspaceStorage\b95c9d7ffc3bfe689f39d6e21a554354\redhat.java -Daether.dependencyCollector.impl=bf 
java_command: c:\Users\Ad\.vscode\extensions\redhat.java-1.37.0-win32-x64\server\plugins\org.eclipse.equinox.launcher_1.6.900.v20240613-2009.jar -configuration c:\Users\Ad\AppData\Roaming\Code\User\globalStorage\redhat.java\1.37.0\config_win -data c:\Users\Ad\AppData\Roaming\Code\User\workspaceStorage\b95c9d7ffc3bfe689f39d6e21a554354\redhat.java\jdt_ws --pipe=\\.\pipe\lsp-2b34bec4e6d3e0f5835849479fb822ef-sock
java_class_path (initial): c:\Users\Ad\.vscode\extensions\redhat.java-1.37.0-win32-x64\server\plugins\org.eclipse.equinox.launcher_1.6.900.v20240613-2009.jar
Launcher Type: SUN_STANDARD

[Global flags]
    uintx AdaptiveSizePolicyWeight                 = 90                                        {product} {command line}
     intx CICompilerCount                          = 12                                        {product} {ergonomic}
    uintx GCTimeRatio                              = 4                                         {product} {command line}
     bool HeapDumpOnOutOfMemoryError               = true                                   {manageable} {command line}
    ccstr HeapDumpPath                             = c:\Users\Ad\AppData\Roaming\Code\User\workspaceStorage\b95c9d7ffc3bfe689f39d6e21a554354\redhat.java         {manageable} {command line}
   size_t InitialHeapSize                          = 104857600                                 {product} {command line}
   size_t MaxHeapSize                              = 1073741824                                {product} {command line}
   size_t MaxNewSize                               = 357564416                                 {product} {ergonomic}
   size_t MinHeapDeltaBytes                        = 524288                                    {product} {ergonomic}
   size_t MinHeapSize                              = 104857600                                 {product} {command line}
   size_t NewSize                                  = 34603008                                  {product} {ergonomic}
    uintx NonNMethodCodeHeapSize                   = 7602480                                {pd product} {ergonomic}
    uintx NonProfiledCodeHeapSize                  = 122027880                              {pd product} {ergonomic}
   size_t OldSize                                  = 70254592                                  {product} {ergonomic}
    uintx ProfiledCodeHeapSize                     = 122027880                              {pd product} {ergonomic}
    uintx ReservedCodeCacheSize                    = 251658240                              {pd product} {ergonomic}
     bool SegmentedCodeCache                       = true                                      {product} {ergonomic}
   size_t SoftMaxHeapSize                          = 1073741824                             {manageable} {ergonomic}
     bool UseCompressedClassPointers               = true                           {product lp64_product} {ergonomic}
     bool UseCompressedOops                        = true                           {product lp64_product} {ergonomic}
     bool UseLargePagesIndividualAllocation        = false                                  {pd product} {ergonomic}
     bool UseParallelGC                            = true                                      {product} {command line}

Logging:
Log output configuration:
 #0: stdout all=off uptime,level,tags
 #1: stderr all=off uptime,level,tags

Environment Variables:
JAVA_HOME=C:\Program Files\Java\jdk-20
PATH=C:\Python312\Scripts\;C:\Python312\;C:\Program Files (x86)\VMware\VMware Player\bin\;C:\Program Files\Common Files\Oracle\Java\javapath;C:\Program Files (x86)\Common Files\Oracle\Java\java8path;C:\Program Files (x86)\Common Files\Oracle\Java\javapath;C:\users\admin\appdata\roaming\npm;C:\Windows\system32;C:\Windows;C:\Windows\System32\Wbem;C:\Windows\System32\WindowsPowerShell\v1.0\;C:\Windows\System32\OpenSSH\;C:\Program Files (x86)\NVIDIA Corporation\PhysX\Common;C:\Program Files\NVIDIA Corporation\NVIDIA NvDLISR;E:\CucumberSetup\apache-maven-3.6.3\bin;C:\Program Files\Git\cmd;C:\bin;C:\Program Files\Java\jdk-20\bin;C:\Program Files\Docker\Docker\resources\bin;C:\ProgramData\DockerDesktop\version-bin;C:\WINDOWS\system32;C:\WINDOWS;C:\WINDOWS\System32\Wbem;C:\WINDOWS\System32\WindowsPowerShell\v1.0\;C:\WINDOWS\System32\OpenSSH\;C:\Program Files\dotnet\;C:\ProgramData\chocolatey\bin;"C:\Users\Ad\AppData\Roaming\npm;C:\Users\Ad\AppData\Local\Programs\Python\Python39\Scripts\;C:\Users\Ad\AppData\Local\Programs\Python\Python39\;C:\Users\Ad\AppData\Local\Microsoft\WindowsApps;%IntelliJ IDEA%;C:\Users\Ad\AppData\Local\JetBrains\Toolbox\scripts;%IntelliJ IDEA Co";C:\Program Files\MySQL\MySQL Server 8.0\bin;C:\ProgramData\nvm;C:\Program Files\nodejs;C:\Drivers;C:\Program Files\MySQL\MySQL Shell 8.0\bin\;node_modules\npm\;C:\Users\Ad\AppData\Local\Microsoft\WindowsApps;C:\Program Files\JetBrains\IntelliJ IDEA 2023.3.3\bin;;C:\Users\Ad\AppData\Local\JetBrains\Toolbox\scripts;C:\Program Files\JetBrains\IntelliJ IDEA Community Edition 2023.3.3\bin;;C:\Users\Ad\AppData\Local\Programs\Microsoft VS Code\bin;C:\Users\Ad\AppData\Roaming\npm;C:\Users\Ad\AppData\Roaming\nvm;C:\Program Files\nodejs;;C:\Program Files\JetBrains\PyCharm Community Edition 2024.2.1\bin;
USERNAME=Ad
OS=Windows_NT
PROCESSOR_IDENTIFIER=Intel64 Family 6 Model 165 Stepping 2, GenuineIntel
TMP=C:\Users\Ad\AppData\Local\Temp
TEMP=C:\Users\Ad\AppData\Local\Temp



Periodic native trim disabled


---------------  S Y S T E M  ---------------

OS:
 Windows 11 , 64 bit Build 22621 (10.0.22621.4391)
OS uptime: 27 days 20:53 hours
Hyper-V role detected

CPU: total 16 (initial active 16) (8 cores per cpu, 2 threads per core) family 6 model 165 stepping 2 microcode 0xe0, cx8, cmov, fxsr, ht, mmx, 3dnowpref, sse, sse2, sse3, ssse3, sse4.1, sse4.2, popcnt, lzcnt, tsc, tscinvbit, avx, avx2, aes, erms, clmul, bmi1, bmi2, adx, fma, vzeroupper, clflush, clflushopt, hv
Processor Information for all 16 processors :
  Max Mhz: 2304, Current Mhz: 2304, Mhz Limit: 2304

Memory: 4k page, system-wide physical 32553M (11620M free)
TotalPageFile size 130857M (AvailPageFile size 5M)
current process WorkingSet (physical memory assigned to process): 359M, peak: 360M
current process commit charge ("private bytes"): 397M, peak: 397M

vm_info: OpenJDK 64-Bit Server VM (17.0.13+11) for windows-amd64 JRE (17.0.13+11), built on Oct 16 2024 00:10:08 by "admin" with MS VC++ 17.7 (VS2022)

END.
