#
# There is insufficient memory for the Java Runtime Environment to continue.
# Native memory allocation (malloc) failed to allocate 174160 bytes. Error detail: Chunk::new
# Possible reasons:
#   The system is out of physical RAM or swap space
#   This process is running with CompressedOops enabled, and the Java Heap may be blocking the growth of the native heap
# Possible solutions:
#   Reduce memory load on the system
#   Increase physical memory or swap space
#   Check if swap backing store is full
#   Decrease Java heap size (-Xmx/-Xms)
#   Decrease number of Java threads
#   Decrease Java thread stack sizes (-Xss)
#   Set larger code cache with -XX:ReservedCodeCacheSize=
#   JVM is running with Unscaled Compressed Oops mode in which the Java heap is
#     placed in the first 4GB address space. The Java Heap base address is the
#     maximum limit for the native heap growth. Please use -XX:HeapBaseMinAddress
#     to set the Java Heap base and to place the Java Heap above 4GB virtual address.
# This output file may be truncated or incomplete.
#
#  Out of Memory Error (arena.cpp:191), pid=91168, tid=58104
#
# JRE version: OpenJDK Runtime Environment Temurin-17.0.13+11 (17.0.13+11) (build 17.0.13+11)
# Java VM: OpenJDK 64-Bit Server VM Temurin-17.0.13+11 (17.0.13+11, mixed mode, tiered, compressed oops, compressed class ptrs, parallel gc, windows-amd64)
# No core dump will be written. Minidumps are not enabled by default on client versions of Windows
#

---------------  S U M M A R Y ------------

Command Line: --add-modules=ALL-SYSTEM --add-opens=java.base/java.util=ALL-UNNAMED --add-opens=java.base/java.lang=ALL-UNNAMED --add-opens=java.base/sun.nio.fs=ALL-UNNAMED -Declipse.application=org.eclipse.jdt.ls.core.id1 -Dosgi.bundles.defaultStartLevel=4 -Declipse.product=org.eclipse.jdt.ls.core.product -Djava.import.generatesMetadataFilesAtProjectRoot=false -DDetectVMInstallationsJob.disabled=true -Dfile.encoding=utf8 -XX:+UseParallelGC -XX:GCTimeRatio=4 -XX:AdaptiveSizePolicyWeight=90 -Dsun.zip.disableMemoryMapping=true -Xmx1G -Xms100m -Xlog:disable -javaagent:c:\Users\Ad\.vscode\extensions\redhat.java-1.37.0-win32-x64\lombok\lombok-1.18.34.jar c:\Users\Ad\.vscode\extensions\redhat.java-1.37.0-win32-x64\server\plugins\org.eclipse.equinox.launcher_1.6.900.v20240613-2009.jar -configuration c:\Users\Ad\AppData\Roaming\Code\User\globalStorage\redhat.java\1.37.0\config_ss_win -data c:\Users\Ad\AppData\Roaming\Code\User\workspaceStorage\b95c9d7ffc3bfe689f39d6e21a554354\redhat.java\ss_ws --pipe=\\.\pipe\lsp-71b8e133ad7617e9b503a6630f815b80-sock

Host: Intel(R) Core(TM) i7-10875H CPU @ 2.30GHz, 16 cores, 31G,  Windows 11 , 64 bit Build 22621 (10.0.22621.4391)
Time: Sun Dec 15 23:10:59 2024 West-Europa (standaardtijd) elapsed time: 0.660220 seconds (0d 0h 0m 0s)

---------------  T H R E A D  ---------------

Current thread (0x000001c6a3c57f50):  JavaThread "C2 CompilerThread2" daemon [_thread_in_native, id=58104, stack(0x00000072a4f00000,0x00000072a5000000)]


Current CompileTask:
C2:    660  837   !   4       java.util.jar.Attributes::read (498 bytes)

Stack: [0x00000072a4f00000,0x00000072a5000000]
Native frames: (J=compiled Java code, j=interpreted, Vv=VM code, C=native code)
V  [jvm.dll+0x682a19]
V  [jvm.dll+0x839538]
V  [jvm.dll+0x83afe3]
V  [jvm.dll+0x83b653]
V  [jvm.dll+0x24704f]
V  [jvm.dll+0xace34]
V  [jvm.dll+0xad4cc]
V  [jvm.dll+0x11dd54]
V  [jvm.dll+0x614a93]
V  [jvm.dll+0x61312c]
V  [jvm.dll+0x217ece]
V  [jvm.dll+0x21748f]
V  [jvm.dll+0x1a3070]
V  [jvm.dll+0x22788c]
V  [jvm.dll+0x2259eb]
V  [jvm.dll+0x7eec98]
V  [jvm.dll+0x7e8ffc]
V  [jvm.dll+0x6818f7]
C  [ucrtbase.dll+0x29333]
C  [KERNEL32.DLL+0x1259d]
C  [ntdll.dll+0x5af38]


---------------  P R O C E S S  ---------------

Threads class SMR info:
_java_thread_list=0x000001c6a5ccf6c0, length=17, elements={
0x000001c68aa59790, 0x000001c6a3a8c030, 0x000001c6a3a8e660, 0x000001c69e8cbaf0,
0x000001c69e8cc680, 0x000001c69e8cdaa0, 0x000001c6a3ac1020, 0x000001c6a3acf520,
0x000001c6a3acffd0, 0x000001c6a3ad09d0, 0x000001c6a3bf9990, 0x000001c6a3c4f150,
0x000001c6a3c57980, 0x000001c6a3c57f50, 0x000001c6a5c37550, 0x000001c6a5c37a70,
0x000001c6a5de0af0
}

Java Threads: ( => current thread )
  0x000001c68aa59790 JavaThread "main" [_thread_in_vm, id=80956, stack(0x00000072a4000000,0x00000072a4100000)]
  0x000001c6a3a8c030 JavaThread "Reference Handler" daemon [_thread_blocked, id=18572, stack(0x00000072a4300000,0x00000072a4400000)]
  0x000001c6a3a8e660 JavaThread "Finalizer" daemon [_thread_blocked, id=2828, stack(0x00000072a4400000,0x00000072a4500000)]
  0x000001c69e8cbaf0 JavaThread "Signal Dispatcher" daemon [_thread_blocked, id=56344, stack(0x00000072a4500000,0x00000072a4600000)]
  0x000001c69e8cc680 JavaThread "Attach Listener" daemon [_thread_blocked, id=9240, stack(0x00000072a4600000,0x00000072a4700000)]
  0x000001c69e8cdaa0 JavaThread "Service Thread" daemon [_thread_blocked, id=48908, stack(0x00000072a4700000,0x00000072a4800000)]
  0x000001c6a3ac1020 JavaThread "Monitor Deflation Thread" daemon [_thread_blocked, id=34676, stack(0x00000072a4800000,0x00000072a4900000)]
  0x000001c6a3acf520 JavaThread "C2 CompilerThread0" daemon [_thread_blocked, id=8684, stack(0x00000072a4900000,0x00000072a4a00000)]
  0x000001c6a3acffd0 JavaThread "C1 CompilerThread0" daemon [_thread_blocked, id=72488, stack(0x00000072a4a00000,0x00000072a4b00000)]
  0x000001c6a3ad09d0 JavaThread "Sweeper thread" daemon [_thread_blocked, id=9960, stack(0x00000072a4b00000,0x00000072a4c00000)]
  0x000001c6a3bf9990 JavaThread "Common-Cleaner" daemon [_thread_blocked, id=101316, stack(0x00000072a4c00000,0x00000072a4d00000)]
  0x000001c6a3c4f150 JavaThread "C1 CompilerThread1" daemon [_thread_blocked, id=59912, stack(0x00000072a4d00000,0x00000072a4e00000)]
  0x000001c6a3c57980 JavaThread "C2 CompilerThread1" daemon [_thread_in_native, id=76756, stack(0x00000072a4e00000,0x00000072a4f00000)]
=>0x000001c6a3c57f50 JavaThread "C2 CompilerThread2" daemon [_thread_in_native, id=58104, stack(0x00000072a4f00000,0x00000072a5000000)]
  0x000001c6a5c37550 JavaThread "C1 CompilerThread2" daemon [_thread_blocked, id=88540, stack(0x00000072a5000000,0x00000072a5100000)]
  0x000001c6a5c37a70 JavaThread "C1 CompilerThread3" daemon [_thread_blocked, id=9848, stack(0x00000072a5100000,0x00000072a5200000)]
  0x000001c6a5de0af0 JavaThread "Notification Thread" daemon [_thread_blocked, id=25824, stack(0x00000072a5200000,0x00000072a5300000)]

Other Threads:
  0x000001c68aaeece0 VMThread "VM Thread" [stack: 0x00000072a4200000,0x00000072a4300000] [id=48744]
  0x000001c6a5dfd340 WatcherThread [stack: 0x00000072a5300000,0x00000072a5400000] [id=99472]
  0x000001c68aa6de30 GCTaskThread "GC Thread#0" [stack: 0x00000072a4100000,0x00000072a4200000] [id=11368]

Threads with active compile tasks:
C2 CompilerThread1      722  879       4       java.util.HashMap::putVal (300 bytes)
C2 CompilerThread2      723  837   !   4       java.util.jar.Attributes::read (498 bytes)

VM state: not at safepoint (normal execution)

VM Mutex/Monitor currently owned by a thread:  ([mutex/lock_event])
[0x000001c6888cd750] Metaspace_lock - owner thread: 0x000001c68aa59790

Heap address: 0x00000000c0000000, size: 1024 MB, Compressed Oops mode: 32-bit

CDS archive(s) not mapped
Compressed class space mapped at: 0x0000000100000000-0x0000000140000000, reserved size: 1073741824
Narrow klass base: 0x0000000000000000, Narrow klass shift: 3, Narrow klass range: 0x140000000

GC Precious Log:
 CPUs: 16 total, 16 available
 Memory: 32553M
 Large Page Support: Disabled
 NUMA Support: Disabled
 Compressed Oops: Enabled (32-bit)
 Alignments: Space 512K, Generation 512K, Heap 2M
 Heap Min Capacity: 100M
 Heap Initial Capacity: 100M
 Heap Max Capacity: 1G
 Pre-touch: Disabled
 Parallel Workers: 13

Heap:
 PSYoungGen      total 29696K, used 24226K [0x00000000eab00000, 0x00000000ecc00000, 0x0000000100000000)
  eden space 25600K, 94% used [0x00000000eab00000,0x00000000ec2a8870,0x00000000ec400000)
  from space 4096K, 0% used [0x00000000ec800000,0x00000000ec800000,0x00000000ecc00000)
  to   space 4096K, 0% used [0x00000000ec400000,0x00000000ec400000,0x00000000ec800000)
 ParOldGen       total 68608K, used 0K [0x00000000c0000000, 0x00000000c4300000, 0x00000000eab00000)
  object space 68608K, 0% used [0x00000000c0000000,0x00000000c0000000,0x00000000c4300000)
 Metaspace       used 10242K, committed 10368K, reserved 1114112K
  class space    used 1020K, committed 1088K, reserved 1048576K

Card table byte_map: [0x000001c68a400000,0x000001c68a610000] _byte_map_base: 0x000001c689e00000

Marking Bits: (ParMarkBitMap*) 0x00007ffabd236940
 Begin Bits: [0x000001c69c6d0000, 0x000001c69d6d0000)
 End Bits:   [0x000001c69d6d0000, 0x000001c69e6d0000)

Polling page: 0x000001c68a1f0000

Metaspace:

Usage:
  Non-class:      9.01 MB used.
      Class:   1020.07 KB used.
       Both:     10.00 MB used.

Virtual space:
  Non-class space:       64.00 MB reserved,       9.06 MB ( 14%) committed,  1 nodes.
      Class space:        1.00 GB reserved,       1.06 MB ( <1%) committed,  1 nodes.
             Both:        1.06 GB reserved,      10.12 MB ( <1%) committed. 

Chunk freelists:
   Non-Class:  6.61 MB
       Class:  14.98 MB
        Both:  21.59 MB

MaxMetaspaceSize: unlimited
CompressedClassSpaceSize: 1.00 GB
Initial GC threshold: 21.00 MB
Current GC threshold: 21.00 MB
CDS: off
MetaspaceReclaimPolicy: balanced
 - commit_granule_bytes: 65536.
 - commit_granule_words: 8192.
 - virtual_space_node_default_size: 8388608.
 - enlarge_chunks_in_place: 1.
 - new_chunks_are_fully_committed: 0.
 - uncommit_free_chunks: 1.
 - use_allocation_guard: 0.
 - handle_deallocations: 1.


Internal statistics:

num_allocs_failed_limit: 0.
num_arena_births: 16.
num_arena_deaths: 0.
num_vsnodes_births: 2.
num_vsnodes_deaths: 0.
num_space_committed: 162.
num_space_uncommitted: 0.
num_chunks_returned_to_freelist: 0.
num_chunks_taken_from_freelist: 69.
num_chunk_merges: 0.
num_chunk_splits: 46.
num_chunks_enlarged: 40.
num_inconsistent_stats: 0.

CodeHeap 'non-profiled nmethods': size=119168Kb used=370Kb max_used=370Kb free=118798Kb
 bounds [0x000001c695270000, 0x000001c6954e0000, 0x000001c69c6d0000]
CodeHeap 'profiled nmethods': size=119104Kb used=1397Kb max_used=1397Kb free=117706Kb
 bounds [0x000001c68d6d0000, 0x000001c68d940000, 0x000001c694b20000]
CodeHeap 'non-nmethods': size=7488Kb used=2828Kb max_used=2869Kb free=4659Kb
 bounds [0x000001c694b20000, 0x000001c694e00000, 0x000001c695270000]
 total_blobs=1310 nmethods=879 adapters=343
 compilation: enabled
              stopped_count=0, restarted_count=0
 full_count=0

Compilation events (20 events):
Event: 0.647 Thread 0x000001c6a3c4f150  872       3       java.util.regex.Pattern$SliceI::match (96 bytes)
Event: 0.647 Thread 0x000001c6a3c4f150 nmethod 872 0x000001c68d82a190 code [0x000001c68d82a380, 0x000001c68d82a998]
Event: 0.648 Thread 0x000001c6a3c4f150  873       3       java.util.ArrayList::<init> (61 bytes)
Event: 0.649 Thread 0x000001c6a3c4f150 nmethod 873 0x000001c68d82ab90 code [0x000001c68d82ade0, 0x000001c68d82b698]
Event: 0.649 Thread 0x000001c6a3c4f150  874       3       org.eclipse.osgi.internal.util.Tokenizer::skipWhiteSpace (58 bytes)
Event: 0.649 Thread 0x000001c6a3c4f150 nmethod 874 0x000001c68d82b990 code [0x000001c68d82bb40, 0x000001c68d82be18]
Event: 0.649 Thread 0x000001c6a3c4f150  876       3       java.util.AbstractCollection::addAll (42 bytes)
Event: 0.650 Thread 0x000001c6a3c4f150 nmethod 876 0x000001c68d82bf10 code [0x000001c68d82c100, 0x000001c68d82c618]
Event: 0.650 Thread 0x000001c6a3c4f150  877       1       java.nio.Buffer::position (5 bytes)
Event: 0.650 Thread 0x000001c6a3c4f150 nmethod 877 0x000001c6952c9e90 code [0x000001c6952ca020, 0x000001c6952ca0f8]
Event: 0.650 Thread 0x000001c6a5c37550  878       3       java.lang.StringLatin1::inflate (34 bytes)
Event: 0.650 Thread 0x000001c6a5c37550 nmethod 878 0x000001c68d82c790 code [0x000001c68d82c940, 0x000001c68d82cb38]
Event: 0.650 Thread 0x000001c6a3acf520 nmethod 871 0x000001c6952ca190 code [0x000001c6952ca320, 0x000001c6952ca558]
Event: 0.650 Thread 0x000001c6a3acf520  875       4       java.util.HashMap::put (13 bytes)
Event: 0.651 Thread 0x000001c6a3c4f150  880       3       java.lang.StringConcatHelper::newArray (40 bytes)
Event: 0.651 Thread 0x000001c6a3c4f150 nmethod 880 0x000001c68d82cc90 code [0x000001c68d82ce60, 0x000001c68d82d198]
Event: 0.651 Thread 0x000001c6a5c37a70  881       1       java.security.CodeSource::getLocationNoFragString (5 bytes)
Event: 0.651 Thread 0x000001c6a5c37a70 nmethod 881 0x000001c6952ca710 code [0x000001c6952ca8a0, 0x000001c6952ca978]
Event: 0.652 Thread 0x000001c6a3c57980 nmethod 867 0x000001c6952caa10 code [0x000001c6952cab80, 0x000001c6952cae78]
Event: 0.652 Thread 0x000001c6a3c57980  879       4       java.util.HashMap::putVal (300 bytes)

GC Heap History (0 events):
No events

Dll operation events (8 events):
Event: 0.013 Loaded shared library c:\Users\Ad\.vscode\extensions\redhat.java-1.37.0-win32-x64\jre\17.0.13-win32-x86_64\bin\java.dll
Event: 0.150 Loaded shared library c:\Users\Ad\.vscode\extensions\redhat.java-1.37.0-win32-x64\jre\17.0.13-win32-x86_64\bin\zip.dll
Event: 0.155 Loaded shared library C:\Users\Ad\.vscode\extensions\redhat.java-1.37.0-win32-x64\jre\17.0.13-win32-x86_64\bin\instrument.dll
Event: 0.170 Loaded shared library C:\Users\Ad\.vscode\extensions\redhat.java-1.37.0-win32-x64\jre\17.0.13-win32-x86_64\bin\net.dll
Event: 0.173 Loaded shared library C:\Users\Ad\.vscode\extensions\redhat.java-1.37.0-win32-x64\jre\17.0.13-win32-x86_64\bin\nio.dll
Event: 0.181 Loaded shared library C:\Users\Ad\.vscode\extensions\redhat.java-1.37.0-win32-x64\jre\17.0.13-win32-x86_64\bin\zip.dll
Event: 0.198 Loaded shared library C:\Users\Ad\.vscode\extensions\redhat.java-1.37.0-win32-x64\jre\17.0.13-win32-x86_64\bin\jimage.dll
Event: 0.257 Loaded shared library c:\Users\Ad\.vscode\extensions\redhat.java-1.37.0-win32-x64\jre\17.0.13-win32-x86_64\bin\verify.dll

Deoptimization events (20 events):
Event: 0.637 Thread 0x000001c68aa59790 Uncommon trap: trap_request=0xffffffc6 fr.pc=0x000001c6952c395c relative=0x000000000000029c
Event: 0.637 Thread 0x000001c68aa59790 Uncommon trap: reason=bimorphic_or_optimized_type_check action=maybe_recompile pc=0x000001c6952c395c method=java.util.HashMap.getNode(Ljava/lang/Object;)Ljava/util/HashMap$Node; @ 128 c2
Event: 0.637 Thread 0x000001c68aa59790 DEOPT PACKING pc=0x000001c6952c395c sp=0x00000072a40fd490
Event: 0.637 Thread 0x000001c68aa59790 DEOPT UNPACKING pc=0x000001c694b766a3 sp=0x00000072a40fd418 mode 2
Event: 0.648 Thread 0x000001c68aa59790 Uncommon trap: trap_request=0xffffffde fr.pc=0x000001c6952c14b4 relative=0x0000000000000a74
Event: 0.648 Thread 0x000001c68aa59790 Uncommon trap: reason=class_check action=maybe_recompile pc=0x000001c6952c14b4 method=java.util.HashMap.putVal(ILjava/lang/Object;Ljava/lang/Object;ZZ)Ljava/lang/Object; @ 203 c2
Event: 0.648 Thread 0x000001c68aa59790 DEOPT PACKING pc=0x000001c6952c14b4 sp=0x00000072a40fe040
Event: 0.648 Thread 0x000001c68aa59790 DEOPT UNPACKING pc=0x000001c694b766a3 sp=0x00000072a40fdf68 mode 2
Event: 0.649 Thread 0x000001c68aa59790 Uncommon trap: trap_request=0xffffffde fr.pc=0x000001c6952c14b4 relative=0x0000000000000a74
Event: 0.649 Thread 0x000001c68aa59790 Uncommon trap: reason=class_check action=maybe_recompile pc=0x000001c6952c14b4 method=java.util.HashMap.putVal(ILjava/lang/Object;Ljava/lang/Object;ZZ)Ljava/lang/Object; @ 203 c2
Event: 0.649 Thread 0x000001c68aa59790 DEOPT PACKING pc=0x000001c6952c14b4 sp=0x00000072a40fe040
Event: 0.649 Thread 0x000001c68aa59790 DEOPT UNPACKING pc=0x000001c694b766a3 sp=0x00000072a40fdf68 mode 2
Event: 0.649 Thread 0x000001c68aa59790 Uncommon trap: trap_request=0xffffffde fr.pc=0x000001c6952c14b4 relative=0x0000000000000a74
Event: 0.649 Thread 0x000001c68aa59790 Uncommon trap: reason=class_check action=maybe_recompile pc=0x000001c6952c14b4 method=java.util.HashMap.putVal(ILjava/lang/Object;Ljava/lang/Object;ZZ)Ljava/lang/Object; @ 203 c2
Event: 0.649 Thread 0x000001c68aa59790 DEOPT PACKING pc=0x000001c6952c14b4 sp=0x00000072a40fe040
Event: 0.649 Thread 0x000001c68aa59790 DEOPT UNPACKING pc=0x000001c694b766a3 sp=0x00000072a40fdf68 mode 2
Event: 0.649 Thread 0x000001c68aa59790 Uncommon trap: trap_request=0xffffffde fr.pc=0x000001c6952c14b4 relative=0x0000000000000a74
Event: 0.649 Thread 0x000001c68aa59790 Uncommon trap: reason=class_check action=maybe_recompile pc=0x000001c6952c14b4 method=java.util.HashMap.putVal(ILjava/lang/Object;Ljava/lang/Object;ZZ)Ljava/lang/Object; @ 203 c2
Event: 0.649 Thread 0x000001c68aa59790 DEOPT PACKING pc=0x000001c6952c14b4 sp=0x00000072a40fe040
Event: 0.649 Thread 0x000001c68aa59790 DEOPT UNPACKING pc=0x000001c694b766a3 sp=0x00000072a40fdf68 mode 2

Classes loaded (20 events):
Event: 0.635 Loading class sun/util/logging/PlatformLogger done
Event: 0.635 Loading class sun/util/logging/PlatformLogger$Level
Event: 0.635 Loading class sun/util/logging/PlatformLogger$Level done
Event: 0.646 Loading class java/io/BufferedReader
Event: 0.646 Loading class java/io/BufferedReader done
Event: 0.646 Loading class sun/nio/cs/StreamDecoder
Event: 0.646 Loading class sun/nio/cs/StreamDecoder done
Event: 0.646 Loading class sun/nio/cs/UTF_8$Decoder
Event: 0.646 Loading class sun/nio/cs/UTF_8$Decoder done
Event: 0.646 Loading class java/nio/charset/CoderResult
Event: 0.647 Loading class java/nio/charset/CoderResult done
Event: 0.657 Loading class java/util/Random
Event: 0.657 Loading class java/util/random/RandomGenerator
Event: 0.657 Loading class java/util/random/RandomGenerator done
Event: 0.657 Loading class java/util/Random done
Event: 0.658 Loading class java/util/UUID
Event: 0.658 Loading class java/util/UUID done
Event: 0.658 Loading class java/util/concurrent/atomic/AtomicBoolean
Event: 0.658 Loading class java/util/concurrent/atomic/AtomicBoolean done
Event: 0.658 Loading class java/lang/invoke/VarHandleInts$FieldInstanceReadWrite

Classes unloaded (0 events):
No events

Classes redefined (0 events):
No events

Internal exceptions (9 events):
Event: 0.126 Thread 0x000001c68aa59790 Exception <a 'java/lang/NoSuchMethodError'{0x00000000eacb66b0}: 'void java.lang.invoke.DirectMethodHandle$Holder.invokeStatic(java.lang.Object, java.lang.Object, java.lang.Object)'> (0x00000000eacb66b0) 
thrown [s\src\hotspot\share\interpreter\linkResolver.cpp, line 759]
Event: 0.282 Thread 0x000001c68aa59790 Exception <a 'java/lang/reflect/InvocationTargetException'{0x00000000eb16af78}> (0x00000000eb16af78) 
thrown [s\src\hotspot\share\runtime\reflection.cpp, line 1128]
Event: 0.520 Thread 0x000001c68aa59790 Exception <a 'java/lang/ClassNotFoundException'{0x00000000eb9ff3d0}: sun/net/www/protocol/c/Handler> (0x00000000eb9ff3d0) 
thrown [s\src\hotspot\share\classfile\systemDictionary.cpp, line 256]
Event: 0.524 Thread 0x000001c68aa59790 Exception <a 'java/io/FileNotFoundException'{0x00000000eba16fb8}> (0x00000000eba16fb8) 
thrown [s\src\hotspot\share\prims\jni.cpp, line 516]
Event: 0.524 Thread 0x000001c68aa59790 Exception <a 'java/io/FileNotFoundException'{0x00000000eba17ca8}> (0x00000000eba17ca8) 
thrown [s\src\hotspot\share\prims\jni.cpp, line 516]
Event: 0.525 Thread 0x000001c68aa59790 Exception <a 'java/io/FileNotFoundException'{0x00000000eba18970}> (0x00000000eba18970) 
thrown [s\src\hotspot\share\prims\jni.cpp, line 516]
Event: 0.525 Thread 0x000001c68aa59790 Exception <a 'java/io/FileNotFoundException'{0x00000000eba19630}> (0x00000000eba19630) 
thrown [s\src\hotspot\share\prims\jni.cpp, line 516]
Event: 0.529 Thread 0x000001c68aa59790 Implicit null exception at 0x000001c6952980f2 to 0x000001c695298640
Event: 0.532 Thread 0x000001c68aa59790 Exception <a 'java/io/FileNotFoundException'{0x00000000eba53ee8}> (0x00000000eba53ee8) 
thrown [s\src\hotspot\share\prims\jni.cpp, line 516]

VM Operations (8 events):
Event: 0.130 Executing VM operation: HandshakeAllThreads
Event: 0.130 Executing VM operation: HandshakeAllThreads done
Event: 0.214 Executing VM operation: HandshakeAllThreads
Event: 0.214 Executing VM operation: HandshakeAllThreads done
Event: 0.502 Executing VM operation: HandshakeAllThreads
Event: 0.502 Executing VM operation: HandshakeAllThreads done
Event: 0.515 Executing VM operation: HandshakeAllThreads
Event: 0.515 Executing VM operation: HandshakeAllThreads done

Memory protections (0 events):
No events

Nmethod flushes (0 events):
No events

Events (17 events):
Event: 0.037 Thread 0x000001c68aa59790 Thread added: 0x000001c68aa59790
Event: 0.046 Thread 0x000001c68aa59790 Thread added: 0x000001c6a3a8c030
Event: 0.046 Thread 0x000001c68aa59790 Thread added: 0x000001c6a3a8e660
Event: 0.061 Thread 0x000001c68aa59790 Thread added: 0x000001c69e8cbaf0
Event: 0.061 Thread 0x000001c68aa59790 Thread added: 0x000001c69e8cc680
Event: 0.061 Thread 0x000001c68aa59790 Thread added: 0x000001c69e8cdaa0
Event: 0.061 Thread 0x000001c68aa59790 Thread added: 0x000001c6a3ac1020
Event: 0.061 Thread 0x000001c68aa59790 Thread added: 0x000001c6a3acf520
Event: 0.061 Thread 0x000001c68aa59790 Thread added: 0x000001c6a3acffd0
Event: 0.061 Thread 0x000001c68aa59790 Thread added: 0x000001c6a3ad09d0
Event: 0.110 Thread 0x000001c68aa59790 Thread added: 0x000001c6a3bf9990
Event: 0.129 Thread 0x000001c6a3acffd0 Thread added: 0x000001c6a3c4f150
Event: 0.139 Thread 0x000001c6a3acffd0 Thread added: 0x000001c6a3c57980
Event: 0.139 Thread 0x000001c6a3acffd0 Thread added: 0x000001c6a3c57f50
Event: 0.209 Thread 0x000001c6a3acffd0 Thread added: 0x000001c6a5c37550
Event: 0.209 Thread 0x000001c6a3acffd0 Thread added: 0x000001c6a5c37a70
Event: 0.349 Thread 0x000001c68aa59790 Thread added: 0x000001c6a5de0af0


Dynamic libraries:
0x00007ff6e2210000 - 0x00007ff6e221e000 	c:\Users\Ad\.vscode\extensions\redhat.java-1.37.0-win32-x64\jre\17.0.13-win32-x86_64\bin\java.exe
0x00007ffba3690000 - 0x00007ffba38a7000 	C:\WINDOWS\SYSTEM32\ntdll.dll
0x00007ffba2a70000 - 0x00007ffba2b34000 	C:\WINDOWS\System32\KERNEL32.DLL
0x00007ffba0d20000 - 0x00007ffba10d9000 	C:\WINDOWS\System32\KERNELBASE.dll
0x00007ffb9a980000 - 0x00007ffb9aa17000 	C:\WINDOWS\SYSTEM32\apphelp.dll
0x00007ffba0ab0000 - 0x00007ffba0bc1000 	C:\WINDOWS\System32\ucrtbase.dll
0x00007ffb6fa90000 - 0x00007ffb6faae000 	c:\Users\Ad\.vscode\extensions\redhat.java-1.37.0-win32-x64\jre\17.0.13-win32-x86_64\bin\VCRUNTIME140.dll
0x00007ffb8c560000 - 0x00007ffb8c577000 	c:\Users\Ad\.vscode\extensions\redhat.java-1.37.0-win32-x64\jre\17.0.13-win32-x86_64\bin\jli.dll
0x00007ffba1b50000 - 0x00007ffba1cfe000 	C:\WINDOWS\System32\USER32.dll
0x00007ffba0cf0000 - 0x00007ffba0d16000 	C:\WINDOWS\System32\win32u.dll
0x00007ffb6d270000 - 0x00007ffb6d502000 	C:\WINDOWS\WinSxS\amd64_microsoft.windows.common-controls_6595b64144ccf1df_6.0.22621.4391_none_2715d37f73803e96\COMCTL32.dll
0x00007ffba2850000 - 0x00007ffba2879000 	C:\WINDOWS\System32\GDI32.dll
0x00007ffba0990000 - 0x00007ffba0aab000 	C:\WINDOWS\System32\gdi32full.dll
0x00007ffba1e40000 - 0x00007ffba1ee7000 	C:\WINDOWS\System32\msvcrt.dll
0x00007ffba1250000 - 0x00007ffba12ea000 	C:\WINDOWS\System32\msvcp_win.dll
0x00007ffba2880000 - 0x00007ffba28b1000 	C:\WINDOWS\System32\IMM32.DLL
0x00007ffb87150000 - 0x00007ffb8715c000 	c:\Users\Ad\.vscode\extensions\redhat.java-1.37.0-win32-x64\jre\17.0.13-win32-x86_64\bin\vcruntime140_1.dll
0x00007ffb54840000 - 0x00007ffb548cd000 	c:\Users\Ad\.vscode\extensions\redhat.java-1.37.0-win32-x64\jre\17.0.13-win32-x86_64\bin\msvcp140.dll
0x00007ffabc690000 - 0x00007ffabd2fb000 	c:\Users\Ad\.vscode\extensions\redhat.java-1.37.0-win32-x64\jre\17.0.13-win32-x86_64\bin\server\jvm.dll
0x00007ffba2c60000 - 0x00007ffba2d12000 	C:\WINDOWS\System32\ADVAPI32.dll
0x00007ffba2770000 - 0x00007ffba2817000 	C:\WINDOWS\System32\sechost.dll
0x00007ffba0cc0000 - 0x00007ffba0ce8000 	C:\WINDOWS\System32\bcrypt.dll
0x00007ffba3040000 - 0x00007ffba3154000 	C:\WINDOWS\System32\RPCRT4.dll
0x00007ffba2fb0000 - 0x00007ffba3021000 	C:\WINDOWS\System32\WS2_32.dll
0x00007ffb9f7e0000 - 0x00007ffb9f82d000 	C:\WINDOWS\SYSTEM32\POWRPROF.dll
0x00007ffb90450000 - 0x00007ffb9045a000 	C:\WINDOWS\SYSTEM32\VERSION.dll
0x00007ffb9afe0000 - 0x00007ffb9b014000 	C:\WINDOWS\SYSTEM32\WINMM.dll
0x00007ffb9f7c0000 - 0x00007ffb9f7d3000 	C:\WINDOWS\SYSTEM32\UMPDC.dll
0x00007ffb9fa80000 - 0x00007ffb9fa98000 	C:\WINDOWS\SYSTEM32\kernel.appcore.dll
0x00007ffb87110000 - 0x00007ffb8711a000 	c:\Users\Ad\.vscode\extensions\redhat.java-1.37.0-win32-x64\jre\17.0.13-win32-x86_64\bin\jimage.dll
0x00007ffb9e320000 - 0x00007ffb9e552000 	C:\WINDOWS\SYSTEM32\DBGHELP.DLL
0x00007ffba32c0000 - 0x00007ffba364f000 	C:\WINDOWS\System32\combase.dll
0x00007ffba1d00000 - 0x00007ffba1dd7000 	C:\WINDOWS\System32\OLEAUT32.dll
0x00007ffb8b130000 - 0x00007ffb8b162000 	C:\WINDOWS\SYSTEM32\dbgcore.DLL
0x00007ffba0c40000 - 0x00007ffba0cbb000 	C:\WINDOWS\System32\bcryptPrimitives.dll
0x00007ffb86fe0000 - 0x00007ffb86fee000 	c:\Users\Ad\.vscode\extensions\redhat.java-1.37.0-win32-x64\jre\17.0.13-win32-x86_64\bin\instrument.dll
0x00007ffb5d7c0000 - 0x00007ffb5d7e5000 	c:\Users\Ad\.vscode\extensions\redhat.java-1.37.0-win32-x64\jre\17.0.13-win32-x86_64\bin\java.dll
0x00007ffb66300000 - 0x00007ffb66318000 	c:\Users\Ad\.vscode\extensions\redhat.java-1.37.0-win32-x64\jre\17.0.13-win32-x86_64\bin\zip.dll
0x00007ffba1ef0000 - 0x00007ffba2766000 	C:\WINDOWS\System32\SHELL32.dll
0x00007ffb9e890000 - 0x00007ffb9f193000 	C:\WINDOWS\SYSTEM32\windows.storage.dll
0x00007ffb9e750000 - 0x00007ffb9e88f000 	C:\WINDOWS\SYSTEM32\wintypes.dll
0x00007ffba1410000 - 0x00007ffba1509000 	C:\WINDOWS\System32\SHCORE.dll
0x00007ffba3260000 - 0x00007ffba32be000 	C:\WINDOWS\System32\shlwapi.dll
0x00007ffba08c0000 - 0x00007ffba08eb000 	C:\WINDOWS\SYSTEM32\profapi.dll
0x00007ffb655d0000 - 0x00007ffb655e9000 	C:\Users\Ad\.vscode\extensions\redhat.java-1.37.0-win32-x64\jre\17.0.13-win32-x86_64\bin\net.dll
0x00007ffb9aea0000 - 0x00007ffb9afd6000 	C:\WINDOWS\SYSTEM32\WINHTTP.dll
0x00007ffb9fef0000 - 0x00007ffb9ff59000 	C:\WINDOWS\system32\mswsock.dll
0x00007ffb649d0000 - 0x00007ffb649e6000 	C:\Users\Ad\.vscode\extensions\redhat.java-1.37.0-win32-x64\jre\17.0.13-win32-x86_64\bin\nio.dll
0x00007ffb86d70000 - 0x00007ffb86d80000 	c:\Users\Ad\.vscode\extensions\redhat.java-1.37.0-win32-x64\jre\17.0.13-win32-x86_64\bin\verify.dll

dbghelp: loaded successfully - version: 4.0.5 - missing functions: none
symbol engine: initialized successfully - sym options: 0x614 - pdb path: .;c:\Users\Ad\.vscode\extensions\redhat.java-1.37.0-win32-x64\jre\17.0.13-win32-x86_64\bin;C:\WINDOWS\SYSTEM32;C:\WINDOWS\WinSxS\amd64_microsoft.windows.common-controls_6595b64144ccf1df_6.0.22621.4391_none_2715d37f73803e96;c:\Users\Ad\.vscode\extensions\redhat.java-1.37.0-win32-x64\jre\17.0.13-win32-x86_64\bin\server

VM Arguments:
jvm_args: --add-modules=ALL-SYSTEM --add-opens=java.base/java.util=ALL-UNNAMED --add-opens=java.base/java.lang=ALL-UNNAMED --add-opens=java.base/sun.nio.fs=ALL-UNNAMED -Declipse.application=org.eclipse.jdt.ls.core.id1 -Dosgi.bundles.defaultStartLevel=4 -Declipse.product=org.eclipse.jdt.ls.core.product -Djava.import.generatesMetadataFilesAtProjectRoot=false -DDetectVMInstallationsJob.disabled=true -Dfile.encoding=utf8 -XX:+UseParallelGC -XX:GCTimeRatio=4 -XX:AdaptiveSizePolicyWeight=90 -Dsun.zip.disableMemoryMapping=true -Xmx1G -Xms100m -Xlog:disable -javaagent:c:\Users\Ad\.vscode\extensions\redhat.java-1.37.0-win32-x64\lombok\lombok-1.18.34.jar 
java_command: c:\Users\Ad\.vscode\extensions\redhat.java-1.37.0-win32-x64\server\plugins\org.eclipse.equinox.launcher_1.6.900.v20240613-2009.jar -configuration c:\Users\Ad\AppData\Roaming\Code\User\globalStorage\redhat.java\1.37.0\config_ss_win -data c:\Users\Ad\AppData\Roaming\Code\User\workspaceStorage\b95c9d7ffc3bfe689f39d6e21a554354\redhat.java\ss_ws --pipe=\\.\pipe\lsp-71b8e133ad7617e9b503a6630f815b80-sock
java_class_path (initial): c:\Users\Ad\.vscode\extensions\redhat.java-1.37.0-win32-x64\server\plugins\org.eclipse.equinox.launcher_1.6.900.v20240613-2009.jar
Launcher Type: SUN_STANDARD

[Global flags]
    uintx AdaptiveSizePolicyWeight                 = 90                                        {product} {command line}
     intx CICompilerCount                          = 12                                        {product} {ergonomic}
    uintx GCTimeRatio                              = 4                                         {product} {command line}
   size_t InitialHeapSize                          = 104857600                                 {product} {command line}
   size_t MaxHeapSize                              = 1073741824                                {product} {command line}
   size_t MaxNewSize                               = 357564416                                 {product} {ergonomic}
   size_t MinHeapDeltaBytes                        = 524288                                    {product} {ergonomic}
   size_t MinHeapSize                              = 104857600                                 {product} {command line}
   size_t NewSize                                  = 34603008                                  {product} {ergonomic}
    uintx NonNMethodCodeHeapSize                   = 7602480                                {pd product} {ergonomic}
    uintx NonProfiledCodeHeapSize                  = 122027880                              {pd product} {ergonomic}
   size_t OldSize                                  = 70254592                                  {product} {ergonomic}
    uintx ProfiledCodeHeapSize                     = 122027880                              {pd product} {ergonomic}
    uintx ReservedCodeCacheSize                    = 251658240                              {pd product} {ergonomic}
     bool SegmentedCodeCache                       = true                                      {product} {ergonomic}
   size_t SoftMaxHeapSize                          = 1073741824                             {manageable} {ergonomic}
     bool UseCompressedClassPointers               = true                           {product lp64_product} {ergonomic}
     bool UseCompressedOops                        = true                           {product lp64_product} {ergonomic}
     bool UseLargePagesIndividualAllocation        = false                                  {pd product} {ergonomic}
     bool UseParallelGC                            = true                                      {product} {command line}

Logging:
Log output configuration:
 #0: stdout all=off uptime,level,tags
 #1: stderr all=off uptime,level,tags

Environment Variables:
JAVA_HOME=C:\Program Files\Java\jdk-20
PATH=C:\Python312\Scripts\;C:\Python312\;C:\Program Files (x86)\VMware\VMware Player\bin\;C:\Program Files\Common Files\Oracle\Java\javapath;C:\Program Files (x86)\Common Files\Oracle\Java\java8path;C:\Program Files (x86)\Common Files\Oracle\Java\javapath;C:\users\admin\appdata\roaming\npm;C:\Windows\system32;C:\Windows;C:\Windows\System32\Wbem;C:\Windows\System32\WindowsPowerShell\v1.0\;C:\Windows\System32\OpenSSH\;C:\Program Files (x86)\NVIDIA Corporation\PhysX\Common;C:\Program Files\NVIDIA Corporation\NVIDIA NvDLISR;E:\CucumberSetup\apache-maven-3.6.3\bin;C:\Program Files\Git\cmd;C:\bin;C:\Program Files\Java\jdk-20\bin;C:\Program Files\Docker\Docker\resources\bin;C:\ProgramData\DockerDesktop\version-bin;C:\WINDOWS\system32;C:\WINDOWS;C:\WINDOWS\System32\Wbem;C:\WINDOWS\System32\WindowsPowerShell\v1.0\;C:\WINDOWS\System32\OpenSSH\;C:\Program Files\dotnet\;C:\ProgramData\chocolatey\bin;"C:\Users\Ad\AppData\Roaming\npm;C:\Users\Ad\AppData\Local\Programs\Python\Python39\Scripts\;C:\Users\Ad\AppData\Local\Programs\Python\Python39\;C:\Users\Ad\AppData\Local\Microsoft\WindowsApps;%IntelliJ IDEA%;C:\Users\Ad\AppData\Local\JetBrains\Toolbox\scripts;%IntelliJ IDEA Co";C:\Program Files\MySQL\MySQL Server 8.0\bin;C:\ProgramData\nvm;C:\Program Files\nodejs;C:\Drivers;C:\Program Files\MySQL\MySQL Shell 8.0\bin\;node_modules\npm\;C:\Users\Ad\AppData\Local\Microsoft\WindowsApps;C:\Program Files\JetBrains\IntelliJ IDEA 2023.3.3\bin;;C:\Users\Ad\AppData\Local\JetBrains\Toolbox\scripts;C:\Program Files\JetBrains\IntelliJ IDEA Community Edition 2023.3.3\bin;;C:\Users\Ad\AppData\Local\Programs\Microsoft VS Code\bin;C:\Users\Ad\AppData\Roaming\npm;C:\Users\Ad\AppData\Roaming\nvm;C:\Program Files\nodejs;;C:\Program Files\JetBrains\PyCharm Community Edition 2024.2.1\bin;
USERNAME=Ad
OS=Windows_NT
PROCESSOR_IDENTIFIER=Intel64 Family 6 Model 165 Stepping 2, GenuineIntel
TMP=C:\Users\Ad\AppData\Local\Temp
TEMP=C:\Users\Ad\AppData\Local\Temp



Periodic native trim disabled


---------------  S Y S T E M  ---------------

OS:
 Windows 11 , 64 bit Build 22621 (10.0.22621.4391)
OS uptime: 28 days 1:30 hours
Hyper-V role detected

CPU: total 16 (initial active 16) (8 cores per cpu, 2 threads per core) family 6 model 165 stepping 2 microcode 0xe0, cx8, cmov, fxsr, ht, mmx, 3dnowpref, sse, sse2, sse3, ssse3, sse4.1, sse4.2, popcnt, lzcnt, tsc, tscinvbit, avx, avx2, aes, erms, clmul, bmi1, bmi2, adx, fma, vzeroupper, clflush, clflushopt, hv
Processor Information for all 16 processors :
  Max Mhz: 2304, Current Mhz: 2304, Mhz Limit: 2304

Memory: 4k page, system-wide physical 32553M (11297M free)
TotalPageFile size 130857M (AvailPageFile size 1M)
current process WorkingSet (physical memory assigned to process): 72M, peak: 72M
current process commit charge ("private bytes"): 217M, peak: 217M

vm_info: OpenJDK 64-Bit Server VM (17.0.13+11) for windows-amd64 JRE (17.0.13+11), built on Oct 16 2024 00:10:08 by "admin" with MS VC++ 17.7 (VS2022)

END.
