#
# There is insufficient memory for the Java Runtime Environment to continue.
# Native memory allocation (malloc) failed to allocate 1048576 bytes. Error detail: AllocateHeap
# Possible reasons:
#   The system is out of physical RAM or swap space
#   This process is running with CompressedOops enabled, and the Java Heap may be blocking the growth of the native heap
# Possible solutions:
#   Reduce memory load on the system
#   Increase physical memory or swap space
#   Check if swap backing store is full
#   Decrease Java heap size (-Xmx/-Xms)
#   Decrease number of Java threads
#   Decrease Java thread stack sizes (-Xss)
#   Set larger code cache with -XX:ReservedCodeCacheSize=
#   JVM is running with Unscaled Compressed Oops mode in which the Java heap is
#     placed in the first 4GB address space. The Java Heap base address is the
#     maximum limit for the native heap growth. Please use -XX:HeapBaseMinAddress
#     to set the Java Heap base and to place the Java Heap above 4GB virtual address.
# This output file may be truncated or incomplete.
#
#  Out of Memory Error (allocation.cpp:44), pid=17928, tid=105016
#
# JRE version:  (17.0.13+11) (build )
# Java VM: OpenJDK 64-Bit Server VM (17.0.13+11, mixed mode, tiered, compressed oops, compressed class ptrs, parallel gc, windows-amd64)
# No core dump will be written. Minidumps are not enabled by default on client versions of Windows
#

---------------  S U M M A R Y ------------

Command Line: --add-modules=ALL-SYSTEM --add-opens=java.base/java.util=ALL-UNNAMED --add-opens=java.base/java.lang=ALL-UNNAMED --add-opens=java.base/sun.nio.fs=ALL-UNNAMED -Declipse.application=org.eclipse.jdt.ls.core.id1 -Dosgi.bundles.defaultStartLevel=4 -Declipse.product=org.eclipse.jdt.ls.core.product -Djava.import.generatesMetadataFilesAtProjectRoot=false -DDetectVMInstallationsJob.disabled=true -Dfile.encoding=utf8 -XX:+UseParallelGC -XX:GCTimeRatio=4 -XX:AdaptiveSizePolicyWeight=90 -Dsun.zip.disableMemoryMapping=true -Xmx1G -Xms100m -Xlog:disable -javaagent:c:\Users\Ad\.vscode\extensions\redhat.java-1.37.0-win32-x64\lombok\lombok-1.18.34.jar -XX:+HeapDumpOnOutOfMemoryError -XX:HeapDumpPath=c:\Users\Ad\AppData\Roaming\Code\User\workspaceStorage\b95c9d7ffc3bfe689f39d6e21a554354\redhat.java -Daether.dependencyCollector.impl=bf c:\Users\Ad\.vscode\extensions\redhat.java-1.37.0-win32-x64\server\plugins\org.eclipse.equinox.launcher_1.6.900.v20240613-2009.jar -configuration c:\Users\Ad\AppData\Roaming\Code\User\globalStorage\redhat.java\1.37.0\config_win -data c:\Users\Ad\AppData\Roaming\Code\User\workspaceStorage\b95c9d7ffc3bfe689f39d6e21a554354\redhat.java\jdt_ws --pipe=\\.\pipe\lsp-a7ea66ffe5976dd676671a6d5e8e2be6-sock

Host: Intel(R) Core(TM) i7-10875H CPU @ 2.30GHz, 16 cores, 31G,  Windows 11 , 64 bit Build 22621 (10.0.22621.4391)
Time: Sun Dec 15 23:10:59 2024 West-Europa (standaardtijd) elapsed time: 0.043213 seconds (0d 0h 0m 0s)

---------------  T H R E A D  ---------------

Current thread (0x00000263b04448d0):  JavaThread "Unknown thread" [_thread_in_vm, id=105016, stack(0x000000fccdf00000,0x000000fcce000000)]

Stack: [0x000000fccdf00000,0x000000fcce000000]
Native frames: (J=compiled Java code, j=interpreted, Vv=VM code, C=native code)
V  [jvm.dll+0x682a19]
V  [jvm.dll+0x839538]
V  [jvm.dll+0x83afe3]
V  [jvm.dll+0x83b653]
V  [jvm.dll+0x24704f]
V  [jvm.dll+0xa7543]
V  [jvm.dll+0x6bfbe3]
V  [jvm.dll+0x6c075f]
V  [jvm.dll+0x68f248]
V  [jvm.dll+0x80bb63]
V  [jvm.dll+0x36b514]
V  [jvm.dll+0x7e9e3f]
V  [jvm.dll+0x3f1d7f]
V  [jvm.dll+0x3f38b1]
C  [jli.dll+0x5278]
C  [ucrtbase.dll+0x29333]
C  [KERNEL32.DLL+0x1259d]
C  [ntdll.dll+0x5af38]


---------------  P R O C E S S  ---------------

Threads class SMR info:
_java_thread_list=0x00007ffabd1c7f58, length=0, elements={
}

Java Threads: ( => current thread )

Other Threads:
  0x00000263b0458b20 GCTaskThread "GC Thread#0" [stack: 0x000000fcce000000,0x000000fcce100000] [id=52304]

=>0x00000263b04448d0 (exited) JavaThread "Unknown thread" [_thread_in_vm, id=105016, stack(0x000000fccdf00000,0x000000fcce000000)]

Threads with active compile tasks:

VM state: not at safepoint (normal execution)

VM Mutex/Monitor currently owned by a thread: None

Heap address: 0x00000000c0000000, size: 1024 MB, Compressed Oops mode: 32-bit

CDS archive(s) not mapped
Compressed class space mapped at: 0x0000000100000000-0x0000000140000000, reserved size: 1073741824
Narrow klass base: 0x0000000000000000, Narrow klass shift: 3, Narrow klass range: 0x140000000

GC Precious Log:
 CPUs: 16 total, 16 available
 Memory: 32553M
 Large Page Support: Disabled
 NUMA Support: Disabled
 Compressed Oops: Enabled (32-bit)
 Alignments: Space 512K, Generation 512K, Heap 2M
 Heap Min Capacity: 100M
 Heap Initial Capacity: 100M
 Heap Max Capacity: 1G
 Pre-touch: Disabled
 Parallel Workers: 13

Heap:
 PSYoungGen      total 29696K, used 512K [0x00000000eab00000, 0x00000000ecc00000, 0x0000000100000000)
  eden space 25600K, 2% used [0x00000000eab00000,0x00000000eab80070,0x00000000ec400000)
  from space 4096K, 0% used [0x00000000ec800000,0x00000000ec800000,0x00000000ecc00000)
  to   space 4096K, 0% used [0x00000000ec400000,0x00000000ec400000,0x00000000ec800000)
 ParOldGen       total 68608K, used 0K [0x00000000c0000000, 0x00000000c4300000, 0x00000000eab00000)
  object space 68608K, 0% used [0x00000000c0000000,0x00000000c0000000,0x00000000c4300000)
 Metaspace       used 1149K, committed 1216K, reserved 1114112K
  class space    used 101K, committed 128K, reserved 1048576K

Card table byte_map: [0x00000263afdf0000,0x00000263b0000000] _byte_map_base: 0x00000263af7f0000

Marking Bits: (ParMarkBitMap*) 0x00007ffabd236940
 Begin Bits: [0x00000263c20c0000, 0x00000263c30c0000)
 End Bits:   [0x00000263c30c0000, 0x00000263c40c0000)

Polling page: 0x00000263afbe0000

Metaspace:

Usage:
  Non-class:      1.02 MB used.
      Class:    101.05 KB used.
       Both:      1.12 MB used.

Virtual space:
  Non-class space:       64.00 MB reserved,       1.06 MB (  2%) committed,  1 nodes.
      Class space:        1.00 GB reserved,     128.00 KB ( <1%) committed,  1 nodes.
             Both:        1.06 GB reserved,       1.19 MB ( <1%) committed. 

Chunk freelists:
   Non-Class:  12.00 MB
       Class:  15.75 MB
        Both:  27.75 MB

MaxMetaspaceSize: unlimited
CompressedClassSpaceSize: 1.00 GB
Initial GC threshold: 21.00 MB
Current GC threshold: 17179869184.00 GB
CDS: off
MetaspaceReclaimPolicy: balanced
 - commit_granule_bytes: 65536.
 - commit_granule_words: 8192.
 - virtual_space_node_default_size: 8388608.
 - enlarge_chunks_in_place: 1.
 - new_chunks_are_fully_committed: 0.
 - uncommit_free_chunks: 1.
 - use_allocation_guard: 0.
 - handle_deallocations: 1.


Internal statistics:

num_allocs_failed_limit: 0.
num_arena_births: 2.
num_arena_deaths: 0.
num_vsnodes_births: 2.
num_vsnodes_deaths: 0.
num_space_committed: 19.
num_space_uncommitted: 0.
num_chunks_returned_to_freelist: 0.
num_chunks_taken_from_freelist: 3.
num_chunk_merges: 0.
num_chunk_splits: 2.
num_chunks_enlarged: 0.
num_inconsistent_stats: 0.

CodeHeap 'non-profiled nmethods': size=119168Kb used=0Kb max_used=0Kb free=119168Kb
 bounds [0x00000263bac60000, 0x00000263baed0000, 0x00000263c20c0000]
CodeHeap 'profiled nmethods': size=119104Kb used=0Kb max_used=0Kb free=119104Kb
 bounds [0x00000263b30c0000, 0x00000263b3330000, 0x00000263ba510000]
CodeHeap 'non-nmethods': size=7488Kb used=202Kb max_used=353Kb free=7285Kb
 bounds [0x00000263ba510000, 0x00000263ba780000, 0x00000263bac60000]
 total_blobs=66 nmethods=0 adapters=47
 compilation: enabled
              stopped_count=0, restarted_count=0
 full_count=0

Compilation events (0 events):
No events

GC Heap History (0 events):
No events

Dll operation events (1 events):
Event: 0.013 Loaded shared library c:\Users\Ad\.vscode\extensions\redhat.java-1.37.0-win32-x64\jre\17.0.13-win32-x86_64\bin\java.dll

Deoptimization events (0 events):
No events

Classes loaded (20 events):
Event: 0.037 Loading class java/lang/Long
Event: 0.037 Loading class java/lang/Long done
Event: 0.037 Loading class java/util/Iterator
Event: 0.037 Loading class java/util/Iterator done
Event: 0.037 Loading class java/lang/reflect/RecordComponent
Event: 0.037 Loading class java/lang/reflect/RecordComponent done
Event: 0.037 Loading class jdk/internal/vm/vector/VectorSupport
Event: 0.038 Loading class jdk/internal/vm/vector/VectorSupport done
Event: 0.038 Loading class jdk/internal/vm/vector/VectorSupport$VectorPayload
Event: 0.038 Loading class jdk/internal/vm/vector/VectorSupport$VectorPayload done
Event: 0.038 Loading class jdk/internal/vm/vector/VectorSupport$Vector
Event: 0.038 Loading class jdk/internal/vm/vector/VectorSupport$Vector done
Event: 0.038 Loading class jdk/internal/vm/vector/VectorSupport$VectorMask
Event: 0.038 Loading class jdk/internal/vm/vector/VectorSupport$VectorMask done
Event: 0.038 Loading class jdk/internal/vm/vector/VectorSupport$VectorShuffle
Event: 0.038 Loading class jdk/internal/vm/vector/VectorSupport$VectorShuffle done
Event: 0.040 Loading class java/lang/NullPointerException
Event: 0.040 Loading class java/lang/NullPointerException done
Event: 0.040 Loading class java/lang/ArithmeticException
Event: 0.040 Loading class java/lang/ArithmeticException done

Classes unloaded (0 events):
No events

Classes redefined (0 events):
No events

Internal exceptions (0 events):
No events

VM Operations (0 events):
No events

Memory protections (0 events):
No events

Nmethod flushes (0 events):
No events

Events (0 events):
No events


Dynamic libraries:
0x00007ff6e2210000 - 0x00007ff6e221e000 	c:\Users\Ad\.vscode\extensions\redhat.java-1.37.0-win32-x64\jre\17.0.13-win32-x86_64\bin\java.exe
0x00007ffba3690000 - 0x00007ffba38a7000 	C:\WINDOWS\SYSTEM32\ntdll.dll
0x00007ffba2a70000 - 0x00007ffba2b34000 	C:\WINDOWS\System32\KERNEL32.DLL
0x00007ffba0d20000 - 0x00007ffba10d9000 	C:\WINDOWS\System32\KERNELBASE.dll
0x00007ffb9a980000 - 0x00007ffb9aa17000 	C:\WINDOWS\SYSTEM32\apphelp.dll
0x00007ffba0ab0000 - 0x00007ffba0bc1000 	C:\WINDOWS\System32\ucrtbase.dll
0x00007ffb8c560000 - 0x00007ffb8c577000 	c:\Users\Ad\.vscode\extensions\redhat.java-1.37.0-win32-x64\jre\17.0.13-win32-x86_64\bin\jli.dll
0x00007ffb6fa90000 - 0x00007ffb6faae000 	c:\Users\Ad\.vscode\extensions\redhat.java-1.37.0-win32-x64\jre\17.0.13-win32-x86_64\bin\VCRUNTIME140.dll
0x00007ffba1b50000 - 0x00007ffba1cfe000 	C:\WINDOWS\System32\USER32.dll
0x00007ffba0cf0000 - 0x00007ffba0d16000 	C:\WINDOWS\System32\win32u.dll
0x00007ffb6d270000 - 0x00007ffb6d502000 	C:\WINDOWS\WinSxS\amd64_microsoft.windows.common-controls_6595b64144ccf1df_6.0.22621.4391_none_2715d37f73803e96\COMCTL32.dll
0x00007ffba2850000 - 0x00007ffba2879000 	C:\WINDOWS\System32\GDI32.dll
0x00007ffba0990000 - 0x00007ffba0aab000 	C:\WINDOWS\System32\gdi32full.dll
0x00007ffba1e40000 - 0x00007ffba1ee7000 	C:\WINDOWS\System32\msvcrt.dll
0x00007ffba1250000 - 0x00007ffba12ea000 	C:\WINDOWS\System32\msvcp_win.dll
0x00007ffba2880000 - 0x00007ffba28b1000 	C:\WINDOWS\System32\IMM32.DLL
0x00007ffb87150000 - 0x00007ffb8715c000 	c:\Users\Ad\.vscode\extensions\redhat.java-1.37.0-win32-x64\jre\17.0.13-win32-x86_64\bin\vcruntime140_1.dll
0x00007ffb54840000 - 0x00007ffb548cd000 	c:\Users\Ad\.vscode\extensions\redhat.java-1.37.0-win32-x64\jre\17.0.13-win32-x86_64\bin\msvcp140.dll
0x00007ffabc690000 - 0x00007ffabd2fb000 	c:\Users\Ad\.vscode\extensions\redhat.java-1.37.0-win32-x64\jre\17.0.13-win32-x86_64\bin\server\jvm.dll
0x00007ffba2c60000 - 0x00007ffba2d12000 	C:\WINDOWS\System32\ADVAPI32.dll
0x00007ffba2770000 - 0x00007ffba2817000 	C:\WINDOWS\System32\sechost.dll
0x00007ffba0cc0000 - 0x00007ffba0ce8000 	C:\WINDOWS\System32\bcrypt.dll
0x00007ffba3040000 - 0x00007ffba3154000 	C:\WINDOWS\System32\RPCRT4.dll
0x00007ffba2fb0000 - 0x00007ffba3021000 	C:\WINDOWS\System32\WS2_32.dll
0x00007ffb9f7e0000 - 0x00007ffb9f82d000 	C:\WINDOWS\SYSTEM32\POWRPROF.dll
0x00007ffb9afe0000 - 0x00007ffb9b014000 	C:\WINDOWS\SYSTEM32\WINMM.dll
0x00007ffb90450000 - 0x00007ffb9045a000 	C:\WINDOWS\SYSTEM32\VERSION.dll
0x00007ffb9f7c0000 - 0x00007ffb9f7d3000 	C:\WINDOWS\SYSTEM32\UMPDC.dll
0x00007ffb9fa80000 - 0x00007ffb9fa98000 	C:\WINDOWS\SYSTEM32\kernel.appcore.dll
0x00007ffb87110000 - 0x00007ffb8711a000 	c:\Users\Ad\.vscode\extensions\redhat.java-1.37.0-win32-x64\jre\17.0.13-win32-x86_64\bin\jimage.dll
0x00007ffb9e320000 - 0x00007ffb9e552000 	C:\WINDOWS\SYSTEM32\DBGHELP.DLL
0x00007ffba32c0000 - 0x00007ffba364f000 	C:\WINDOWS\System32\combase.dll
0x00007ffba1d00000 - 0x00007ffba1dd7000 	C:\WINDOWS\System32\OLEAUT32.dll
0x00007ffb8b130000 - 0x00007ffb8b162000 	C:\WINDOWS\SYSTEM32\dbgcore.DLL
0x00007ffba0c40000 - 0x00007ffba0cbb000 	C:\WINDOWS\System32\bcryptPrimitives.dll
0x00007ffb86fe0000 - 0x00007ffb86fee000 	c:\Users\Ad\.vscode\extensions\redhat.java-1.37.0-win32-x64\jre\17.0.13-win32-x86_64\bin\instrument.dll
0x00007ffb5d7c0000 - 0x00007ffb5d7e5000 	c:\Users\Ad\.vscode\extensions\redhat.java-1.37.0-win32-x64\jre\17.0.13-win32-x86_64\bin\java.dll
0x00007ffb66300000 - 0x00007ffb66318000 	c:\Users\Ad\.vscode\extensions\redhat.java-1.37.0-win32-x64\jre\17.0.13-win32-x86_64\bin\zip.dll

dbghelp: loaded successfully - version: 4.0.5 - missing functions: none
symbol engine: initialized successfully - sym options: 0x614 - pdb path: .;c:\Users\Ad\.vscode\extensions\redhat.java-1.37.0-win32-x64\jre\17.0.13-win32-x86_64\bin;C:\WINDOWS\SYSTEM32;C:\WINDOWS\WinSxS\amd64_microsoft.windows.common-controls_6595b64144ccf1df_6.0.22621.4391_none_2715d37f73803e96;c:\Users\Ad\.vscode\extensions\redhat.java-1.37.0-win32-x64\jre\17.0.13-win32-x86_64\bin\server

VM Arguments:
jvm_args: --add-modules=ALL-SYSTEM --add-opens=java.base/java.util=ALL-UNNAMED --add-opens=java.base/java.lang=ALL-UNNAMED --add-opens=java.base/sun.nio.fs=ALL-UNNAMED -Declipse.application=org.eclipse.jdt.ls.core.id1 -Dosgi.bundles.defaultStartLevel=4 -Declipse.product=org.eclipse.jdt.ls.core.product -Djava.import.generatesMetadataFilesAtProjectRoot=false -DDetectVMInstallationsJob.disabled=true -Dfile.encoding=utf8 -XX:+UseParallelGC -XX:GCTimeRatio=4 -XX:AdaptiveSizePolicyWeight=90 -Dsun.zip.disableMemoryMapping=true -Xmx1G -Xms100m -Xlog:disable -javaagent:c:\Users\Ad\.vscode\extensions\redhat.java-1.37.0-win32-x64\lombok\lombok-1.18.34.jar -XX:+HeapDumpOnOutOfMemoryError -XX:HeapDumpPath=c:\Users\Ad\AppData\Roaming\Code\User\workspaceStorage\b95c9d7ffc3bfe689f39d6e21a554354\redhat.java -Daether.dependencyCollector.impl=bf 
java_command: c:\Users\Ad\.vscode\extensions\redhat.java-1.37.0-win32-x64\server\plugins\org.eclipse.equinox.launcher_1.6.900.v20240613-2009.jar -configuration c:\Users\Ad\AppData\Roaming\Code\User\globalStorage\redhat.java\1.37.0\config_win -data c:\Users\Ad\AppData\Roaming\Code\User\workspaceStorage\b95c9d7ffc3bfe689f39d6e21a554354\redhat.java\jdt_ws --pipe=\\.\pipe\lsp-a7ea66ffe5976dd676671a6d5e8e2be6-sock
java_class_path (initial): c:\Users\Ad\.vscode\extensions\redhat.java-1.37.0-win32-x64\server\plugins\org.eclipse.equinox.launcher_1.6.900.v20240613-2009.jar
Launcher Type: SUN_STANDARD

[Global flags]
    uintx AdaptiveSizePolicyWeight                 = 90                                        {product} {command line}
     intx CICompilerCount                          = 12                                        {product} {ergonomic}
    uintx GCTimeRatio                              = 4                                         {product} {command line}
     bool HeapDumpOnOutOfMemoryError               = true                                   {manageable} {command line}
    ccstr HeapDumpPath                             = c:\Users\Ad\AppData\Roaming\Code\User\workspaceStorage\b95c9d7ffc3bfe689f39d6e21a554354\redhat.java         {manageable} {command line}
   size_t InitialHeapSize                          = 104857600                                 {product} {command line}
   size_t MaxHeapSize                              = 1073741824                                {product} {command line}
   size_t MaxNewSize                               = 357564416                                 {product} {ergonomic}
   size_t MinHeapDeltaBytes                        = 524288                                    {product} {ergonomic}
   size_t MinHeapSize                              = 104857600                                 {product} {command line}
   size_t NewSize                                  = 34603008                                  {product} {ergonomic}
    uintx NonNMethodCodeHeapSize                   = 7602480                                {pd product} {ergonomic}
    uintx NonProfiledCodeHeapSize                  = 122027880                              {pd product} {ergonomic}
   size_t OldSize                                  = 70254592                                  {product} {ergonomic}
    uintx ProfiledCodeHeapSize                     = 122027880                              {pd product} {ergonomic}
    uintx ReservedCodeCacheSize                    = 251658240                              {pd product} {ergonomic}
     bool SegmentedCodeCache                       = true                                      {product} {ergonomic}
   size_t SoftMaxHeapSize                          = 1073741824                             {manageable} {ergonomic}
     bool UseCompressedClassPointers               = true                           {product lp64_product} {ergonomic}
     bool UseCompressedOops                        = true                           {product lp64_product} {ergonomic}
     bool UseLargePagesIndividualAllocation        = false                                  {pd product} {ergonomic}
     bool UseParallelGC                            = true                                      {product} {command line}

Logging:
Log output configuration:
 #0: stdout all=off uptime,level,tags
 #1: stderr all=off uptime,level,tags

Environment Variables:
JAVA_HOME=C:\Program Files\Java\jdk-20
PATH=C:\Python312\Scripts\;C:\Python312\;C:\Program Files (x86)\VMware\VMware Player\bin\;C:\Program Files\Common Files\Oracle\Java\javapath;C:\Program Files (x86)\Common Files\Oracle\Java\java8path;C:\Program Files (x86)\Common Files\Oracle\Java\javapath;C:\users\admin\appdata\roaming\npm;C:\Windows\system32;C:\Windows;C:\Windows\System32\Wbem;C:\Windows\System32\WindowsPowerShell\v1.0\;C:\Windows\System32\OpenSSH\;C:\Program Files (x86)\NVIDIA Corporation\PhysX\Common;C:\Program Files\NVIDIA Corporation\NVIDIA NvDLISR;E:\CucumberSetup\apache-maven-3.6.3\bin;C:\Program Files\Git\cmd;C:\bin;C:\Program Files\Java\jdk-20\bin;C:\Program Files\Docker\Docker\resources\bin;C:\ProgramData\DockerDesktop\version-bin;C:\WINDOWS\system32;C:\WINDOWS;C:\WINDOWS\System32\Wbem;C:\WINDOWS\System32\WindowsPowerShell\v1.0\;C:\WINDOWS\System32\OpenSSH\;C:\Program Files\dotnet\;C:\ProgramData\chocolatey\bin;"C:\Users\Ad\AppData\Roaming\npm;C:\Users\Ad\AppData\Local\Programs\Python\Python39\Scripts\;C:\Users\Ad\AppData\Local\Programs\Python\Python39\;C:\Users\Ad\AppData\Local\Microsoft\WindowsApps;%IntelliJ IDEA%;C:\Users\Ad\AppData\Local\JetBrains\Toolbox\scripts;%IntelliJ IDEA Co";C:\Program Files\MySQL\MySQL Server 8.0\bin;C:\ProgramData\nvm;C:\Program Files\nodejs;C:\Drivers;C:\Program Files\MySQL\MySQL Shell 8.0\bin\;node_modules\npm\;C:\Users\Ad\AppData\Local\Microsoft\WindowsApps;C:\Program Files\JetBrains\IntelliJ IDEA 2023.3.3\bin;;C:\Users\Ad\AppData\Local\JetBrains\Toolbox\scripts;C:\Program Files\JetBrains\IntelliJ IDEA Community Edition 2023.3.3\bin;;C:\Users\Ad\AppData\Local\Programs\Microsoft VS Code\bin;C:\Users\Ad\AppData\Roaming\npm;C:\Users\Ad\AppData\Roaming\nvm;C:\Program Files\nodejs;;C:\Program Files\JetBrains\PyCharm Community Edition 2024.2.1\bin;
USERNAME=Ad
OS=Windows_NT
PROCESSOR_IDENTIFIER=Intel64 Family 6 Model 165 Stepping 2, GenuineIntel
TMP=C:\Users\Ad\AppData\Local\Temp
TEMP=C:\Users\Ad\AppData\Local\Temp



Periodic native trim disabled


---------------  S Y S T E M  ---------------

OS:
 Windows 11 , 64 bit Build 22621 (10.0.22621.4391)
OS uptime: 28 days 1:30 hours
Hyper-V role detected

CPU: total 16 (initial active 16) (8 cores per cpu, 2 threads per core) family 6 model 165 stepping 2 microcode 0xe0, cx8, cmov, fxsr, ht, mmx, 3dnowpref, sse, sse2, sse3, ssse3, sse4.1, sse4.2, popcnt, lzcnt, tsc, tscinvbit, avx, avx2, aes, erms, clmul, bmi1, bmi2, adx, fma, vzeroupper, clflush, clflushopt, hv
Processor Information for all 16 processors :
  Max Mhz: 2304, Current Mhz: 2304, Mhz Limit: 2304

Memory: 4k page, system-wide physical 32553M (11299M free)
TotalPageFile size 130857M (AvailPageFile size 5M)
current process WorkingSet (physical memory assigned to process): 17M, peak: 17M
current process commit charge ("private bytes"): 184M, peak: 185M

vm_info: OpenJDK 64-Bit Server VM (17.0.13+11) for windows-amd64 JRE (17.0.13+11), built on Oct 16 2024 00:10:08 by "admin" with MS VC++ 17.7 (VS2022)

END.
